#
# There is insufficient memory for the Java Runtime Environment to continue.
# Native memory allocation (malloc) failed to allocate 613056 bytes. Error detail: Chunk::new
# Possible reasons:
#   The system is out of physical RAM or swap space
#   This process is running with CompressedOops enabled, and the Java Heap may be blocking the growth of the native heap
# Possible solutions:
#   Reduce memory load on the system
#   Increase physical memory or swap space
#   Check if swap backing store is full
#   Decrease Java heap size (-Xmx/-Xms)
#   Decrease number of Java threads
#   Decrease Java thread stack sizes (-Xss)
#   Set larger code cache with -XX:ReservedCodeCacheSize=
#   JVM is running with Unscaled Compressed Oops mode in which the Java heap is
#     placed in the first 4GB address space. The Java Heap base address is the
#     maximum limit for the native heap growth. Please use -XX:HeapBaseMinAddress
#     to set the Java Heap base and to place the Java Heap above 4GB virtual address.
# This output file may be truncated or incomplete.
#
#  Out of Memory Error (arena.cpp:168), pid=33396, tid=5480
#
# JRE version: OpenJDK Runtime Environment (21.0.8) (build 21.0.8+-14196175-b1038.72)
# Java VM: OpenJDK 64-Bit Server VM (21.0.8+-14196175-b1038.72, mixed mode, tiered, compressed oops, compressed class ptrs, g1 gc, windows-amd64)
# No core dump will be written. Minidumps are not enabled by default on client versions of Windows
#

---------------  S U M M A R Y ------------

Command Line: --add-opens=java.base/java.lang=ALL-UNNAMED --add-opens=java.base/java.lang.invoke=ALL-UNNAMED --add-opens=java.base/java.util=ALL-UNNAMED --add-opens=java.prefs/java.util.prefs=ALL-UNNAMED --add-exports=jdk.compiler/com.sun.tools.javac.api=ALL-UNNAMED --add-exports=jdk.compiler/com.sun.tools.javac.util=ALL-UNNAMED --add-opens=java.base/java.util=ALL-UNNAMED --add-opens=java.prefs/java.util.prefs=ALL-UNNAMED --add-opens=java.base/java.nio.charset=ALL-UNNAMED --add-opens=java.base/java.net=ALL-UNNAMED --add-opens=java.base/java.util.concurrent.atomic=ALL-UNNAMED --add-opens=java.xml/javax.xml.namespace=ALL-UNNAMED -Xmx2048m -Dfile.encoding=UTF-8 -Duser.country=IN -Duser.language=en -Duser.variant -javaagent:C:\Users\ASUS\.gradle\wrapper\dists\gradle-8.13-bin\5xuhj0ry160q40clulazy9h7d\gradle-8.13\lib\agents\gradle-instrumentation-agent-8.13.jar org.gradle.launcher.daemon.bootstrap.GradleDaemon 8.13

Host: 12th Gen Intel(R) Core(TM) i5-12500H, 16 cores, 15G,  Windows 11 , 64 bit Build 26100 (10.0.26100.7705)
Time: Thu Feb 19 01:37:17 2026 India Standard Time elapsed time: 37.831518 seconds (0d 0h 0m 37s)

---------------  T H R E A D  ---------------

Current thread (0x00000293bf2408d0):  JavaThread "C2 CompilerThread1" daemon [_thread_in_native, id=5480, stack(0x000000bd81300000,0x000000bd81400000) (1024K)]


Current CompileTask:
C2:37831 10759       4       com.google.common.collect.ImmutableSet::copyOf (76 bytes)

Stack: [0x000000bd81300000,0x000000bd81400000]
Native frames: (J=compiled Java code, j=interpreted, Vv=VM code, C=native code)
V  [jvm.dll+0x6d68d9]
V  [jvm.dll+0x866693]
V  [jvm.dll+0x868c4e]
V  [jvm.dll+0x869333]
V  [jvm.dll+0x280566]
V  [jvm.dll+0xc07cd]
V  [jvm.dll+0xc0d03]
V  [jvm.dll+0x2f5970]
V  [jvm.dll+0x5ff719]
V  [jvm.dll+0x252362]
V  [jvm.dll+0x24ab5d]
V  [jvm.dll+0x24871e]
V  [jvm.dll+0x1c73a4]
V  [jvm.dll+0x257f9e]
V  [jvm.dll+0x2564e6]
V  [jvm.dll+0x3f4696]
V  [jvm.dll+0x80eac8]
V  [jvm.dll+0x6d512d]
C  [ucrtbase.dll+0x37b0]
C  [KERNEL32.DLL+0x2e8d7]
C  [ntdll.dll+0x8c40c]


---------------  P R O C E S S  ---------------

Threads class SMR info:
_java_thread_list=0x00000293bf9ce800, length=59, elements={
0x00000293999161d0, 0x00000293b1cad4a0, 0x00000293b1cadf00, 0x00000293b1cae570,
0x00000293b1cdd970, 0x00000293b1cde3d0, 0x00000293b1cdf700, 0x00000293b1ccb140,
0x00000293b1ccc3b0, 0x00000293b1ccce50, 0x00000293b210f7a0, 0x00000293b81726b0,
0x00000293b80ba8f0, 0x00000293b755b190, 0x00000293b7968410, 0x00000293b7968a80,
0x00000293b751a4e0, 0x00000293b751b830, 0x00000293b7965230, 0x00000293b7963160,
0x00000293b7962ad0, 0x00000293b79637f0, 0x00000293b7963e80, 0x00000293b7964ba0,
0x00000293b8bbcfb0, 0x00000293b8bbe360, 0x00000293b8bbe9f0, 0x00000293b8bbd640,
0x00000293b8bbf710, 0x00000293b8bbc920, 0x00000293b8bc1150, 0x00000293b8bc17e0,
0x00000293bb422c70, 0x00000293bb423300, 0x00000293bb420ba0, 0x00000293bb4218c0,
0x00000293bb421f50, 0x00000293bb4225e0, 0x00000293bb854c50, 0x00000293bb855970,
0x00000293bb8573b0, 0x00000293bb857a40, 0x00000293bb856690, 0x00000293bb856d20,
0x00000293bb8580d0, 0x00000293bb858df0, 0x00000293bb8552e0, 0x00000293bb85aec0,
0x00000293bb859480, 0x00000293bb85b550, 0x00000293bb859b10, 0x00000293bb85a1a0,
0x00000293bb85c270, 0x00000293b8bc2500, 0x00000293b8bc3f40, 0x00000293bf242410,
0x00000293bf243f50, 0x00000293bf2431b0, 0x00000293bf2408d0
}

Java Threads: ( => current thread )
  0x00000293999161d0 JavaThread "main"                              [_thread_blocked, id=17532, stack(0x000000bdfbe00000,0x000000bdfbf00000) (1024K)]
  0x00000293b1cad4a0 JavaThread "Common-Cleaner"             daemon [_thread_blocked, id=11852, stack(0x000000bdfc600000,0x000000bdfc700000) (1024K)]
  0x00000293b1cadf00 JavaThread "Reference Handler"          daemon [_thread_blocked, id=29740, stack(0x000000bdfc700000,0x000000bdfc800000) (1024K)]
  0x00000293b1cae570 JavaThread "Finalizer"                  daemon [_thread_blocked, id=20192, stack(0x000000bdfc800000,0x000000bdfc900000) (1024K)]
  0x00000293b1cdd970 JavaThread "Signal Dispatcher"          daemon [_thread_blocked, id=16172, stack(0x000000bdfc900000,0x000000bdfca00000) (1024K)]
  0x00000293b1cde3d0 JavaThread "Attach Listener"            daemon [_thread_blocked, id=23484, stack(0x000000bdfca00000,0x000000bdfcb00000) (1024K)]
  0x00000293b1cdf700 JavaThread "Service Thread"             daemon [_thread_blocked, id=18456, stack(0x000000bdfcb00000,0x000000bdfcc00000) (1024K)]
  0x00000293b1ccb140 JavaThread "Monitor Deflation Thread"   daemon [_thread_blocked, id=32968, stack(0x000000bdfcc00000,0x000000bdfcd00000) (1024K)]
  0x00000293b1ccc3b0 JavaThread "C2 CompilerThread0"         daemon [_thread_in_vm, id=33436, stack(0x000000bdfcd00000,0x000000bdfce00000) (1024K)]
  0x00000293b1ccce50 JavaThread "C1 CompilerThread0"         daemon [_thread_blocked, id=28208, stack(0x000000bdfce00000,0x000000bdfcf00000) (1024K)]
  0x00000293b210f7a0 JavaThread "Notification Thread"        daemon [_thread_blocked, id=28068, stack(0x000000bdfd200000,0x000000bdfd300000) (1024K)]
  0x00000293b81726b0 JavaThread "Daemon health stats"               [_thread_blocked, id=32748, stack(0x000000bdfd800000,0x000000bdfd900000) (1024K)]
  0x00000293b80ba8f0 JavaThread "Incoming local TCP Connector on port 52381"        [_thread_in_native, id=22592, stack(0x000000bdfd900000,0x000000bdfda00000) (1024K)]
  0x00000293b755b190 JavaThread "Daemon periodic checks"            [_thread_blocked, id=22508, stack(0x000000bdfdb00000,0x000000bdfdc00000) (1024K)]
  0x00000293b7968410 JavaThread "Daemon"                            [_thread_blocked, id=33232, stack(0x000000bdfdc00000,0x000000bdfdd00000) (1024K)]
  0x00000293b7968a80 JavaThread "Handler for socket connection from /127.0.0.1:52381 to /127.0.0.1:52382"        [_thread_in_native, id=33240, stack(0x000000bdfdd00000,0x000000bdfde00000) (1024K)]
  0x00000293b751a4e0 JavaThread "Cancel handler"                    [_thread_blocked, id=33244, stack(0x000000bdfde00000,0x000000bdfdf00000) (1024K)]
  0x00000293b751b830 JavaThread "Daemon worker"                     [_thread_in_Java, id=33224, stack(0x000000bdfdf00000,0x000000bdfe000000) (1024K)]
  0x00000293b7965230 JavaThread "Asynchronous log dispatcher for DefaultDaemonConnection: socket connection from /127.0.0.1:52381 to /127.0.0.1:52382"        [_thread_blocked, id=33256, stack(0x000000bdfe000000,0x000000bdfe100000) (1024K)]
  0x00000293b7963160 JavaThread "Stdin handler"                     [_thread_blocked, id=33220, stack(0x000000bdfe100000,0x000000bdfe200000) (1024K)]
  0x00000293b7962ad0 JavaThread "Daemon client event forwarder"        [_thread_blocked, id=33236, stack(0x000000bdfe200000,0x000000bdfe300000) (1024K)]
  0x00000293b79637f0 JavaThread "Cache worker for journal cache (C:\Users\ASUS\.gradle\caches\journal-1)"        [_thread_blocked, id=11684, stack(0x000000bdfeb00000,0x000000bdfec00000) (1024K)]
  0x00000293b7963e80 JavaThread "File lock request listener"        [_thread_in_native, id=18524, stack(0x000000bdfec00000,0x000000bdfed00000) (1024K)]
  0x00000293b7964ba0 JavaThread "Cache worker for file hash cache (C:\Users\ASUS\.gradle\caches\8.13\fileHashes)"        [_thread_blocked, id=32780, stack(0x000000bdfee00000,0x000000bdfef00000) (1024K)]
  0x00000293b8bbcfb0 JavaThread "Cache worker for file hash cache (C:\Users\ASUS\MAJORPROJECT\.gradle\8.13\fileHashes)"        [_thread_blocked, id=16584, stack(0x000000bdfed00000,0x000000bdfee00000) (1024K)]
  0x00000293b8bbe360 JavaThread "Cache worker for Build Output Cleanup Cache (C:\Users\ASUS\MAJORPROJECT\.gradle\buildOutputCleanup)"        [_thread_blocked, id=1032, stack(0x000000bdfef00000,0x000000bdff000000) (1024K)]
  0x00000293b8bbe9f0 JavaThread "File watcher server"        daemon [_thread_in_native, id=6220, stack(0x000000bdff100000,0x000000bdff200000) (1024K)]
  0x00000293b8bbd640 JavaThread "File watcher consumer"      daemon [_thread_blocked, id=23328, stack(0x000000bdff200000,0x000000bdff300000) (1024K)]
  0x00000293b8bbf710 JavaThread "jar transforms"                    [_thread_blocked, id=32468, stack(0x000000bdff000000,0x000000bdff100000) (1024K)]
  0x00000293b8bbc920 JavaThread "jar transforms Thread 2"           [_thread_blocked, id=14796, stack(0x000000bdff300000,0x000000bdff400000) (1024K)]
  0x00000293b8bc1150 JavaThread "Cache worker for checksums cache (C:\Users\ASUS\MAJORPROJECT\.gradle\8.13\checksums)"        [_thread_blocked, id=7468, stack(0x000000bdff700000,0x000000bdff800000) (1024K)]
  0x00000293b8bc17e0 JavaThread "Cache worker for file content cache (C:\Users\ASUS\.gradle\caches\8.13\fileContent)"        [_thread_blocked, id=33592, stack(0x000000bdff800000,0x000000bdff900000) (1024K)]
  0x00000293bb422c70 JavaThread "jar transforms Thread 3"           [_thread_blocked, id=7980, stack(0x000000bdffa00000,0x000000bdffb00000) (1024K)]
  0x00000293bb423300 JavaThread "Cache worker for cache directory md-supplier (C:\Users\ASUS\.gradle\caches\8.13\md-supplier)"        [_thread_blocked, id=26280, stack(0x000000bdff900000,0x000000bdffa00000) (1024K)]
  0x00000293bb420ba0 JavaThread "Cache worker for cache directory md-rule (C:\Users\ASUS\.gradle\caches\8.13\md-rule)"        [_thread_blocked, id=21072, stack(0x000000bdffb00000,0x000000bdffc00000) (1024K)]
  0x00000293bb4218c0 JavaThread "Unconstrained build operations"        [_thread_blocked, id=2596, stack(0x000000bdffc00000,0x000000bdffd00000) (1024K)]
  0x00000293bb421f50 JavaThread "Unconstrained build operations Thread 2"        [_thread_blocked, id=33484, stack(0x000000bdffd00000,0x000000bdffe00000) (1024K)]
  0x00000293bb4225e0 JavaThread "Unconstrained build operations Thread 3"        [_thread_blocked, id=15800, stack(0x000000bdffe00000,0x000000bdfff00000) (1024K)]
  0x00000293bb854c50 JavaThread "Unconstrained build operations Thread 4"        [_thread_blocked, id=29388, stack(0x000000bdfff00000,0x000000be00000000) (1024K)]
  0x00000293bb855970 JavaThread "Unconstrained build operations Thread 5"        [_thread_blocked, id=21264, stack(0x000000bd80000000,0x000000bd80100000) (1024K)]
  0x00000293bb8573b0 JavaThread "Unconstrained build operations Thread 6"        [_thread_blocked, id=28980, stack(0x000000bd80100000,0x000000bd80200000) (1024K)]
  0x00000293bb857a40 JavaThread "Unconstrained build operations Thread 7"        [_thread_blocked, id=33020, stack(0x000000bd80200000,0x000000bd80300000) (1024K)]
  0x00000293bb856690 JavaThread "Unconstrained build operations Thread 8"        [_thread_blocked, id=20764, stack(0x000000bd80300000,0x000000bd80400000) (1024K)]
  0x00000293bb856d20 JavaThread "Unconstrained build operations Thread 9"        [_thread_blocked, id=31388, stack(0x000000bd80400000,0x000000bd80500000) (1024K)]
  0x00000293bb8580d0 JavaThread "Unconstrained build operations Thread 10"        [_thread_blocked, id=31768, stack(0x000000bd80500000,0x000000bd80600000) (1024K)]
  0x00000293bb858df0 JavaThread "jar transforms Thread 4"           [_thread_blocked, id=32632, stack(0x000000bd80600000,0x000000bd80700000) (1024K)]
  0x00000293bb8552e0 JavaThread "jar transforms Thread 5"           [_thread_blocked, id=18076, stack(0x000000bd80800000,0x000000bd80900000) (1024K)]
  0x00000293bb85aec0 JavaThread "Unconstrained build operations Thread 11"        [_thread_blocked, id=6552, stack(0x000000bd80900000,0x000000bd80a00000) (1024K)]
  0x00000293bb859480 JavaThread "Unconstrained build operations Thread 12"        [_thread_blocked, id=6504, stack(0x000000bd80a00000,0x000000bd80b00000) (1024K)]
  0x00000293bb85b550 JavaThread "Unconstrained build operations Thread 13"        [_thread_blocked, id=7500, stack(0x000000bd80b00000,0x000000bd80c00000) (1024K)]
  0x00000293bb859b10 JavaThread "Unconstrained build operations Thread 14"        [_thread_blocked, id=5632, stack(0x000000bd80c00000,0x000000bd80d00000) (1024K)]
  0x00000293bb85a1a0 JavaThread "Unconstrained build operations Thread 15"        [_thread_blocked, id=28460, stack(0x000000bd80d00000,0x000000bd80e00000) (1024K)]
  0x00000293bb85c270 JavaThread "jar transforms Thread 6"           [_thread_blocked, id=12776, stack(0x000000bd80e00000,0x000000bd80f00000) (1024K)]
  0x00000293b8bc2500 JavaThread "jar transforms Thread 7"           [_thread_blocked, id=29296, stack(0x000000bd81100000,0x000000bd81200000) (1024K)]
  0x00000293b8bc3f40 JavaThread "jar transforms Thread 8"           [_thread_blocked, id=25916, stack(0x000000bd81200000,0x000000bd81300000) (1024K)]
  0x00000293bf242410 JavaThread "C1 CompilerThread1"         daemon [_thread_in_native, id=33324, stack(0x000000bd80700000,0x000000bd80800000) (1024K)]
  0x00000293bf243f50 JavaThread "C1 CompilerThread2"         daemon [_thread_blocked, id=31732, stack(0x000000bd80f00000,0x000000bd81000000) (1024K)]
  0x00000293bf2431b0 JavaThread "C1 CompilerThread3"         daemon [_thread_blocked, id=27020, stack(0x000000bd81000000,0x000000bd81100000) (1024K)]
=>0x00000293bf2408d0 JavaThread "C2 CompilerThread1"         daemon [_thread_in_native, id=5480, stack(0x000000bd81300000,0x000000bd81400000) (1024K)]
Total: 59

Other Threads:
  0x00000293b1c2cfb0 VMThread "VM Thread"                           [id=27932, stack(0x000000bdfc500000,0x000000bdfc600000) (1024K)]
  0x00000293b1c209d0 WatcherThread "VM Periodic Task Thread"        [id=31032, stack(0x000000bdfc400000,0x000000bdfc500000) (1024K)]
  0x00000293975fe000 WorkerThread "GC Thread#0"                     [id=11060, stack(0x000000bdfbf00000,0x000000bdfc000000) (1024K)]
  0x00000293b231c090 WorkerThread "GC Thread#1"                     [id=28168, stack(0x000000bdfd300000,0x000000bdfd400000) (1024K)]
  0x00000293b231c430 WorkerThread "GC Thread#2"                     [id=5240, stack(0x000000bdfd400000,0x000000bdfd500000) (1024K)]
  0x00000293b2301ba0 WorkerThread "GC Thread#3"                     [id=32932, stack(0x000000bdfd500000,0x000000bdfd600000) (1024K)]
  0x00000293b2301f40 WorkerThread "GC Thread#4"                     [id=2964, stack(0x000000bdfd600000,0x000000bdfd700000) (1024K)]
  0x00000293b23022e0 WorkerThread "GC Thread#5"                     [id=26708, stack(0x000000bdfd700000,0x000000bdfd800000) (1024K)]
  0x00000293b828e450 WorkerThread "GC Thread#6"                     [id=33124, stack(0x000000bdfda00000,0x000000bdfdb00000) (1024K)]
  0x00000293b828d5d0 WorkerThread "GC Thread#7"                     [id=14948, stack(0x000000bdfe300000,0x000000bdfe400000) (1024K)]
  0x00000293b828dd10 WorkerThread "GC Thread#8"                     [id=33460, stack(0x000000bdfe400000,0x000000bdfe500000) (1024K)]
  0x00000293b828d230 WorkerThread "GC Thread#9"                     [id=33340, stack(0x000000bdfe500000,0x000000bdfe600000) (1024K)]
  0x00000293b828d970 WorkerThread "GC Thread#10"                    [id=3476, stack(0x000000bdfe600000,0x000000bdfe700000) (1024K)]
  0x00000293b828e0b0 WorkerThread "GC Thread#11"                    [id=20540, stack(0x000000bdfe700000,0x000000bdfe800000) (1024K)]
  0x00000293b828e7f0 WorkerThread "GC Thread#12"                    [id=16712, stack(0x000000bdfe800000,0x000000bdfe900000) (1024K)]
  0x000002939997bcd0 ConcurrentGCThread "G1 Main Marker"            [id=30256, stack(0x000000bdfc000000,0x000000bdfc100000) (1024K)]
  0x000002939997ce80 WorkerThread "G1 Conc#0"                       [id=19776, stack(0x000000bdfc100000,0x000000bdfc200000) (1024K)]
  0x00000293b81d2040 WorkerThread "G1 Conc#1"                       [id=32156, stack(0x000000bdfe900000,0x000000bdfea00000) (1024K)]
  0x00000293b81d2ec0 WorkerThread "G1 Conc#2"                       [id=11752, stack(0x000000bdfea00000,0x000000bdfeb00000) (1024K)]
  0x00000293b1a9e6d0 ConcurrentGCThread "G1 Refine#0"               [id=31152, stack(0x000000bdfc200000,0x000000bdfc300000) (1024K)]
  0x00000293b1a9f150 ConcurrentGCThread "G1 Service"                [id=23492, stack(0x000000bdfc300000,0x000000bdfc400000) (1024K)]
Total: 21

Threads with active compile tasks:
C2 CompilerThread0  38289 10992       4       java.lang.String::checkBoundsBeginEnd (11 bytes)
C1 CompilerThread3  38289 11007   !   3       org.gradle.api.internal.artifacts.ivyservice.resolveengine.store.DefaultBinaryStore::write (127 bytes)
C2 CompilerThread1  38289 10759       4       com.google.common.collect.ImmutableSet::copyOf (76 bytes)
Total: 3

VM state: not at safepoint (normal execution)

VM Mutex/Monitor currently owned by a thread: None

Heap address: 0x0000000080000000, size: 2048 MB, Compressed Oops mode: 32-bit

CDS archive(s) not mapped
Compressed class space mapped at: 0x0000000100000000-0x0000000140000000, reserved size: 1073741824
Narrow klass base: 0x0000000000000000, Narrow klass shift: 3, Narrow klass range: 0x140000000

GC Precious Log:
 CardTable entry size: 512
 Card Set container configuration: InlinePtr #cards 5 size 8 Array Of Cards #cards 12 size 40 Howl #buckets 4 coarsen threshold 1843 Howl Bitmap #cards 512 size 80 coarsen threshold 460 Card regions per heap region 1 cards per card region 2048
 CPUs: 16 total, 16 available
 Memory: 16004M
 Large Page Support: Disabled
 NUMA Support: Disabled
 Compressed Oops: Enabled (32-bit)
 Heap Region Size: 1M
 Heap Min Capacity: 8M
 Heap Initial Capacity: 252M
 Heap Max Capacity: 2G
 Pre-touch: Disabled
 Parallel Workers: 13
 Concurrent Workers: 3
 Concurrent Refinement Workers: 13
 Periodic GC: Disabled

Heap:
 garbage-first heap   total 137216K, used 115036K [0x0000000080000000, 0x0000000100000000)
  region size 1024K, 49 young (50176K), 6 survivors (6144K)
 Metaspace       used 87463K, committed 89216K, reserved 1179648K
  class space    used 12189K, committed 13056K, reserved 1048576K

Heap Regions: E=young(eden), S=young(survivor), O=old, HS=humongous(starts), HC=humongous(continues), CS=collection set, F=free, TAMS=top-at-mark-start, PB=parsable bottom
|   0|0x0000000080000000, 0x0000000080100000, 0x0000000080100000|100%|HS|  |TAMS 0x0000000080000000| PB 0x0000000080000000| Complete 
|   1|0x0000000080100000, 0x0000000080200000, 0x0000000080200000|100%|HC|  |TAMS 0x0000000080100000| PB 0x0000000080100000| Complete 
|   2|0x0000000080200000, 0x0000000080300000, 0x0000000080300000|100%|HC|  |TAMS 0x0000000080200000| PB 0x0000000080200000| Complete 
|   3|0x0000000080300000, 0x0000000080400000, 0x0000000080400000|100%| O|  |TAMS 0x0000000080300000| PB 0x0000000080300000| Untracked 
|   4|0x0000000080400000, 0x0000000080500000, 0x0000000080500000|100%| O|  |TAMS 0x0000000080400000| PB 0x0000000080400000| Untracked 
|   5|0x0000000080500000, 0x0000000080600000, 0x0000000080600000|100%| O|  |TAMS 0x0000000080500000| PB 0x0000000080500000| Untracked 
|   6|0x0000000080600000, 0x0000000080700000, 0x0000000080700000|100%| O|  |TAMS 0x0000000080600000| PB 0x0000000080600000| Untracked 
|   7|0x0000000080700000, 0x0000000080800000, 0x0000000080800000|100%| O|  |TAMS 0x0000000080700000| PB 0x0000000080700000| Untracked 
|   8|0x0000000080800000, 0x0000000080900000, 0x0000000080900000|100%|HS|  |TAMS 0x0000000080800000| PB 0x0000000080800000| Complete 
|   9|0x0000000080900000, 0x0000000080a00000, 0x0000000080a00000|100%| O|  |TAMS 0x0000000080900000| PB 0x0000000080900000| Untracked 
|  10|0x0000000080a00000, 0x0000000080b00000, 0x0000000080b00000|100%| O|  |TAMS 0x0000000080a00000| PB 0x0000000080a00000| Untracked 
|  11|0x0000000080b00000, 0x0000000080c00000, 0x0000000080c00000|100%| O|  |TAMS 0x0000000080b00000| PB 0x0000000080b00000| Untracked 
|  12|0x0000000080c00000, 0x0000000080d00000, 0x0000000080d00000|100%| O|  |TAMS 0x0000000080c00000| PB 0x0000000080c00000| Untracked 
|  13|0x0000000080d00000, 0x0000000080e00000, 0x0000000080e00000|100%| O|  |TAMS 0x0000000080d00000| PB 0x0000000080d00000| Untracked 
|  14|0x0000000080e00000, 0x0000000080f00000, 0x0000000080f00000|100%| O|  |TAMS 0x0000000080e00000| PB 0x0000000080e00000| Untracked 
|  15|0x0000000080f00000, 0x0000000081000000, 0x0000000081000000|100%| O|  |TAMS 0x0000000080f00000| PB 0x0000000080f00000| Untracked 
|  16|0x0000000081000000, 0x0000000081100000, 0x0000000081100000|100%| O|  |TAMS 0x0000000081000000| PB 0x0000000081000000| Untracked 
|  17|0x0000000081100000, 0x0000000081200000, 0x0000000081200000|100%| O|  |TAMS 0x0000000081100000| PB 0x0000000081100000| Untracked 
|  18|0x0000000081200000, 0x0000000081300000, 0x0000000081300000|100%| O|  |TAMS 0x0000000081200000| PB 0x0000000081200000| Untracked 
|  19|0x0000000081300000, 0x0000000081400000, 0x0000000081400000|100%| O|  |TAMS 0x0000000081300000| PB 0x0000000081300000| Untracked 
|  20|0x0000000081400000, 0x0000000081500000, 0x0000000081500000|100%| O|  |TAMS 0x0000000081400000| PB 0x0000000081400000| Untracked 
|  21|0x0000000081500000, 0x0000000081600000, 0x0000000081600000|100%| O|  |TAMS 0x0000000081500000| PB 0x0000000081500000| Untracked 
|  22|0x0000000081600000, 0x0000000081700000, 0x0000000081700000|100%| O|  |TAMS 0x0000000081600000| PB 0x0000000081600000| Untracked 
|  23|0x0000000081700000, 0x0000000081800000, 0x0000000081800000|100%| O|  |TAMS 0x0000000081700000| PB 0x0000000081700000| Untracked 
|  24|0x0000000081800000, 0x0000000081900000, 0x0000000081900000|100%| O|  |TAMS 0x0000000081800000| PB 0x0000000081800000| Untracked 
|  25|0x0000000081900000, 0x0000000081a00000, 0x0000000081a00000|100%| O|  |TAMS 0x0000000081900000| PB 0x0000000081900000| Untracked 
|  26|0x0000000081a00000, 0x0000000081b00000, 0x0000000081b00000|100%| O|  |TAMS 0x0000000081a00000| PB 0x0000000081a00000| Untracked 
|  27|0x0000000081b00000, 0x0000000081c00000, 0x0000000081c00000|100%| O|  |TAMS 0x0000000081b00000| PB 0x0000000081b00000| Untracked 
|  28|0x0000000081c00000, 0x0000000081d00000, 0x0000000081d00000|100%| O|  |TAMS 0x0000000081c00000| PB 0x0000000081c00000| Untracked 
|  29|0x0000000081d00000, 0x0000000081e00000, 0x0000000081e00000|100%| O|  |TAMS 0x0000000081d00000| PB 0x0000000081d00000| Untracked 
|  30|0x0000000081e00000, 0x0000000081f00000, 0x0000000081f00000|100%| O|  |TAMS 0x0000000081e00000| PB 0x0000000081e00000| Untracked 
|  31|0x0000000081f00000, 0x0000000082000000, 0x0000000082000000|100%| O|  |TAMS 0x0000000081f00000| PB 0x0000000081f00000| Untracked 
|  32|0x0000000082000000, 0x0000000082100000, 0x0000000082100000|100%| O|  |TAMS 0x0000000082000000| PB 0x0000000082000000| Untracked 
|  33|0x0000000082100000, 0x0000000082200000, 0x0000000082200000|100%| O|  |TAMS 0x0000000082100000| PB 0x0000000082100000| Untracked 
|  34|0x0000000082200000, 0x0000000082300000, 0x0000000082300000|100%| O|  |TAMS 0x0000000082200000| PB 0x0000000082200000| Untracked 
|  35|0x0000000082300000, 0x0000000082400000, 0x0000000082400000|100%| O|  |TAMS 0x0000000082300000| PB 0x0000000082300000| Untracked 
|  36|0x0000000082400000, 0x0000000082500000, 0x0000000082500000|100%| O|  |TAMS 0x0000000082400000| PB 0x0000000082400000| Untracked 
|  37|0x0000000082500000, 0x0000000082600000, 0x0000000082600000|100%| O|  |TAMS 0x0000000082500000| PB 0x0000000082500000| Untracked 
|  38|0x0000000082600000, 0x0000000082700000, 0x0000000082700000|100%| O|  |TAMS 0x0000000082600000| PB 0x0000000082600000| Untracked 
|  39|0x0000000082700000, 0x0000000082800000, 0x0000000082800000|100%| O|  |TAMS 0x0000000082700000| PB 0x0000000082700000| Untracked 
|  40|0x0000000082800000, 0x0000000082900000, 0x0000000082900000|100%| O|  |TAMS 0x0000000082800000| PB 0x0000000082800000| Untracked 
|  41|0x0000000082900000, 0x0000000082a00000, 0x0000000082a00000|100%|HS|  |TAMS 0x0000000082900000| PB 0x0000000082900000| Complete 
|  42|0x0000000082a00000, 0x0000000082b00000, 0x0000000082b00000|100%|HC|  |TAMS 0x0000000082a00000| PB 0x0000000082a00000| Complete 
|  43|0x0000000082b00000, 0x0000000082c00000, 0x0000000082c00000|100%| O|  |TAMS 0x0000000082b00000| PB 0x0000000082b00000| Untracked 
|  44|0x0000000082c00000, 0x0000000082d00000, 0x0000000082d00000|100%| O|  |TAMS 0x0000000082c00000| PB 0x0000000082c00000| Untracked 
|  45|0x0000000082d00000, 0x0000000082e00000, 0x0000000082e00000|100%| O|  |TAMS 0x0000000082d00000| PB 0x0000000082d00000| Untracked 
|  46|0x0000000082e00000, 0x0000000082f00000, 0x0000000082f00000|100%| O|  |TAMS 0x0000000082e00000| PB 0x0000000082e00000| Untracked 
|  47|0x0000000082f00000, 0x0000000083000000, 0x0000000083000000|100%| O|  |TAMS 0x0000000082f00000| PB 0x0000000082f00000| Untracked 
|  48|0x0000000083000000, 0x0000000083100000, 0x0000000083100000|100%| O|  |TAMS 0x0000000083000000| PB 0x0000000083000000| Untracked 
|  49|0x0000000083100000, 0x0000000083200000, 0x0000000083200000|100%| O|  |TAMS 0x0000000083100000| PB 0x0000000083100000| Untracked 
|  50|0x0000000083200000, 0x0000000083300000, 0x0000000083300000|100%| O|  |TAMS 0x0000000083200000| PB 0x0000000083200000| Untracked 
|  51|0x0000000083300000, 0x0000000083400000, 0x0000000083400000|100%| O|  |TAMS 0x0000000083300000| PB 0x0000000083300000| Untracked 
|  52|0x0000000083400000, 0x0000000083500000, 0x0000000083500000|100%| O|Cm|TAMS 0x0000000083400000| PB 0x0000000083400000| Complete 
|  53|0x0000000083500000, 0x0000000083600000, 0x0000000083600000|100%| O|Cm|TAMS 0x0000000083500000| PB 0x0000000083500000| Complete 
|  54|0x0000000083600000, 0x0000000083700000, 0x0000000083700000|100%| O|  |TAMS 0x0000000083600000| PB 0x0000000083600000| Untracked 
|  55|0x0000000083700000, 0x0000000083800000, 0x0000000083800000|100%| O|  |TAMS 0x0000000083700000| PB 0x0000000083700000| Untracked 
|  56|0x0000000083800000, 0x0000000083900000, 0x0000000083900000|100%| O|  |TAMS 0x0000000083800000| PB 0x0000000083800000| Untracked 
|  57|0x0000000083900000, 0x0000000083a00000, 0x0000000083a00000|100%| O|  |TAMS 0x0000000083900000| PB 0x0000000083900000| Untracked 
|  58|0x0000000083a00000, 0x0000000083b00000, 0x0000000083b00000|100%| O|  |TAMS 0x0000000083a00000| PB 0x0000000083a00000| Untracked 
|  59|0x0000000083b00000, 0x0000000083c00000, 0x0000000083c00000|100%| O|  |TAMS 0x0000000083b00000| PB 0x0000000083b00000| Untracked 
|  60|0x0000000083c00000, 0x0000000083c43620, 0x0000000083d00000| 26%| O|  |TAMS 0x0000000083c00000| PB 0x0000000083c00000| Untracked 
|  61|0x0000000083d00000, 0x0000000083d00000, 0x0000000083e00000|  0%| F|  |TAMS 0x0000000083d00000| PB 0x0000000083d00000| Untracked 
|  62|0x0000000083e00000, 0x0000000083e00000, 0x0000000083f00000|  0%| F|  |TAMS 0x0000000083e00000| PB 0x0000000083e00000| Untracked 
|  63|0x0000000083f00000, 0x0000000083f00000, 0x0000000084000000|  0%| F|  |TAMS 0x0000000083f00000| PB 0x0000000083f00000| Untracked 
|  64|0x0000000084000000, 0x0000000084000000, 0x0000000084100000|  0%| F|  |TAMS 0x0000000084000000| PB 0x0000000084000000| Untracked 
|  65|0x0000000084100000, 0x0000000084100000, 0x0000000084200000|  0%| F|  |TAMS 0x0000000084100000| PB 0x0000000084100000| Untracked 
|  66|0x0000000084200000, 0x0000000084200000, 0x0000000084300000|  0%| F|  |TAMS 0x0000000084200000| PB 0x0000000084200000| Untracked 
|  67|0x0000000084300000, 0x0000000084300000, 0x0000000084400000|  0%| F|  |TAMS 0x0000000084300000| PB 0x0000000084300000| Untracked 
|  68|0x0000000084400000, 0x0000000084400000, 0x0000000084500000|  0%| F|  |TAMS 0x0000000084400000| PB 0x0000000084400000| Untracked 
|  69|0x0000000084500000, 0x0000000084500000, 0x0000000084600000|  0%| F|  |TAMS 0x0000000084500000| PB 0x0000000084500000| Untracked 
|  70|0x0000000084600000, 0x0000000084600000, 0x0000000084700000|  0%| F|  |TAMS 0x0000000084600000| PB 0x0000000084600000| Untracked 
|  71|0x0000000084700000, 0x0000000084700000, 0x0000000084800000|  0%| F|  |TAMS 0x0000000084700000| PB 0x0000000084700000| Untracked 
|  72|0x0000000084800000, 0x0000000084800000, 0x0000000084900000|  0%| F|  |TAMS 0x0000000084800000| PB 0x0000000084800000| Untracked 
|  73|0x0000000084900000, 0x0000000084913be8, 0x0000000084a00000|  7%| S|CS|TAMS 0x0000000084900000| PB 0x0000000084900000| Complete 
|  74|0x0000000084a00000, 0x0000000084b00000, 0x0000000084b00000|100%| S|CS|TAMS 0x0000000084a00000| PB 0x0000000084a00000| Complete 
|  75|0x0000000084b00000, 0x0000000084c00000, 0x0000000084c00000|100%| S|CS|TAMS 0x0000000084b00000| PB 0x0000000084b00000| Complete 
|  76|0x0000000084c00000, 0x0000000084d00000, 0x0000000084d00000|100%| S|CS|TAMS 0x0000000084c00000| PB 0x0000000084c00000| Complete 
|  77|0x0000000084d00000, 0x0000000084e00000, 0x0000000084e00000|100%| S|CS|TAMS 0x0000000084d00000| PB 0x0000000084d00000| Complete 
|  78|0x0000000084e00000, 0x0000000084f00000, 0x0000000084f00000|100%| S|CS|TAMS 0x0000000084e00000| PB 0x0000000084e00000| Complete 
|  79|0x0000000084f00000, 0x0000000084f00000, 0x0000000085000000|  0%| F|  |TAMS 0x0000000084f00000| PB 0x0000000084f00000| Untracked 
|  80|0x0000000085000000, 0x0000000085000000, 0x0000000085100000|  0%| F|  |TAMS 0x0000000085000000| PB 0x0000000085000000| Untracked 
|  81|0x0000000085100000, 0x0000000085100000, 0x0000000085200000|  0%| F|  |TAMS 0x0000000085100000| PB 0x0000000085100000| Untracked 
|  82|0x0000000085200000, 0x0000000085200000, 0x0000000085300000|  0%| F|  |TAMS 0x0000000085200000| PB 0x0000000085200000| Untracked 
|  83|0x0000000085300000, 0x0000000085300000, 0x0000000085400000|  0%| F|  |TAMS 0x0000000085300000| PB 0x0000000085300000| Untracked 
|  84|0x0000000085400000, 0x0000000085400000, 0x0000000085500000|  0%| F|  |TAMS 0x0000000085400000| PB 0x0000000085400000| Untracked 
|  85|0x0000000085500000, 0x0000000085583410, 0x0000000085600000| 51%| E|  |TAMS 0x0000000085500000| PB 0x0000000085500000| Complete 
|  86|0x0000000085600000, 0x0000000085700000, 0x0000000085700000|100%| E|CS|TAMS 0x0000000085600000| PB 0x0000000085600000| Complete 
|  87|0x0000000085700000, 0x0000000085800000, 0x0000000085800000|100%| E|CS|TAMS 0x0000000085700000| PB 0x0000000085700000| Complete 
|  88|0x0000000085800000, 0x0000000085900000, 0x0000000085900000|100%| E|CS|TAMS 0x0000000085800000| PB 0x0000000085800000| Complete 
|  89|0x0000000085900000, 0x0000000085a00000, 0x0000000085a00000|100%| E|CS|TAMS 0x0000000085900000| PB 0x0000000085900000| Complete 
|  90|0x0000000085a00000, 0x0000000085b00000, 0x0000000085b00000|100%| E|CS|TAMS 0x0000000085a00000| PB 0x0000000085a00000| Complete 
|  91|0x0000000085b00000, 0x0000000085c00000, 0x0000000085c00000|100%| E|CS|TAMS 0x0000000085b00000| PB 0x0000000085b00000| Complete 
|  92|0x0000000085c00000, 0x0000000085d00000, 0x0000000085d00000|100%| E|CS|TAMS 0x0000000085c00000| PB 0x0000000085c00000| Complete 
|  93|0x0000000085d00000, 0x0000000085e00000, 0x0000000085e00000|100%| E|CS|TAMS 0x0000000085d00000| PB 0x0000000085d00000| Complete 
|  94|0x0000000085e00000, 0x0000000085f00000, 0x0000000085f00000|100%| E|CS|TAMS 0x0000000085e00000| PB 0x0000000085e00000| Complete 
|  95|0x0000000085f00000, 0x0000000086000000, 0x0000000086000000|100%| E|CS|TAMS 0x0000000085f00000| PB 0x0000000085f00000| Complete 
|  96|0x0000000086000000, 0x0000000086100000, 0x0000000086100000|100%| E|CS|TAMS 0x0000000086000000| PB 0x0000000086000000| Complete 
|  97|0x0000000086100000, 0x0000000086200000, 0x0000000086200000|100%| E|CS|TAMS 0x0000000086100000| PB 0x0000000086100000| Complete 
|  98|0x0000000086200000, 0x0000000086300000, 0x0000000086300000|100%| E|CS|TAMS 0x0000000086200000| PB 0x0000000086200000| Complete 
|  99|0x0000000086300000, 0x0000000086400000, 0x0000000086400000|100%| E|CS|TAMS 0x0000000086300000| PB 0x0000000086300000| Complete 
| 100|0x0000000086400000, 0x0000000086500000, 0x0000000086500000|100%| E|CS|TAMS 0x0000000086400000| PB 0x0000000086400000| Complete 
| 101|0x0000000086500000, 0x0000000086600000, 0x0000000086600000|100%| E|CS|TAMS 0x0000000086500000| PB 0x0000000086500000| Complete 
| 102|0x0000000086600000, 0x0000000086700000, 0x0000000086700000|100%| E|CS|TAMS 0x0000000086600000| PB 0x0000000086600000| Complete 
| 103|0x0000000086700000, 0x0000000086800000, 0x0000000086800000|100%| E|CS|TAMS 0x0000000086700000| PB 0x0000000086700000| Complete 
| 104|0x0000000086800000, 0x0000000086900000, 0x0000000086900000|100%| E|CS|TAMS 0x0000000086800000| PB 0x0000000086800000| Complete 
| 105|0x0000000086900000, 0x0000000086a00000, 0x0000000086a00000|100%| E|  |TAMS 0x0000000086900000| PB 0x0000000086900000| Complete 
| 106|0x0000000086a00000, 0x0000000086b00000, 0x0000000086b00000|100%| E|CS|TAMS 0x0000000086a00000| PB 0x0000000086a00000| Complete 
| 107|0x0000000086b00000, 0x0000000086c00000, 0x0000000086c00000|100%| E|CS|TAMS 0x0000000086b00000| PB 0x0000000086b00000| Complete 
| 108|0x0000000086c00000, 0x0000000086d00000, 0x0000000086d00000|100%| E|CS|TAMS 0x0000000086c00000| PB 0x0000000086c00000| Complete 
| 109|0x0000000086d00000, 0x0000000086e00000, 0x0000000086e00000|100%| E|CS|TAMS 0x0000000086d00000| PB 0x0000000086d00000| Complete 
| 110|0x0000000086e00000, 0x0000000086f00000, 0x0000000086f00000|100%| E|CS|TAMS 0x0000000086e00000| PB 0x0000000086e00000| Complete 
| 111|0x0000000086f00000, 0x0000000087000000, 0x0000000087000000|100%| E|CS|TAMS 0x0000000086f00000| PB 0x0000000086f00000| Complete 
| 112|0x0000000087000000, 0x0000000087100000, 0x0000000087100000|100%| E|CS|TAMS 0x0000000087000000| PB 0x0000000087000000| Complete 
| 113|0x0000000087100000, 0x0000000087200000, 0x0000000087200000|100%| E|CS|TAMS 0x0000000087100000| PB 0x0000000087100000| Complete 
| 197|0x000000008c500000, 0x000000008c600000, 0x000000008c600000|100%| E|CS|TAMS 0x000000008c500000| PB 0x000000008c500000| Complete 
| 198|0x000000008c600000, 0x000000008c700000, 0x000000008c700000|100%| E|CS|TAMS 0x000000008c600000| PB 0x000000008c600000| Complete 
| 205|0x000000008cd00000, 0x000000008ce00000, 0x000000008ce00000|100%| E|CS|TAMS 0x000000008cd00000| PB 0x000000008cd00000| Complete 
| 206|0x000000008ce00000, 0x000000008cf00000, 0x000000008cf00000|100%| E|CS|TAMS 0x000000008ce00000| PB 0x000000008ce00000| Complete 
| 207|0x000000008cf00000, 0x000000008d000000, 0x000000008d000000|100%| E|CS|TAMS 0x000000008cf00000| PB 0x000000008cf00000| Complete 
| 208|0x000000008d000000, 0x000000008d100000, 0x000000008d100000|100%| E|CS|TAMS 0x000000008d000000| PB 0x000000008d000000| Complete 
| 209|0x000000008d100000, 0x000000008d200000, 0x000000008d200000|100%| E|CS|TAMS 0x000000008d100000| PB 0x000000008d100000| Complete 
| 210|0x000000008d200000, 0x000000008d300000, 0x000000008d300000|100%| E|CS|TAMS 0x000000008d200000| PB 0x000000008d200000| Complete 
| 211|0x000000008d300000, 0x000000008d400000, 0x000000008d400000|100%| E|CS|TAMS 0x000000008d300000| PB 0x000000008d300000| Complete 
| 212|0x000000008d400000, 0x000000008d500000, 0x000000008d500000|100%| E|CS|TAMS 0x000000008d400000| PB 0x000000008d400000| Complete 
| 213|0x000000008d500000, 0x000000008d600000, 0x000000008d600000|100%| E|CS|TAMS 0x000000008d500000| PB 0x000000008d500000| Complete 
| 250|0x000000008fa00000, 0x000000008fb00000, 0x000000008fb00000|100%| E|CS|TAMS 0x000000008fa00000| PB 0x000000008fa00000| Complete 
| 251|0x000000008fb00000, 0x000000008fc00000, 0x000000008fc00000|100%| E|CS|TAMS 0x000000008fb00000| PB 0x000000008fb00000| Complete 
|2041|0x00000000ff900000, 0x00000000ffa00000, 0x00000000ffa00000|100%| O|  |TAMS 0x00000000ff900000| PB 0x00000000ff900000| Untracked 
|2042|0x00000000ffa00000, 0x00000000ffb00000, 0x00000000ffb00000|100%| E|CS|TAMS 0x00000000ffa00000| PB 0x00000000ffa00000| Complete 
|2043|0x00000000ffb00000, 0x00000000ffc00000, 0x00000000ffc00000|100%| O|Cm|TAMS 0x00000000ffb00000| PB 0x00000000ffb00000| Complete 
|2044|0x00000000ffc00000, 0x00000000ffd00000, 0x00000000ffd00000|100%| O|Cm|TAMS 0x00000000ffc00000| PB 0x00000000ffc00000| Complete 
|2045|0x00000000ffd00000, 0x00000000ffe00000, 0x00000000ffe00000|100%| O|  |TAMS 0x00000000ffd00000| PB 0x00000000ffd00000| Untracked 
|2046|0x00000000ffe00000, 0x00000000fff00000, 0x00000000fff00000|100%| O|Cm|TAMS 0x00000000ffe00000| PB 0x00000000ffe00000| Complete 
|2047|0x00000000fff00000, 0x0000000100000000, 0x0000000100000000|100%| O|  |TAMS 0x00000000fff00000| PB 0x00000000fff00000| Untracked 

Card table byte_map: [0x00000293ac6e0000,0x00000293acae0000] _byte_map_base: 0x00000293ac2e0000

Marking Bits: (CMBitMap*) 0x00000293975fe610
 Bits: [0x00000293acae0000, 0x00000293aeae0000)

Polling page: 0x0000029397b90000

Metaspace:

Usage:
  Non-class:     73.53 MB used.
      Class:     11.90 MB used.
       Both:     85.43 MB used.

Virtual space:
  Non-class space:      128.00 MB reserved,      74.38 MB ( 58%) committed,  2 nodes.
      Class space:        1.00 GB reserved,      12.75 MB (  1%) committed,  1 nodes.
             Both:        1.12 GB reserved,      87.12 MB (  8%) committed. 

Chunk freelists:
   Non-Class:  5.56 MB
       Class:  3.17 MB
        Both:  8.73 MB

MaxMetaspaceSize: unlimited
CompressedClassSpaceSize: 1.00 GB
Initial GC threshold: 21.00 MB
Current GC threshold: 133.25 MB
CDS: off
 - commit_granule_bytes: 65536.
 - commit_granule_words: 8192.
 - virtual_space_node_default_size: 8388608.
 - enlarge_chunks_in_place: 1.
 - use_allocation_guard: 0.


Internal statistics:

num_allocs_failed_limit: 6.
num_arena_births: 3302.
num_arena_deaths: 4.
num_vsnodes_births: 3.
num_vsnodes_deaths: 0.
num_space_committed: 1394.
num_space_uncommitted: 0.
num_chunks_returned_to_freelist: 14.
num_chunks_taken_from_freelist: 6704.
num_chunk_merges: 7.
num_chunk_splits: 4408.
num_chunks_enlarged: 2793.
num_inconsistent_stats: 0.

CodeHeap 'non-profiled nmethods': size=119168Kb used=7070Kb max_used=7070Kb free=112097Kb
 bounds [0x00000293a4600000, 0x00000293a4cf0000, 0x00000293aba60000]
CodeHeap 'profiled nmethods': size=119104Kb used=18321Kb max_used=18321Kb free=100782Kb
 bounds [0x000002939ca60000, 0x000002939dc50000, 0x00000293a3eb0000]
CodeHeap 'non-nmethods': size=7488Kb used=4528Kb max_used=4594Kb free=2959Kb
 bounds [0x00000293a3eb0000, 0x00000293a4340000, 0x00000293a4600000]
CodeCache: size=245760Kb, used=29919Kb, max_used=29985Kb, free=215838Kb
 total_blobs=10660, nmethods=9697, adapters=864, full_count=0
Compilation: enabled, stopped_count=0, restarted_count=0

Compilation events (20 events):
Event: 37.795 Thread 0x00000293bf2431b0 10802       1       org.gradle.api.internal.artifacts.ivyservice.resolveengine.graph.builder.SelectorState::isFromLock (5 bytes)
Event: 37.795 Thread 0x00000293bf242410 10800       3       org.gradle.api.internal.artifacts.ivyservice.resolveengine.graph.builder.ModuleResolveState::addUnattachedEdge (23 bytes)
Event: 37.796 Thread 0x00000293bf243f50 nmethod 10797 0x000002939dbd5790 code [0x000002939dbd5a20, 0x000002939dbd6628]
Event: 37.796 Thread 0x00000293bf243f50 10801       3       org.gradle.api.internal.artifacts.ivyservice.resolveengine.graph.builder.EdgeState::markUnattached (6 bytes)
Event: 37.796 Thread 0x00000293bf2431b0 nmethod 10802 0x00000293a4cd2910 code [0x00000293a4cd2aa0, 0x00000293a4cd2b70]
Event: 37.796 Thread 0x00000293bf2431b0 10804       3       org.gradle.api.internal.artifacts.ivyservice.resolveengine.graph.builder.PendingDependencies::hasConstraintProviders (18 bytes)
Event: 37.796 Thread 0x00000293bf243f50 nmethod 10801 0x000002939dbd6a90 code [0x000002939dbd6c20, 0x000002939dbd6d30]
Event: 37.796 Thread 0x00000293bf243f50 10805       3       org.gradle.api.internal.artifacts.ivyservice.resolveengine.graph.builder.PendingDependencies::increaseHardEdgeCount (11 bytes)
Event: 37.796 Thread 0x00000293bf243f50 nmethod 10805 0x000002939dbd6e10 code [0x000002939dbd6fa0, 0x000002939dbd70b0]
Event: 37.796 Thread 0x00000293bf2431b0 nmethod 10804 0x000002939dbd7190 code [0x000002939dbd7340, 0x000002939dbd7560]
Event: 37.796 Thread 0x00000293b1ccce50 nmethod 10803 0x000002939dbd7610 code [0x000002939dbd77e0, 0x000002939dbd7aa0]
Event: 37.796 Thread 0x00000293bf242410 nmethod 10800 0x000002939dbd7c10 code [0x000002939dbd7de0, 0x000002939dbd8090]
Event: 37.798 Thread 0x00000293bf2431b0 10806       3       org.gradle.api.internal.artifacts.ivyservice.resolveengine.graph.builder.DependencyState::addSelectionReasons (50 bytes)
Event: 37.798 Thread 0x00000293b1ccce50 10807       3       org.gradle.api.internal.artifacts.ivyservice.resolveengine.graph.builder.SelectorState::trackDetailsForOverrideMetadata (108 bytes)
Event: 37.798 Thread 0x00000293bf243f50 10808       1       org.gradle.api.internal.artifacts.ivyservice.resolveengine.graph.conflicts.PotentialConflictFactory$NoConflict::conflictExists (2 bytes)
Event: 37.798 Thread 0x00000293bf242410 10809       1       org.gradle.api.internal.artifacts.ivyservice.resolveengine.graph.builder.ComponentState$ComponentSelectionState::isCandidateForConflictResolution (5 bytes)
Event: 37.799 Thread 0x00000293bf242410 nmethod 10809 0x00000293a4cd2c10 code [0x00000293a4cd2da0, 0x00000293a4cd2e70]
Event: 37.799 Thread 0x00000293bf243f50 nmethod 10808 0x00000293a4cd2f10 code [0x00000293a4cd30a0, 0x00000293a4cd3168]
Event: 37.799 Thread 0x00000293bf2431b0 nmethod 10806 0x000002939dbd8210 code [0x000002939dbd8440, 0x000002939dbd8b38]
Event: 37.799 Thread 0x00000293b1ccce50 nmethod 10807 0x000002939dbd8d10 code [0x000002939dbd8fe0, 0x000002939dbd9fd8]

GC Heap History (20 events):
Event: 27.375 GC heap before
{Heap before GC invocations=14 (full 0):
 garbage-first heap   total 71680K, used 63000K [0x0000000080000000, 0x0000000100000000)
  region size 1024K, 31 young (31744K), 3 survivors (3072K)
 Metaspace       used 50047K, committed 51008K, reserved 1114112K
  class space    used 6865K, committed 7296K, reserved 1048576K
}
Event: 27.377 GC heap after
{Heap after GC invocations=15 (full 0):
 garbage-first heap   total 71680K, used 35447K [0x0000000080000000, 0x0000000100000000)
  region size 1024K, 2 young (2048K), 2 survivors (2048K)
 Metaspace       used 50047K, committed 51008K, reserved 1114112K
  class space    used 6865K, committed 7296K, reserved 1048576K
}
Event: 28.104 GC heap before
{Heap before GC invocations=15 (full 0):
 garbage-first heap   total 71680K, used 63095K [0x0000000080000000, 0x0000000100000000)
  region size 1024K, 29 young (29696K), 2 survivors (2048K)
 Metaspace       used 53895K, committed 54848K, reserved 1114112K
  class space    used 7363K, committed 7808K, reserved 1048576K
}
Event: 28.108 GC heap after
{Heap after GC invocations=16 (full 0):
 garbage-first heap   total 106496K, used 38014K [0x0000000080000000, 0x0000000100000000)
  region size 1024K, 4 young (4096K), 4 survivors (4096K)
 Metaspace       used 53895K, committed 54848K, reserved 1114112K
  class space    used 7363K, committed 7808K, reserved 1048576K
}
Event: 29.174 GC heap before
{Heap before GC invocations=17 (full 0):
 garbage-first heap   total 106496K, used 94334K [0x0000000080000000, 0x0000000100000000)
  region size 1024K, 60 young (61440K), 4 survivors (4096K)
 Metaspace       used 60909K, committed 62336K, reserved 1114112K
  class space    used 8550K, committed 9216K, reserved 1048576K
}
Event: 29.178 GC heap after
{Heap after GC invocations=18 (full 0):
 garbage-first heap   total 106496K, used 40822K [0x0000000080000000, 0x0000000100000000)
  region size 1024K, 7 young (7168K), 7 survivors (7168K)
 Metaspace       used 60909K, committed 62336K, reserved 1114112K
  class space    used 8550K, committed 9216K, reserved 1048576K
}
Event: 29.624 GC heap before
{Heap before GC invocations=18 (full 0):
 garbage-first heap   total 106496K, used 90998K [0x0000000080000000, 0x0000000100000000)
  region size 1024K, 57 young (58368K), 7 survivors (7168K)
 Metaspace       used 62401K, committed 63808K, reserved 1114112K
  class space    used 8802K, committed 9472K, reserved 1048576K
}
Event: 29.632 GC heap after
{Heap after GC invocations=19 (full 0):
 garbage-first heap   total 113664K, used 53427K [0x0000000080000000, 0x0000000100000000)
  region size 1024K, 8 young (8192K), 8 survivors (8192K)
 Metaspace       used 62401K, committed 63808K, reserved 1114112K
  class space    used 8802K, committed 9472K, reserved 1048576K
}
Event: 30.093 GC heap before
{Heap before GC invocations=19 (full 0):
 garbage-first heap   total 113664K, used 94387K [0x0000000080000000, 0x0000000100000000)
  region size 1024K, 49 young (50176K), 8 survivors (8192K)
 Metaspace       used 63527K, committed 64960K, reserved 1114112K
  class space    used 8899K, committed 9600K, reserved 1048576K
}
Event: 30.099 GC heap after
{Heap after GC invocations=20 (full 0):
 garbage-first heap   total 113664K, used 60207K [0x0000000080000000, 0x0000000100000000)
  region size 1024K, 7 young (7168K), 7 survivors (7168K)
 Metaspace       used 63527K, committed 64960K, reserved 1114112K
  class space    used 8899K, committed 9600K, reserved 1048576K
}
Event: 30.609 GC heap before
{Heap before GC invocations=21 (full 0):
 garbage-first heap   total 113664K, used 98095K [0x0000000080000000, 0x0000000100000000)
  region size 1024K, 42 young (43008K), 7 survivors (7168K)
 Metaspace       used 64080K, committed 65536K, reserved 1114112K
  class space    used 8955K, committed 9664K, reserved 1048576K
}
Event: 30.619 GC heap after
{Heap after GC invocations=22 (full 0):
 garbage-first heap   total 113664K, used 64587K [0x0000000080000000, 0x0000000100000000)
  region size 1024K, 3 young (3072K), 3 survivors (3072K)
 Metaspace       used 64080K, committed 65536K, reserved 1114112K
  class space    used 8955K, committed 9664K, reserved 1048576K
}
Event: 30.986 GC heap before
{Heap before GC invocations=22 (full 0):
 garbage-first heap   total 113664K, used 99403K [0x0000000080000000, 0x0000000100000000)
  region size 1024K, 37 young (37888K), 3 survivors (3072K)
 Metaspace       used 64595K, committed 66112K, reserved 1114112K
  class space    used 8997K, committed 9728K, reserved 1048576K
}
Event: 30.989 GC heap after
{Heap after GC invocations=23 (full 0):
 garbage-first heap   total 137216K, used 67010K [0x0000000080000000, 0x0000000100000000)
  region size 1024K, 5 young (5120K), 5 survivors (5120K)
 Metaspace       used 64595K, committed 66112K, reserved 1114112K
  class space    used 8997K, committed 9728K, reserved 1048576K
}
Event: 31.406 GC heap before
{Heap before GC invocations=23 (full 0):
 garbage-first heap   total 137216K, used 122306K [0x0000000080000000, 0x0000000100000000)
  region size 1024K, 57 young (58368K), 5 survivors (5120K)
 Metaspace       used 66806K, committed 68288K, reserved 1114112K
  class space    used 9187K, committed 9920K, reserved 1048576K
}
Event: 31.409 GC heap after
{Heap after GC invocations=24 (full 0):
 garbage-first heap   total 137216K, used 67938K [0x0000000080000000, 0x0000000100000000)
  region size 1024K, 4 young (4096K), 4 survivors (4096K)
 Metaspace       used 66806K, committed 68288K, reserved 1114112K
  class space    used 9187K, committed 9920K, reserved 1048576K
}
Event: 34.860 GC heap before
{Heap before GC invocations=24 (full 0):
 garbage-first heap   total 137216K, used 122210K [0x0000000080000000, 0x0000000100000000)
  region size 1024K, 57 young (58368K), 4 survivors (4096K)
 Metaspace       used 74006K, committed 75584K, reserved 1114112K
  class space    used 10245K, committed 11008K, reserved 1048576K
}
Event: 34.865 GC heap after
{Heap after GC invocations=25 (full 0):
 garbage-first heap   total 137216K, used 70346K [0x0000000080000000, 0x0000000100000000)
  region size 1024K, 7 young (7168K), 7 survivors (7168K)
 Metaspace       used 74006K, committed 75584K, reserved 1114112K
  class space    used 10245K, committed 11008K, reserved 1048576K
}
Event: 35.885 GC heap before
{Heap before GC invocations=25 (full 0):
 garbage-first heap   total 137216K, used 120522K [0x0000000080000000, 0x0000000100000000)
  region size 1024K, 56 young (57344K), 7 survivors (7168K)
 Metaspace       used 79876K, committed 81600K, reserved 1179648K
  class space    used 11217K, committed 12032K, reserved 1048576K
}
Event: 35.892 GC heap after
{Heap after GC invocations=26 (full 0):
 garbage-first heap   total 137216K, used 73052K [0x0000000080000000, 0x0000000100000000)
  region size 1024K, 6 young (6144K), 6 survivors (6144K)
 Metaspace       used 79876K, committed 81600K, reserved 1179648K
  class space    used 11217K, committed 12032K, reserved 1048576K
}

Dll operation events (3 events):
Event: 0.471 Loaded shared library C:\Program Files\Android\Android Studio\jbr\bin\java.dll
Event: 1.086 Loaded shared library C:\Program Files\Android\Android Studio\jbr\bin\zip.dll
Event: 10.850 Loaded shared library C:\Program Files\Android\Android Studio\jbr\bin\verify.dll

Deoptimization events (20 events):
Event: 37.640 Thread 0x00000293b751b830 DEOPT PACKING pc=0x00000293a4cadb10 sp=0x000000bdfdff60c0
Event: 37.640 Thread 0x00000293b751b830 DEOPT UNPACKING pc=0x00000293a3f046a2 sp=0x000000bdfdff6078 mode 2
Event: 37.651 Thread 0x00000293b751b830 DEOPT PACKING pc=0x000002939ce486a1 sp=0x000000bdfdff6780
Event: 37.651 Thread 0x00000293b751b830 DEOPT UNPACKING pc=0x00000293a3f04e42 sp=0x000000bdfdff5c90 mode 0
Event: 37.675 Thread 0x00000293b751b830 Uncommon trap: trap_request=0xffffffbe fr.pc=0x00000293a4cbba18 relative=0x0000000000000e98
Event: 37.675 Thread 0x00000293b751b830 Uncommon trap: reason=profile_predicate action=maybe_recompile pc=0x00000293a4cbba18 method=com.google.common.collect.RegularImmutableMap.checkNoConflictInKeyBucket(Ljava/lang/Object;Ljava/lang/Object;Lcom/google/common/collect/ImmutableMapEntry;Z)Lcom/go
Event: 37.675 Thread 0x00000293b751b830 DEOPT PACKING pc=0x00000293a4cbba18 sp=0x000000bdfdff7030
Event: 37.675 Thread 0x00000293b751b830 DEOPT UNPACKING pc=0x00000293a3f046a2 sp=0x000000bdfdff6f88 mode 2
Event: 37.675 Thread 0x00000293b751b830 Uncommon trap: trap_request=0xffffffbe fr.pc=0x00000293a4cbba18 relative=0x0000000000000e98
Event: 37.675 Thread 0x00000293b751b830 Uncommon trap: reason=profile_predicate action=maybe_recompile pc=0x00000293a4cbba18 method=com.google.common.collect.RegularImmutableMap.checkNoConflictInKeyBucket(Ljava/lang/Object;Ljava/lang/Object;Lcom/google/common/collect/ImmutableMapEntry;Z)Lcom/go
Event: 37.675 Thread 0x00000293b751b830 DEOPT PACKING pc=0x00000293a4cbba18 sp=0x000000bdfdff7030
Event: 37.675 Thread 0x00000293b751b830 DEOPT UNPACKING pc=0x00000293a3f046a2 sp=0x000000bdfdff6f88 mode 2
Event: 37.675 Thread 0x00000293b751b830 Uncommon trap: trap_request=0xffffffbe fr.pc=0x00000293a4cbba18 relative=0x0000000000000e98
Event: 37.675 Thread 0x00000293b751b830 Uncommon trap: reason=profile_predicate action=maybe_recompile pc=0x00000293a4cbba18 method=com.google.common.collect.RegularImmutableMap.checkNoConflictInKeyBucket(Ljava/lang/Object;Ljava/lang/Object;Lcom/google/common/collect/ImmutableMapEntry;Z)Lcom/go
Event: 37.675 Thread 0x00000293b751b830 DEOPT PACKING pc=0x00000293a4cbba18 sp=0x000000bdfdff7030
Event: 37.675 Thread 0x00000293b751b830 DEOPT UNPACKING pc=0x00000293a3f046a2 sp=0x000000bdfdff6f88 mode 2
Event: 37.675 Thread 0x00000293b751b830 Uncommon trap: trap_request=0xffffffbe fr.pc=0x00000293a4cbba18 relative=0x0000000000000e98
Event: 37.675 Thread 0x00000293b751b830 Uncommon trap: reason=profile_predicate action=maybe_recompile pc=0x00000293a4cbba18 method=com.google.common.collect.RegularImmutableMap.checkNoConflictInKeyBucket(Ljava/lang/Object;Ljava/lang/Object;Lcom/google/common/collect/ImmutableMapEntry;Z)Lcom/go
Event: 37.675 Thread 0x00000293b751b830 DEOPT PACKING pc=0x00000293a4cbba18 sp=0x000000bdfdff7030
Event: 37.675 Thread 0x00000293b751b830 DEOPT UNPACKING pc=0x00000293a3f046a2 sp=0x000000bdfdff6f88 mode 2

Classes loaded (20 events):
Event: 37.425 Loading class sun/security/ssl/PreSharedKeyExtension$PskIdentity
Event: 37.425 Loading class sun/security/ssl/PreSharedKeyExtension$PskIdentity done
Event: 37.425 Loading class sun/security/ssl/PreSharedKeyExtension$CHPreSharedKeySpec
Event: 37.425 Loading class sun/security/ssl/PreSharedKeyExtension$CHPreSharedKeySpec done
Event: 37.425 Loading class sun/security/ssl/PreSharedKeyExtension$PartialClientHelloMessage
Event: 37.426 Loading class sun/security/ssl/PreSharedKeyExtension$PartialClientHelloMessage done
Event: 37.426 Loading class sun/security/ssl/SSLEngineOutputRecord
Event: 37.426 Loading class sun/security/ssl/SSLEngineOutputRecord done
Event: 37.426 Loading class sun/security/ssl/SSLEngineOutputRecord$HandshakeFragment
Event: 37.426 Loading class sun/security/ssl/SSLEngineOutputRecord$HandshakeFragment done
Event: 37.426 Loading class sun/security/ssl/SSLEngineOutputRecord$HandshakeMemo
Event: 37.426 Loading class sun/security/ssl/SSLEngineOutputRecord$RecordMemo
Event: 37.426 Loading class sun/security/ssl/SSLEngineOutputRecord$RecordMemo done
Event: 37.426 Loading class sun/security/ssl/SSLEngineOutputRecord$HandshakeMemo done
Event: 37.449 Loading class sun/security/ssl/PreSharedKeyExtension$SHPreSharedKeySpec
Event: 37.449 Loading class sun/security/ssl/PreSharedKeyExtension$SHPreSharedKeySpec done
Event: 37.762 Loading class java/util/Collections$ReverseComparator
Event: 37.762 Loading class java/util/Collections$ReverseComparator done
Event: 37.762 Loading class java/util/Collections$ReverseComparator2
Event: 37.762 Loading class java/util/Collections$ReverseComparator2 done

Classes unloaded (8 events):
Event: 30.121 Thread 0x00000293b1c2cfb0 Unloading class 0x0000000100770988 '_BuildScript_$_run_closure1$_closure2'
Event: 30.121 Thread 0x00000293b1c2cfb0 Unloading class 0x0000000100770568 '_BuildScript_$_run_closure1'
Event: 30.121 Thread 0x00000293b1c2cfb0 Unloading class 0x0000000100770000 '_BuildScript_'
Event: 35.918 Thread 0x00000293b1c2cfb0 Unloading class 0x000000010096d420 '_BuildScript_$_run_closure1$_closure2$_closure4'
Event: 35.918 Thread 0x00000293b1c2cfb0 Unloading class 0x000000010096d000 '_BuildScript_$_run_closure1$_closure2$_closure3'
Event: 35.918 Thread 0x00000293b1c2cfb0 Unloading class 0x000000010096c988 '_BuildScript_$_run_closure1$_closure2'
Event: 35.918 Thread 0x00000293b1c2cfb0 Unloading class 0x000000010096c568 '_BuildScript_$_run_closure1'
Event: 35.918 Thread 0x00000293b1c2cfb0 Unloading class 0x000000010096c000 '_BuildScript_'

Classes redefined (0 events):
No events

Internal exceptions (20 events):
Event: 35.509 Thread 0x00000293b751b830 Exception <a 'java/lang/NoSuchMethodError'{0x000000008606fc18}: 'long java.lang.invoke.DirectMethodHandle$Holder.invokeStatic(java.lang.Object, long)'> (0x000000008606fc18) 
thrown [s\src\hotspot\share\interpreter\linkResolver.cpp, line 784]
Event: 35.612 Thread 0x00000293b751b830 Implicit null exception at 0x00000293a48f0046 to 0x00000293a48f0400
Event: 35.612 Thread 0x00000293b751b830 Implicit null exception at 0x00000293a4859fa3 to 0x00000293a485b3e4
Event: 35.612 Thread 0x00000293b751b830 Implicit null exception at 0x00000293a4bab509 to 0x00000293a4bab930
Event: 35.612 Thread 0x00000293b751b830 Implicit null exception at 0x00000293a4a4452d to 0x00000293a4a44ed0
Event: 35.612 Thread 0x00000293b751b830 Implicit null exception at 0x00000293a46cac60 to 0x00000293a46cba5c
Event: 35.634 Thread 0x00000293b751b830 Exception <a 'java/lang/NoSuchMethodError'{0x0000000085cf58e8}: 'java.lang.Object java.lang.invoke.DirectMethodHandle$Holder.invokeVirtual(java.lang.Object, java.lang.Object, java.lang.Object, java.lang.Object, java.lang.Object, java.lang.Object, java.lang.Object, java.lang.Object, java.lang.Object, java.lang.Object, java.lang.Object, java.lang.Object, java.lang.Object, java.lang.Object, java.lang.Object, java.lang.Object, java.lang.Object)'> (0x0000000085cf58e8) 
thrown [s\src\hotspot\share\interpreter\li
Event: 35.634 Thread 0x00000293b751b830 Exception <a 'java/lang/NoSuchMethodError'{0x0000000085cfb7b8}: 'java.lang.Object java.lang.invoke.DirectMethodHandle$Holder.invokeSpecial(java.lang.Object, java.lang.Object, java.lang.Object, java.lang.Object, java.lang.Object, java.lang.Object, java.lang.Object, java.lang.Object, java.lang.Object, java.lang.Object, java.lang.Object, java.lang.Object, java.lang.Object, java.lang.Object, java.lang.Object, java.lang.Object, java.lang.Object, java.lang.Object)'> (0x0000000085cfb7b8) 
thrown [s\src\hotspot\sh
Event: 35.635 Thread 0x00000293b751b830 Exception <a 'java/lang/NoSuchMethodError'{0x0000000085b00f60}: 'java.lang.Object java.lang.invoke.DelegatingMethodHandle$Holder.reinvoke_L(java.lang.Object, java.lang.Object, java.lang.Object, java.lang.Object, java.lang.Object, java.lang.Object, java.lang.Object, java.lang.Object, java.lang.Object, java.lang.Object, java.lang.Object, java.lang.Object, java.lang.Object, java.lang.Object, java.lang.Object, java.lang.Object, java.lang.Object)'> (0x0000000085b00f60) 
thrown [s\src\hotspot\share\interpreter\l
Event: 35.769 Thread 0x00000293b751b830 Exception <a 'java/lang/NoSuchMethodError'{0x0000000085452998}: static Lorg/gradle/api/internal/catalog/DefaultVersionCatalog;.<clinit>()V> (0x0000000085452998) 
thrown [s\src\hotspot\share\prims\jni.cpp, line 1144]
Event: 35.773 Thread 0x00000293b751b830 Exception <a 'java/lang/NoSuchMethodError'{0x0000000085489f30}: static [Ljava/lang/Object;.<clinit>()V> (0x0000000085489f30) 
thrown [s\src\hotspot\share\prims\jni.cpp, line 1144]
Event: 35.775 Thread 0x00000293b751b830 Exception <a 'java/lang/NoSuchMethodError'{0x00000000854b0f10}: static Lorg/gradle/api/internal/catalog/DependencyModel;.<clinit>()V> (0x00000000854b0f10) 
thrown [s\src\hotspot\share\prims\jni.cpp, line 1144]
Event: 35.775 Thread 0x00000293b751b830 Exception <a 'java/lang/NoSuchMethodError'{0x00000000854b49e8}: static Lorg/gradle/api/internal/catalog/AbstractContextAwareModel;.<clinit>()V> (0x00000000854b49e8) 
thrown [s\src\hotspot\share\prims\jni.cpp, line 1144]
Event: 35.777 Thread 0x00000293b751b830 Exception <a 'java/lang/NoSuchMethodError'{0x00000000854cde80}: static Lorg/gradle/api/internal/artifacts/dependencies/AbstractVersionConstraint;.<clinit>()V> (0x00000000854cde80) 
thrown [s\src\hotspot\share\prims\jni.cpp, line 1144]
Event: 35.783 Thread 0x00000293b751b830 Exception <a 'java/lang/NoSuchMethodError'{0x000000008532de70}: static Lorg/gradle/api/internal/catalog/PluginModel;.<clinit>()V> (0x000000008532de70) 
thrown [s\src\hotspot\share\prims\jni.cpp, line 1144]
Event: 35.784 Thread 0x00000293b751b830 Exception <a 'java/lang/NoSuchMethodError'{0x0000000085344db8}: static Lorg/gradle/api/internal/catalog/VersionModel;.<clinit>()V> (0x0000000085344db8) 
thrown [s\src\hotspot\share\prims\jni.cpp, line 1144]
Event: 35.871 Thread 0x00000293b751b830 Exception <a 'java/lang/NoSuchMethodError'{0x0000000084f32a48}: 'int java.lang.invoke.DirectMethodHandle$Holder.invokeSpecialIFC(java.lang.Object, java.lang.Object, java.lang.Object)'> (0x0000000084f32a48) 
thrown [s\src\hotspot\share\interpreter\linkResolver.cpp, line 784]
Event: 35.962 Thread 0x00000293b751b830 Exception <a 'java/lang/NoSuchMethodError'{0x000000008fab38b0}: 'void java.lang.invoke.DirectMethodHandle$Holder.invokeStatic(java.lang.Object, java.lang.Object, java.lang.Object, int, java.lang.Object)'> (0x000000008fab38b0) 
thrown [s\src\hotspot\share\interpreter\linkResolver.cpp, line 784]
Event: 35.970 Thread 0x00000293b751b830 Implicit null exception at 0x00000293a488dd1e to 0x00000293a488dfa8
Event: 36.164 Thread 0x00000293b751b830 Exception <a 'sun/nio/fs/WindowsException'{0x000000008d332980}> (0x000000008d332980) 
thrown [s\src\hotspot\share\prims\jni.cpp, line 537]

ZGC Phase Switch (0 events):
No events

VM Operations (20 events):
Event: 36.189 Executing VM operation: HandshakeAllThreads (Deoptimize)
Event: 36.189 Executing VM operation: HandshakeAllThreads (Deoptimize) done
Event: 36.466 Executing VM operation: HandshakeAllThreads (Deoptimize)
Event: 36.466 Executing VM operation: HandshakeAllThreads (Deoptimize) done
Event: 36.518 Executing VM operation: HandshakeAllThreads (Deoptimize)
Event: 36.518 Executing VM operation: HandshakeAllThreads (Deoptimize) done
Event: 36.622 Executing VM operation: HandshakeAllThreads (Deoptimize)
Event: 36.622 Executing VM operation: HandshakeAllThreads (Deoptimize) done
Event: 36.743 Executing VM operation: HandshakeAllThreads (Deoptimize)
Event: 36.743 Executing VM operation: HandshakeAllThreads (Deoptimize) done
Event: 36.809 Executing VM operation: HandshakeAllThreads (Deoptimize)
Event: 36.810 Executing VM operation: HandshakeAllThreads (Deoptimize) done
Event: 36.963 Executing VM operation: HandshakeAllThreads (Deoptimize)
Event: 36.963 Executing VM operation: HandshakeAllThreads (Deoptimize) done
Event: 36.963 Executing VM operation: Cleanup
Event: 36.963 Executing VM operation: Cleanup done
Event: 37.244 Executing VM operation: HandshakeAllThreads (Deoptimize)
Event: 37.244 Executing VM operation: HandshakeAllThreads (Deoptimize) done
Event: 37.615 Executing VM operation: ICBufferFull
Event: 37.615 Executing VM operation: ICBufferFull done

Memory protections (0 events):
No events

Nmethod flushes (20 events):
Event: 35.924 Thread 0x00000293b1c2cfb0 flushing  nmethod 0x000002939d584b10
Event: 35.924 Thread 0x00000293b1c2cfb0 flushing  nmethod 0x000002939d587410
Event: 35.924 Thread 0x00000293b1c2cfb0 flushing  nmethod 0x000002939d588e10
Event: 35.924 Thread 0x00000293b1c2cfb0 flushing  nmethod 0x000002939d58a890
Event: 35.924 Thread 0x00000293b1c2cfb0 flushing  nmethod 0x00000293a48f0890
Event: 35.924 Thread 0x00000293b1c2cfb0 flushing  nmethod 0x00000293a497c910
Event: 35.924 Thread 0x00000293b1c2cfb0 flushing  nmethod 0x00000293a4981510
Event: 35.924 Thread 0x00000293b1c2cfb0 flushing  nmethod 0x000002939cacb910
Event: 35.924 Thread 0x00000293b1c2cfb0 flushing  nmethod 0x000002939cba2910
Event: 35.924 Thread 0x00000293b1c2cfb0 flushing  nmethod 0x000002939cce7190
Event: 35.924 Thread 0x00000293b1c2cfb0 flushing  nmethod 0x000002939cceca90
Event: 35.924 Thread 0x00000293b1c2cfb0 flushing  nmethod 0x000002939cd92390
Event: 35.924 Thread 0x00000293b1c2cfb0 flushing  nmethod 0x000002939ce9a610
Event: 35.924 Thread 0x00000293b1c2cfb0 flushing  nmethod 0x000002939cf34290
Event: 35.924 Thread 0x00000293b1c2cfb0 flushing  nmethod 0x000002939d0a2010
Event: 35.924 Thread 0x00000293b1c2cfb0 flushing  nmethod 0x000002939d173d10
Event: 35.924 Thread 0x00000293b1c2cfb0 flushing  nmethod 0x000002939d24be10
Event: 35.924 Thread 0x00000293b1c2cfb0 flushing  nmethod 0x000002939d4a6010
Event: 35.924 Thread 0x00000293b1c2cfb0 flushing  nmethod 0x000002939d682890
Event: 35.924 Thread 0x00000293b1c2cfb0 flushing  nmethod 0x000002939d683010

Events (20 events):
Event: 34.186 Thread 0x00000293bf2408d0 Thread exited: 0x00000293bf2408d0
Event: 34.834 Thread 0x00000293b1ccc3b0 Thread added: 0x00000293bf242410
Event: 34.835 Thread 0x00000293b1ccc3b0 Thread added: 0x00000293bf243f50
Event: 34.841 Thread 0x00000293bf243f50 Thread added: 0x00000293bf2431b0
Event: 35.547 Thread 0x00000293bf242410 Thread added: 0x00000293bf242ae0
Event: 35.601 Thread 0x00000293bf2431b0 Thread added: 0x00000293bf243880
Event: 35.660 Thread 0x00000293b1ccc3b0 Thread added: 0x00000293bf2408d0
Event: 35.927 Thread 0x00000293bf2408d0 Thread exited: 0x00000293bf2408d0
Event: 35.962 Thread 0x00000293bf243880 Thread exited: 0x00000293bf243880
Event: 36.123 Thread 0x00000293bf242ae0 Thread exited: 0x00000293bf242ae0
Event: 36.544 Thread 0x00000293b1ccce50 Thread added: 0x00000293bf242ae0
Event: 36.664 Thread 0x00000293bf242ae0 Thread exited: 0x00000293bf242ae0
Event: 36.716 Thread 0x00000293b1ccce50 Thread added: 0x00000293bf2408d0
Event: 36.716 Thread 0x00000293b1ccce50 Thread added: 0x00000293bf242ae0
Event: 36.719 Thread 0x00000293bf2431b0 Thread added: 0x00000293bf243880
Event: 36.998 Thread 0x00000293bf242410 Thread added: 0x00000293bd3b36a0
Event: 37.246 Thread 0x00000293bd3b36a0 Thread exited: 0x00000293bd3b36a0
Event: 37.246 Thread 0x00000293bf243880 Thread exited: 0x00000293bf243880
Event: 37.253 Thread 0x00000293bf242ae0 Thread exited: 0x00000293bf242ae0
Event: 37.451 Thread 0x00000293bf242410 Thread added: 0x00000293bf242ae0


Dynamic libraries:
0x00007ff7bb670000 - 0x00007ff7bb67a000 	C:\Program Files\Android\Android Studio\jbr\bin\java.exe
0x00007ff80a0a0000 - 0x00007ff80a308000 	C:\WINDOWS\SYSTEM32\ntdll.dll
0x00007fffdf6a0000 - 0x00007fffdf6c0000 	C:\Program Files\AVG\Antivirus\aswhook.dll
0x00007ff8098b0000 - 0x00007ff809979000 	C:\WINDOWS\System32\KERNEL32.DLL
0x00007ff8072b0000 - 0x00007ff8076a1000 	C:\WINDOWS\System32\KERNELBASE.dll
0x00007ff807760000 - 0x00007ff8078ab000 	C:\WINDOWS\System32\ucrtbase.dll
0x00007fffe19e0000 - 0x00007fffe19fb000 	C:\Program Files\Android\Android Studio\jbr\bin\VCRUNTIME140.dll
0x00007fffa08c0000 - 0x00007fffa08d8000 	C:\Program Files\Android\Android Studio\jbr\bin\jli.dll
0x00007ff8085e0000 - 0x00007ff8087a6000 	C:\WINDOWS\System32\USER32.dll
0x00007ff807280000 - 0x00007ff8072a7000 	C:\WINDOWS\System32\win32u.dll
0x00007fffe0eb0000 - 0x00007fffe1143000 	C:\WINDOWS\WinSxS\amd64_microsoft.windows.common-controls_6595b64144ccf1df_6.0.26100.7705_none_3e06597ae3363b04\COMCTL32.dll
0x00007ff809eb0000 - 0x00007ff809edb000 	C:\WINDOWS\System32\GDI32.dll
0x00007ff8091e0000 - 0x00007ff809289000 	C:\WINDOWS\System32\msvcrt.dll
0x00007ff807af0000 - 0x00007ff807c1b000 	C:\WINDOWS\System32\gdi32full.dll
0x00007ff807d90000 - 0x00007ff807e33000 	C:\WINDOWS\System32\msvcp_win.dll
0x00007ff8082e0000 - 0x00007ff808311000 	C:\WINDOWS\System32\IMM32.DLL
0x00007ff800df0000 - 0x00007ff800dfc000 	C:\Program Files\Android\Android Studio\jbr\bin\vcruntime140_1.dll
0x00007fff81330000 - 0x00007fff813bd000 	C:\Program Files\Android\Android Studio\jbr\bin\msvcp140.dll
0x00007fff11e00000 - 0x00007fff12a96000 	C:\Program Files\Android\Android Studio\jbr\bin\server\jvm.dll
0x00007ff8097d0000 - 0x00007ff809884000 	C:\WINDOWS\System32\ADVAPI32.dll
0x00007ff808450000 - 0x00007ff8084f6000 	C:\WINDOWS\System32\sechost.dll
0x00007ff809410000 - 0x00007ff809528000 	C:\WINDOWS\System32\RPCRT4.dll
0x00007ff809f50000 - 0x00007ff809fc4000 	C:\WINDOWS\System32\WS2_32.dll
0x00007ff8055a0000 - 0x00007ff8055fe000 	C:\WINDOWS\SYSTEM32\POWRPROF.dll
0x00007ff8012c0000 - 0x00007ff8012cb000 	C:\WINDOWS\SYSTEM32\VERSION.dll
0x00007ff800040000 - 0x00007ff800075000 	C:\WINDOWS\SYSTEM32\WINMM.dll
0x00007ff805580000 - 0x00007ff805594000 	C:\WINDOWS\SYSTEM32\UMPDC.dll
0x00007ff805850000 - 0x00007ff80586b000 	C:\WINDOWS\SYSTEM32\kernel.appcore.dll
0x00007fffe19d0000 - 0x00007fffe19da000 	C:\Program Files\Android\Android Studio\jbr\bin\jimage.dll
0x00007ff804830000 - 0x00007ff804a72000 	C:\WINDOWS\SYSTEM32\DBGHELP.DLL
0x00007ff809b20000 - 0x00007ff809ea6000 	C:\WINDOWS\System32\combase.dll
0x00007ff808f90000 - 0x00007ff809067000 	C:\WINDOWS\System32\OLEAUT32.dll
0x00007ffff4850000 - 0x00007ffff488b000 	C:\WINDOWS\SYSTEM32\dbgcore.DLL
0x00007ff8076b0000 - 0x00007ff807755000 	C:\WINDOWS\System32\bcryptPrimitives.dll
0x00007fffda360000 - 0x00007fffda36e000 	C:\Program Files\Android\Android Studio\jbr\bin\instrument.dll
0x00007fffb35b0000 - 0x00007fffb35d0000 	C:\Program Files\Android\Android Studio\jbr\bin\java.dll
0x00007fffb3590000 - 0x00007fffb35a8000 	C:\Program Files\Android\Android Studio\jbr\bin\zip.dll
0x00007ff808830000 - 0x00007ff808f81000 	C:\WINDOWS\System32\SHELL32.dll
0x00007ff807c20000 - 0x00007ff807d8a000 	C:\WINDOWS\System32\wintypes.dll
0x00007ff806980000 - 0x00007ff8071e2000 	C:\WINDOWS\System32\windows.storage.dll
0x00007ff809290000 - 0x00007ff809386000 	C:\WINDOWS\System32\SHCORE.dll
0x00007ff809760000 - 0x00007ff8097c7000 	C:\WINDOWS\System32\shlwapi.dll
0x00007ff8068a0000 - 0x00007ff8068c9000 	C:\WINDOWS\SYSTEM32\profapi.dll
0x00007fffe19c0000 - 0x00007fffe19d0000 	C:\Program Files\Android\Android Studio\jbr\bin\net.dll
0x00007ffff65a0000 - 0x00007ffff66c7000 	C:\WINDOWS\SYSTEM32\WINHTTP.dll
0x00007ff805dc0000 - 0x00007ff805e2b000 	C:\WINDOWS\system32\mswsock.dll
0x00007fffab760000 - 0x00007fffab776000 	C:\Program Files\Android\Android Studio\jbr\bin\nio.dll
0x00007fffdd340000 - 0x00007fffdd350000 	C:\Program Files\Android\Android Studio\jbr\bin\verify.dll
0x00007fffa05e0000 - 0x00007fffa0607000 	C:\Users\ASUS\.gradle\native\1def1411415f61bf3af743bc5b6707747c0891f09f0c88961ee8f79bc544acac\windows-amd64\native-platform.dll
0x00007fff86e00000 - 0x00007fff86e78000 	C:\Users\ASUS\.gradle\native\0.2.7\x86_64-windows-gnu\gradle-fileevents.dll
0x00007fffe0330000 - 0x00007fffe0339000 	C:\Program Files\Android\Android Studio\jbr\bin\management.dll
0x00007fffe0030000 - 0x00007fffe003b000 	C:\Program Files\Android\Android Studio\jbr\bin\management_ext.dll
0x00007ff8082d0000 - 0x00007ff8082d8000 	C:\WINDOWS\System32\PSAPI.DLL
0x00007ff805190000 - 0x00007ff8051c4000 	C:\WINDOWS\SYSTEM32\IPHLPAPI.DLL
0x00007ff8085c0000 - 0x00007ff8085ca000 	C:\WINDOWS\System32\NSI.dll
0x00007fffe0410000 - 0x00007fffe0419000 	C:\Program Files\Android\Android Studio\jbr\bin\extnet.dll
0x00007ff806090000 - 0x00007ff8060ab000 	C:\WINDOWS\SYSTEM32\CRYPTSP.dll
0x00007ff8057b0000 - 0x00007ff8057e9000 	C:\WINDOWS\system32\rsaenh.dll
0x00007ff805e70000 - 0x00007ff805e9b000 	C:\WINDOWS\SYSTEM32\USERENV.dll
0x00007ff806870000 - 0x00007ff80689a000 	C:\WINDOWS\SYSTEM32\bcrypt.dll
0x00007ff806080000 - 0x00007ff80608c000 	C:\WINDOWS\SYSTEM32\CRYPTBASE.dll
0x00007fffd3280000 - 0x00007fffd3288000 	C:\WINDOWS\system32\wshunix.dll
0x00007ff805220000 - 0x00007ff80534c000 	C:\WINDOWS\SYSTEM32\DNSAPI.dll
0x00007ffff6a50000 - 0x00007ffff6a5b000 	C:\Windows\System32\rasadhlp.dll
0x00007ffff7e00000 - 0x00007ffff7e86000 	C:\WINDOWS\System32\fwpuclnt.dll

JVMTI agents:
C:\Users\ASUS\.gradle\wrapper\dists\gradle-8.13-bin\5xuhj0ry160q40clulazy9h7d\gradle-8.13\lib\agents\gradle-instrumentation-agent-8.13.jar path:C:\Program Files\Android\Android Studio\jbr\bin\instrument.dll, loaded, initialized, instrumentlib options:none

dbghelp: loaded successfully - version: 4.0.5 - missing functions: none
symbol engine: initialized successfully - sym options: 0x614 - pdb path: .;C:\Program Files\Android\Android Studio\jbr\bin;C:\WINDOWS\SYSTEM32;C:\Program Files\AVG\Antivirus;C:\WINDOWS\WinSxS\amd64_microsoft.windows.common-controls_6595b64144ccf1df_6.0.26100.7705_none_3e06597ae3363b04;C:\Program Files\Android\Android Studio\jbr\bin\server;C:\Users\ASUS\.gradle\native\1def1411415f61bf3af743bc5b6707747c0891f09f0c88961ee8f79bc544acac\windows-amd64;C:\Users\ASUS\.gradle\native\0.2.7\x86_64-windows-gnu

VM Arguments:
jvm_args: --add-opens=java.base/java.lang=ALL-UNNAMED --add-opens=java.base/java.lang.invoke=ALL-UNNAMED --add-opens=java.base/java.util=ALL-UNNAMED --add-opens=java.prefs/java.util.prefs=ALL-UNNAMED --add-exports=jdk.compiler/com.sun.tools.javac.api=ALL-UNNAMED --add-exports=jdk.compiler/com.sun.tools.javac.util=ALL-UNNAMED --add-opens=java.base/java.util=ALL-UNNAMED --add-opens=java.prefs/java.util.prefs=ALL-UNNAMED --add-opens=java.base/java.nio.charset=ALL-UNNAMED --add-opens=java.base/java.net=ALL-UNNAMED --add-opens=java.base/java.util.concurrent.atomic=ALL-UNNAMED --add-opens=java.xml/javax.xml.namespace=ALL-UNNAMED -Xmx2048m -Dfile.encoding=UTF-8 -Duser.country=IN -Duser.language=en -Duser.variant -javaagent:C:\Users\ASUS\.gradle\wrapper\dists\gradle-8.13-bin\5xuhj0ry160q40clulazy9h7d\gradle-8.13\lib\agents\gradle-instrumentation-agent-8.13.jar 
java_command: org.gradle.launcher.daemon.bootstrap.GradleDaemon 8.13
java_class_path (initial): C:\Users\ASUS\.gradle\wrapper\dists\gradle-8.13-bin\5xuhj0ry160q40clulazy9h7d\gradle-8.13\lib\gradle-daemon-main-8.13.jar
Launcher Type: SUN_STANDARD

[Global flags]
     intx CICompilerCount                          = 12                                        {product} {ergonomic}
     uint ConcGCThreads                            = 3                                         {product} {ergonomic}
     uint G1ConcRefinementThreads                  = 13                                        {product} {ergonomic}
   size_t G1HeapRegionSize                         = 1048576                                   {product} {ergonomic}
    uintx GCDrainStackTargetSize                   = 64                                        {product} {ergonomic}
   size_t InitialHeapSize                          = 264241152                                 {product} {ergonomic}
   size_t MarkStackSize                            = 4194304                                   {product} {ergonomic}
   size_t MaxHeapSize                              = 2147483648                                {product} {command line}
   size_t MaxNewSize                               = 1287651328                                {product} {ergonomic}
   size_t MinHeapDeltaBytes                        = 1048576                                   {product} {ergonomic}
   size_t MinHeapSize                              = 8388608                                   {product} {ergonomic}
    uintx NonNMethodCodeHeapSize                   = 7602480                                {pd product} {ergonomic}
    uintx NonProfiledCodeHeapSize                  = 122027880                              {pd product} {ergonomic}
    uintx ProfiledCodeHeapSize                     = 122027880                              {pd product} {ergonomic}
    uintx ReservedCodeCacheSize                    = 251658240                              {pd product} {ergonomic}
     bool SegmentedCodeCache                       = true                                      {product} {ergonomic}
   size_t SoftMaxHeapSize                          = 2147483648                             {manageable} {ergonomic}
     bool UseCompressedOops                        = true                           {product lp64_product} {ergonomic}
     bool UseG1GC                                  = true                                      {product} {ergonomic}
     bool UseLargePagesIndividualAllocation        = false                                  {pd product} {ergonomic}

Logging:
Log output configuration:
 #0: stdout all=warning uptime,level,tags foldmultilines=false
 #1: stderr all=off uptime,level,tags foldmultilines=false

Environment Variables:
JAVA_HOME=C:\Users\ASUS\Downloads\openjdk-24.0.1_windows-x64_bin\jdk-24.0.1
PATH=C:\app\ASUS\product\21c\dbhomeXE\bin;C:\Program Files\Eclipse Adoptium\jdk-8.0.452.9-hotspot\bin;C:\Users\ASUS\Downloads\openjdk-24.0.1_windows-x64_bin\jdk-24.0.1\bin;C:\Windows\system32;C:\Windows;C:\Windows\System32\Wbem;C:\Windows\System32\WindowsPowerShell\v1.0\;C:\Windows\System32\OpenSSH\;C:\Program Files (x86)\NVIDIA Corporation\PhysX\Common;C:\Program Files\NVIDIA Corporation\NVIDIA NvDLISR;C:\MinGW\bin;C:\Users\ASUS\OneDrive\Desktop\flutter_windows_3.13.9-stable\flutter\bin;C:\Program Files\Git\cmd;D:\Program Files\nodejs\;C:\WINDOWS\system32;C:\WINDOWS;C:\WINDOWS\System32\Wbem;C:\WINDOWS\System32\WindowsPowerShell\v1.0\;C:\WINDOWS\System32\OpenSSH\;D:\DockerPrograms\resources\bin;C:\Users\ASUS\AppData\Local\Microsoft\WindowsApps;C:\Users\ASUS\AppData\Local\Programs\Microsoft VS Code\bin;C:\MinGW;;D:\Program Files\JetBrains\PyCharm 2024.3.1.1\bin;;C:\Users\ASUS\AppData\Roaming\npm
USERNAME=ASUS
OS=Windows_NT
PROCESSOR_IDENTIFIER=Intel64 Family 6 Model 154 Stepping 3, GenuineIntel
TMP=C:\Users\ASUS\AppData\Local\Temp
TEMP=C:\Users\ASUS\AppData\Local\Temp




Periodic native trim disabled

JNI global refs:
JNI global refs: 41, weak refs: 12

JNI global refs memory usage: 835, weak refs: 833

Process memory usage:
Resident Set Size: 412400K (2% of 16388964K total physical memory with 2006884K free physical memory)

OOME stack traces (most recent first):
Classloader memory used:
