#
# There is insufficient memory for the Java Runtime Environment to continue.
# Native memory allocation (mmap) failed to map 57671680 bytes. Error detail: G1 virtual space
# Possible reasons:
#   The system is out of physical RAM or swap space
#   This process is running with CompressedOops enabled, and the Java Heap may be blocking the growth of the native heap
# Possible solutions:
#   Reduce memory load on the system
#   Increase physical memory or swap space
#   Check if swap backing store is full
#   Decrease Java heap size (-Xmx/-Xms)
#   Decrease number of Java threads
#   Decrease Java thread stack sizes (-Xss)
#   Set larger code cache with -XX:ReservedCodeCacheSize=
#   JVM is running with Unscaled Compressed Oops mode in which the Java heap is
#     placed in the first 4GB address space. The Java Heap base address is the
#     maximum limit for the native heap growth. Please use -XX:HeapBaseMinAddress
#     to set the Java Heap base and to place the Java Heap above 4GB virtual address.
# This output file may be truncated or incomplete.
#
#  Out of Memory Error (os_windows.cpp:3925), pid=12992, tid=30896
#
# JRE version: OpenJDK Runtime Environment (21.0.8) (build 21.0.8+-14196175-b1038.72)
# Java VM: OpenJDK 64-Bit Server VM (21.0.8+-14196175-b1038.72, mixed mode, tiered, compressed oops, compressed class ptrs, g1 gc, windows-amd64)
# No core dump will be written. Minidumps are not enabled by default on client versions of Windows
#

---------------  S U M M A R Y ------------

Command Line: --add-opens=java.base/java.lang=ALL-UNNAMED --add-opens=java.base/java.lang.invoke=ALL-UNNAMED --add-opens=java.base/java.util=ALL-UNNAMED --add-opens=java.prefs/java.util.prefs=ALL-UNNAMED --add-exports=jdk.compiler/com.sun.tools.javac.api=ALL-UNNAMED --add-exports=jdk.compiler/com.sun.tools.javac.util=ALL-UNNAMED --add-opens=java.base/java.util=ALL-UNNAMED --add-opens=java.prefs/java.util.prefs=ALL-UNNAMED --add-opens=java.base/java.nio.charset=ALL-UNNAMED --add-opens=java.base/java.net=ALL-UNNAMED --add-opens=java.base/java.util.concurrent.atomic=ALL-UNNAMED --add-opens=java.xml/javax.xml.namespace=ALL-UNNAMED -Xmx2048m -Dfile.encoding=UTF-8 -Duser.country=IN -Duser.language=en -Duser.variant -javaagent:C:\Users\ASUS\.gradle\wrapper\dists\gradle-8.13-bin\5xuhj0ry160q40clulazy9h7d\gradle-8.13\lib\agents\gradle-instrumentation-agent-8.13.jar org.gradle.launcher.daemon.bootstrap.GradleDaemon 8.13

Host: 12th Gen Intel(R) Core(TM) i5-12500H, 16 cores, 15G,  Windows 11 , 64 bit Build 26100 (10.0.26100.7705)
Time: Thu Feb 19 01:40:11 2026 India Standard Time elapsed time: 7.421646 seconds (0d 0h 0m 7s)

---------------  T H R E A D  ---------------

Current thread (0x000001fe78a6edc0):  VMThread "VM Thread"          [id=30896, stack(0x000000e439300000,0x000000e439400000) (1024K)]

Stack: [0x000000e439300000,0x000000e439400000]
Native frames: (J=compiled Java code, j=interpreted, Vv=VM code, C=native code)
V  [jvm.dll+0x6d68d9]
V  [jvm.dll+0x866693]
V  [jvm.dll+0x868c4e]
V  [jvm.dll+0x869333]
V  [jvm.dll+0x280566]
V  [jvm.dll+0x6d3195]
V  [jvm.dll+0x6c69ea]
V  [jvm.dll+0x3586db]
V  [jvm.dll+0x360336]
V  [jvm.dll+0x3b23f6]
V  [jvm.dll+0x3b26c8]
V  [jvm.dll+0x32ae6c]
V  [jvm.dll+0x32aef7]
V  [jvm.dll+0x370d3c]
V  [jvm.dll+0x36f4ee]
V  [jvm.dll+0x32a5c1]
V  [jvm.dll+0x36ef1b]
V  [jvm.dll+0x86f0b8]
V  [jvm.dll+0x870434]
V  [jvm.dll+0x870970]
V  [jvm.dll+0x870c03]
V  [jvm.dll+0x80eac8]
V  [jvm.dll+0x6d512d]
C  [ucrtbase.dll+0x37b0]
C  [KERNEL32.DLL+0x2e8d7]
C  [ntdll.dll+0x8c40c]

VM_Operation (0x000000e43b7f4110): G1TryInitiateConcMark, mode: safepoint, requested by thread 0x000001fe7efc9ab0


---------------  P R O C E S S  ---------------

Threads class SMR info:
_java_thread_list=0x000001fe10a392c0, length=109, elements={
0x000001fe6d911bd0, 0x000001fe78ae5c20, 0x000001fe78aeec20, 0x000001fe78aef7b0,
0x000001fe78b25280, 0x000001fe78b1b560, 0x000001fe78b1bfc0, 0x000001fe78b1ca20,
0x000001fe78b10e70, 0x000001fe78b30e50, 0x000001fe78cf0980, 0x000001fe78d12460,
0x000001fe78d12f20, 0x000001fe7d0e35d0, 0x000001fe7e737040, 0x000001fe7f12af40,
0x000001fe7f0ece50, 0x000001fe7f1efec0, 0x000001fe7efc8dd0, 0x000001fe7efc9440,
0x000001fe7efc9ab0, 0x000001fe7f168620, 0x000001fe7f1699d0, 0x000001fe7f166be0,
0x000001fe7f167900, 0x000001fe7f167270, 0x000001fe7f168cb0, 0x000001fe7f16a060,
0x000001fe7f169340, 0x000001fe7f6326e0, 0x000001fe7f631330, 0x000001fe7f632050,
0x000001fe7f630ca0, 0x000001fe7f6319c0, 0x000001fe7f62f260, 0x000001fe7f632d70,
0x000001fe7f62f8f0, 0x000001fe7f633a90, 0x000001fe7f630610, 0x000001fe7f634120,
0x000001fe7f6347b0, 0x000001fe7f635b60, 0x000001fe7f634e40, 0x000001fe7f6354d0,
0x000001fe7f6361f0, 0x000001fe7f636880, 0x000001fe0f1f6f30, 0x000001fe0f1f9000,
0x000001fe0f1f68a0, 0x000001fe0f1f75c0, 0x000001fe0f1f9690, 0x000001fe0f1f7c50,
0x000001fe0f1f82e0, 0x000001fe0f1f6210, 0x000001fe0f1fbdf0, 0x000001fe0f1fa3b0,
0x000001fe0f1fb760, 0x000001fe0f1f8970, 0x000001fe0f1fcb10, 0x000001fe0f1f9d20,
0x000001fe0f1faa40, 0x000001fe0f1fd830, 0x000001fe12127810, 0x000001fe12124a20,
0x000001fe12126460, 0x000001fe121250b0, 0x000001fe12127ea0, 0x000001fe12125740,
0x000001fe12126af0, 0x000001fe12128530, 0x000001fe12128bc0, 0x000001fe12125dd0,
0x000001fe121298e0, 0x000001fe12129f70, 0x000001fe1212a600, 0x000001fe12127180,
0x000001fe1212ac90, 0x000001fe1212c040, 0x000001fe1212b320, 0x000001fe1212b9b0,
0x000001fe12129250, 0x000001fe7e7123c0, 0x000001fe7e712a50, 0x000001fe7e711010,
0x000001fe7e714b20, 0x000001fe7e7130e0, 0x000001fe7e714490, 0x000001fe7e7116a0,
0x000001fe7e7151b0, 0x000001fe7e713770, 0x000001fe7e713e00, 0x000001fe7e711d30,
0x000001fe7e718630, 0x000001fe7e717fa0, 0x000001fe7e715840, 0x000001fe7e716bf0,
0x000001fe7e717910, 0x000001fe7e715ed0, 0x000001fe7e716560, 0x000001fe7e717280,
0x000001fe7d7460a0, 0x000001fe7d745380, 0x000001fe7d745a10, 0x000001fe10216a50,
0x000001fe10420680, 0x000001fe10e026c0, 0x000001fe10f04540, 0x000001fe10150810,
0x000001fe7d6f4780
}

Java Threads: ( => current thread )
  0x000001fe6d911bd0 JavaThread "main"                              [_thread_blocked, id=27192, stack(0x000000e438c00000,0x000000e438d00000) (1024K)]
  0x000001fe78ae5c20 JavaThread "Common-Cleaner"             daemon [_thread_blocked, id=15188, stack(0x000000e439400000,0x000000e439500000) (1024K)]
  0x000001fe78aeec20 JavaThread "Reference Handler"          daemon [_thread_blocked, id=34128, stack(0x000000e439500000,0x000000e439600000) (1024K)]
  0x000001fe78aef7b0 JavaThread "Finalizer"                  daemon [_thread_blocked, id=34028, stack(0x000000e439600000,0x000000e439700000) (1024K)]
  0x000001fe78b25280 JavaThread "Signal Dispatcher"          daemon [_thread_blocked, id=23876, stack(0x000000e439700000,0x000000e439800000) (1024K)]
  0x000001fe78b1b560 JavaThread "Attach Listener"            daemon [_thread_blocked, id=8612, stack(0x000000e439800000,0x000000e439900000) (1024K)]
  0x000001fe78b1bfc0 JavaThread "Service Thread"             daemon [_thread_blocked, id=15476, stack(0x000000e439900000,0x000000e439a00000) (1024K)]
  0x000001fe78b1ca20 JavaThread "Monitor Deflation Thread"   daemon [_thread_blocked, id=21836, stack(0x000000e439a00000,0x000000e439b00000) (1024K)]
  0x000001fe78b10e70 JavaThread "C2 CompilerThread0"         daemon [_thread_blocked, id=24428, stack(0x000000e439b00000,0x000000e439c00000) (1024K)]
  0x000001fe78b30e50 JavaThread "C1 CompilerThread0"         daemon [_thread_blocked, id=16472, stack(0x000000e439c00000,0x000000e439d00000) (1024K)]
  0x000001fe78cf0980 JavaThread "C1 CompilerThread1"         daemon [_thread_blocked, id=29196, stack(0x000000e439d00000,0x000000e439e00000) (1024K)]
  0x000001fe78d12460 JavaThread "C1 CompilerThread2"         daemon [_thread_blocked, id=6416, stack(0x000000e439e00000,0x000000e439f00000) (1024K)]
  0x000001fe78d12f20 JavaThread "C1 CompilerThread3"         daemon [_thread_blocked, id=12700, stack(0x000000e439f00000,0x000000e43a000000) (1024K)]
  0x000001fe7d0e35d0 JavaThread "Notification Thread"        daemon [_thread_blocked, id=32856, stack(0x000000e43a000000,0x000000e43a100000) (1024K)]
  0x000001fe7e737040 JavaThread "Daemon health stats"               [_thread_blocked, id=22288, stack(0x000000e43aa00000,0x000000e43ab00000) (1024K)]
  0x000001fe7f12af40 JavaThread "Incoming local TCP Connector on port 49693"        [_thread_in_native, id=27248, stack(0x000000e43ab00000,0x000000e43ac00000) (1024K)]
  0x000001fe7f0ece50 JavaThread "Daemon periodic checks"            [_thread_blocked, id=34072, stack(0x000000e43ac00000,0x000000e43ad00000) (1024K)]
  0x000001fe7f1efec0 JavaThread "Daemon"                            [_thread_blocked, id=5500, stack(0x000000e43b400000,0x000000e43b500000) (1024K)]
  0x000001fe7efc8dd0 JavaThread "Handler for socket connection from /127.0.0.1:49693 to /127.0.0.1:49694"        [_thread_in_native, id=9968, stack(0x000000e43b500000,0x000000e43b600000) (1024K)]
  0x000001fe7efc9440 JavaThread "Cancel handler"                    [_thread_blocked, id=4984, stack(0x000000e43b600000,0x000000e43b700000) (1024K)]
  0x000001fe7efc9ab0 JavaThread "Daemon worker"                     [_thread_blocked, id=19304, stack(0x000000e43b700000,0x000000e43b800000) (1024K)]
  0x000001fe7f168620 JavaThread "Asynchronous log dispatcher for DefaultDaemonConnection: socket connection from /127.0.0.1:49693 to /127.0.0.1:49694"        [_thread_blocked, id=32572, stack(0x000000e43b800000,0x000000e43b900000) (1024K)]
  0x000001fe7f1699d0 JavaThread "Stdin handler"                     [_thread_blocked, id=32852, stack(0x000000e43b900000,0x000000e43ba00000) (1024K)]
  0x000001fe7f166be0 JavaThread "Daemon client event forwarder"        [_thread_blocked, id=33568, stack(0x000000e43ba00000,0x000000e43bb00000) (1024K)]
  0x000001fe7f167900 JavaThread "Cache worker for journal cache (C:\Users\ASUS\.gradle\caches\journal-1)"        [_thread_blocked, id=18628, stack(0x000000e43bd00000,0x000000e43be00000) (1024K)]
  0x000001fe7f167270 JavaThread "File lock request listener"        [_thread_in_native, id=1660, stack(0x000000e43be00000,0x000000e43bf00000) (1024K)]
  0x000001fe7f168cb0 JavaThread "Cache worker for file hash cache (C:\Users\ASUS\.gradle\caches\8.13\fileHashes)"        [_thread_blocked, id=13140, stack(0x000000e43bf00000,0x000000e43c000000) (1024K)]
  0x000001fe7f16a060 JavaThread "Cache worker for file hash cache (C:\Users\ASUS\MAJORPROJECT\.gradle\8.13\fileHashes)"        [_thread_blocked, id=19444, stack(0x000000e43c000000,0x000000e43c100000) (1024K)]
  0x000001fe7f169340 JavaThread "Cache worker for Build Output Cleanup Cache (C:\Users\ASUS\MAJORPROJECT\.gradle\buildOutputCleanup)"        [_thread_blocked, id=30220, stack(0x000000e43c100000,0x000000e43c200000) (1024K)]
  0x000001fe7f6326e0 JavaThread "File watcher server"        daemon [_thread_in_native, id=14840, stack(0x000000e43c200000,0x000000e43c300000) (1024K)]
  0x000001fe7f631330 JavaThread "File watcher consumer"      daemon [_thread_blocked, id=11316, stack(0x000000e43c300000,0x000000e43c400000) (1024K)]
  0x000001fe7f632050 JavaThread "jar transforms"                    [_thread_blocked, id=3032, stack(0x000000e43a300000,0x000000e43a400000) (1024K)]
  0x000001fe7f630ca0 JavaThread "jar transforms Thread 2"           [_thread_blocked, id=17792, stack(0x000000e43a400000,0x000000e43a500000) (1024K)]
  0x000001fe7f6319c0 JavaThread "Cache worker for checksums cache (C:\Users\ASUS\MAJORPROJECT\.gradle\8.13\checksums)"        [_thread_blocked, id=3780, stack(0x000000e43c800000,0x000000e43c900000) (1024K)]
  0x000001fe7f62f260 JavaThread "Cache worker for file content cache (C:\Users\ASUS\.gradle\caches\8.13\fileContent)"        [_thread_blocked, id=15044, stack(0x000000e43c900000,0x000000e43ca00000) (1024K)]
  0x000001fe7f632d70 JavaThread "jar transforms Thread 3"           [_thread_blocked, id=16116, stack(0x000000e43ca00000,0x000000e43cb00000) (1024K)]
  0x000001fe7f62f8f0 JavaThread "Cache worker for cache directory md-supplier (C:\Users\ASUS\.gradle\caches\8.13\md-supplier)"        [_thread_blocked, id=29092, stack(0x000000e43cb00000,0x000000e43cc00000) (1024K)]
  0x000001fe7f633a90 JavaThread "Cache worker for cache directory md-rule (C:\Users\ASUS\.gradle\caches\8.13\md-rule)"        [_thread_blocked, id=23480, stack(0x000000e43cc00000,0x000000e43cd00000) (1024K)]
  0x000001fe7f630610 JavaThread "Unconstrained build operations"        [_thread_blocked, id=31848, stack(0x000000e43c700000,0x000000e43c800000) (1024K)]
  0x000001fe7f634120 JavaThread "Unconstrained build operations Thread 2"        [_thread_blocked, id=31556, stack(0x000000e43cd00000,0x000000e43ce00000) (1024K)]
  0x000001fe7f6347b0 JavaThread "Unconstrained build operations Thread 3"        [_thread_blocked, id=34168, stack(0x000000e43ce00000,0x000000e43cf00000) (1024K)]
  0x000001fe7f635b60 JavaThread "Unconstrained build operations Thread 4"        [_thread_blocked, id=34320, stack(0x000000e43cf00000,0x000000e43d000000) (1024K)]
  0x000001fe7f634e40 JavaThread "Unconstrained build operations Thread 5"        [_thread_blocked, id=13456, stack(0x000000e43d000000,0x000000e43d100000) (1024K)]
  0x000001fe7f6354d0 JavaThread "Unconstrained build operations Thread 6"        [_thread_blocked, id=34316, stack(0x000000e43d100000,0x000000e43d200000) (1024K)]
  0x000001fe7f6361f0 JavaThread "Unconstrained build operations Thread 7"        [_thread_blocked, id=23172, stack(0x000000e43d200000,0x000000e43d300000) (1024K)]
  0x000001fe7f636880 JavaThread "Unconstrained build operations Thread 8"        [_thread_blocked, id=15784, stack(0x000000e43d300000,0x000000e43d400000) (1024K)]
  0x000001fe0f1f6f30 JavaThread "Unconstrained build operations Thread 9"        [_thread_blocked, id=12752, stack(0x000000e43d400000,0x000000e43d500000) (1024K)]
  0x000001fe0f1f9000 JavaThread "Unconstrained build operations Thread 10"        [_thread_blocked, id=26764, stack(0x000000e43d500000,0x000000e43d600000) (1024K)]
  0x000001fe0f1f68a0 JavaThread "jar transforms Thread 4"           [_thread_blocked, id=23248, stack(0x000000e43d600000,0x000000e43d700000) (1024K)]
  0x000001fe0f1f75c0 JavaThread "jar transforms Thread 5"           [_thread_blocked, id=3068, stack(0x000000e43d700000,0x000000e43d800000) (1024K)]
  0x000001fe0f1f9690 JavaThread "Unconstrained build operations Thread 11"        [_thread_blocked, id=30544, stack(0x000000e43d800000,0x000000e43d900000) (1024K)]
  0x000001fe0f1f7c50 JavaThread "Unconstrained build operations Thread 12"        [_thread_blocked, id=9952, stack(0x000000e43d900000,0x000000e43da00000) (1024K)]
  0x000001fe0f1f82e0 JavaThread "Unconstrained build operations Thread 13"        [_thread_blocked, id=22084, stack(0x000000e43da00000,0x000000e43db00000) (1024K)]
  0x000001fe0f1f6210 JavaThread "Unconstrained build operations Thread 14"        [_thread_blocked, id=28588, stack(0x000000e43db00000,0x000000e43dc00000) (1024K)]
  0x000001fe0f1fbdf0 JavaThread "Unconstrained build operations Thread 15"        [_thread_blocked, id=4456, stack(0x000000e43dc00000,0x000000e43dd00000) (1024K)]
  0x000001fe0f1fa3b0 JavaThread "jar transforms Thread 6"           [_thread_blocked, id=22132, stack(0x000000e43dd00000,0x000000e43de00000) (1024K)]
  0x000001fe0f1fb760 JavaThread "jar transforms Thread 7"           [_thread_blocked, id=18484, stack(0x000000e43de00000,0x000000e43df00000) (1024K)]
  0x000001fe0f1f8970 JavaThread "jar transforms Thread 8"           [_thread_blocked, id=33040, stack(0x000000e43df00000,0x000000e43e000000) (1024K)]
  0x000001fe0f1fcb10 JavaThread "Unconstrained build operations Thread 16"        [_thread_blocked, id=2100, stack(0x000000e43c500000,0x000000e43c600000) (1024K)]
  0x000001fe0f1f9d20 JavaThread "Unconstrained build operations Thread 17"        [_thread_blocked, id=20468, stack(0x000000e43c600000,0x000000e43c700000) (1024K)]
  0x000001fe0f1faa40 JavaThread "Unconstrained build operations Thread 18"        [_thread_blocked, id=23048, stack(0x000000e43e000000,0x000000e43e100000) (1024K)]
  0x000001fe0f1fd830 JavaThread "Unconstrained build operations Thread 19"        [_thread_blocked, id=32260, stack(0x000000e43e100000,0x000000e43e200000) (1024K)]
  0x000001fe12127810 JavaThread "Unconstrained build operations Thread 20"        [_thread_blocked, id=33596, stack(0x000000e43e200000,0x000000e43e300000) (1024K)]
  0x000001fe12124a20 JavaThread "Unconstrained build operations Thread 21"        [_thread_blocked, id=27852, stack(0x000000e43e300000,0x000000e43e400000) (1024K)]
  0x000001fe12126460 JavaThread "Unconstrained build operations Thread 22"        [_thread_blocked, id=31996, stack(0x000000e43e400000,0x000000e43e500000) (1024K)]
  0x000001fe121250b0 JavaThread "Unconstrained build operations Thread 23"        [_thread_blocked, id=28896, stack(0x000000e43e500000,0x000000e43e600000) (1024K)]
  0x000001fe12127ea0 JavaThread "Unconstrained build operations Thread 24"        [_thread_blocked, id=25500, stack(0x000000e43e600000,0x000000e43e700000) (1024K)]
  0x000001fe12125740 JavaThread "Unconstrained build operations Thread 25"        [_thread_blocked, id=30196, stack(0x000000e43e700000,0x000000e43e800000) (1024K)]
  0x000001fe12126af0 JavaThread "Unconstrained build operations Thread 26"        [_thread_blocked, id=11180, stack(0x000000e43e800000,0x000000e43e900000) (1024K)]
  0x000001fe12128530 JavaThread "Unconstrained build operations Thread 27"        [_thread_blocked, id=32520, stack(0x000000e43e900000,0x000000e43ea00000) (1024K)]
  0x000001fe12128bc0 JavaThread "Unconstrained build operations Thread 28"        [_thread_blocked, id=20972, stack(0x000000e43ea00000,0x000000e43eb00000) (1024K)]
  0x000001fe12125dd0 JavaThread "Unconstrained build operations Thread 29"        [_thread_blocked, id=1700, stack(0x000000e43eb00000,0x000000e43ec00000) (1024K)]
  0x000001fe121298e0 JavaThread "Unconstrained build operations Thread 30"        [_thread_blocked, id=27996, stack(0x000000e43ec00000,0x000000e43ed00000) (1024K)]
  0x000001fe12129f70 JavaThread "Unconstrained build operations Thread 31"        [_thread_blocked, id=3396, stack(0x000000e43ed00000,0x000000e43ee00000) (1024K)]
  0x000001fe1212a600 JavaThread "Unconstrained build operations Thread 32"        [_thread_blocked, id=3612, stack(0x000000e43ee00000,0x000000e43ef00000) (1024K)]
  0x000001fe12127180 JavaThread "Unconstrained build operations Thread 33"        [_thread_blocked, id=20776, stack(0x000000e43ef00000,0x000000e43f000000) (1024K)]
  0x000001fe1212ac90 JavaThread "Unconstrained build operations Thread 34"        [_thread_blocked, id=34068, stack(0x000000e43f000000,0x000000e43f100000) (1024K)]
  0x000001fe1212c040 JavaThread "Unconstrained build operations Thread 35"        [_thread_blocked, id=34260, stack(0x000000e43f100000,0x000000e43f200000) (1024K)]
  0x000001fe1212b320 JavaThread "Unconstrained build operations Thread 36"        [_thread_blocked, id=10868, stack(0x000000e43f200000,0x000000e43f300000) (1024K)]
  0x000001fe1212b9b0 JavaThread "Unconstrained build operations Thread 37"        [_thread_blocked, id=33296, stack(0x000000e43f300000,0x000000e43f400000) (1024K)]
  0x000001fe12129250 JavaThread "Unconstrained build operations Thread 38"        [_thread_blocked, id=33172, stack(0x000000e43f400000,0x000000e43f500000) (1024K)]
  0x000001fe7e7123c0 JavaThread "Unconstrained build operations Thread 39"        [_thread_blocked, id=5156, stack(0x000000e43f500000,0x000000e43f600000) (1024K)]
  0x000001fe7e712a50 JavaThread "Unconstrained build operations Thread 40"        [_thread_blocked, id=33052, stack(0x000000e43f600000,0x000000e43f700000) (1024K)]
  0x000001fe7e711010 JavaThread "Unconstrained build operations Thread 41"        [_thread_blocked, id=21480, stack(0x000000e43f700000,0x000000e43f800000) (1024K)]
  0x000001fe7e714b20 JavaThread "Unconstrained build operations Thread 42"        [_thread_blocked, id=27588, stack(0x000000e43f800000,0x000000e43f900000) (1024K)]
  0x000001fe7e7130e0 JavaThread "Unconstrained build operations Thread 43"        [_thread_blocked, id=25876, stack(0x000000e43f900000,0x000000e43fa00000) (1024K)]
  0x000001fe7e714490 JavaThread "Unconstrained build operations Thread 44"        [_thread_blocked, id=32880, stack(0x000000e43fa00000,0x000000e43fb00000) (1024K)]
  0x000001fe7e7116a0 JavaThread "Unconstrained build operations Thread 45"        [_thread_blocked, id=14220, stack(0x000000e43fb00000,0x000000e43fc00000) (1024K)]
  0x000001fe7e7151b0 JavaThread "Unconstrained build operations Thread 46"        [_thread_blocked, id=4032, stack(0x000000e43fc00000,0x000000e43fd00000) (1024K)]
  0x000001fe7e713770 JavaThread "Unconstrained build operations Thread 47"        [_thread_blocked, id=21880, stack(0x000000e43fd00000,0x000000e43fe00000) (1024K)]
  0x000001fe7e713e00 JavaThread "Unconstrained build operations Thread 48"        [_thread_blocked, id=34436, stack(0x000000e43fe00000,0x000000e43ff00000) (1024K)]
  0x000001fe7e711d30 JavaThread "Unconstrained build operations Thread 49"        [_thread_blocked, id=30224, stack(0x000000e43ff00000,0x000000e440000000) (1024K)]
  0x000001fe7e718630 JavaThread "Unconstrained build operations Thread 50"        [_thread_blocked, id=34440, stack(0x000000e440000000,0x000000e440100000) (1024K)]
  0x000001fe7e717fa0 JavaThread "Unconstrained build operations Thread 51"        [_thread_blocked, id=34528, stack(0x000000e440100000,0x000000e440200000) (1024K)]
  0x000001fe7e715840 JavaThread "Unconstrained build operations Thread 52"        [_thread_blocked, id=34548, stack(0x000000e440200000,0x000000e440300000) (1024K)]
  0x000001fe7e716bf0 JavaThread "Unconstrained build operations Thread 53"        [_thread_blocked, id=34536, stack(0x000000e440300000,0x000000e440400000) (1024K)]
  0x000001fe7e717910 JavaThread "Unconstrained build operations Thread 54"        [_thread_blocked, id=34544, stack(0x000000e440400000,0x000000e440500000) (1024K)]
  0x000001fe7e715ed0 JavaThread "Unconstrained build operations Thread 55"        [_thread_blocked, id=34540, stack(0x000000e440500000,0x000000e440600000) (1024K)]
  0x000001fe7e716560 JavaThread "Unconstrained build operations Thread 56"        [_thread_blocked, id=34412, stack(0x000000e440600000,0x000000e440700000) (1024K)]
  0x000001fe7e717280 JavaThread "Unconstrained build operations Thread 57"        [_thread_blocked, id=15468, stack(0x000000e440700000,0x000000e440800000) (1024K)]
  0x000001fe7d7460a0 JavaThread "Unconstrained build operations Thread 58"        [_thread_blocked, id=16096, stack(0x000000e440800000,0x000000e440900000) (1024K)]
  0x000001fe7d745380 JavaThread "Unconstrained build operations Thread 59"        [_thread_blocked, id=19624, stack(0x000000e440900000,0x000000e440a00000) (1024K)]
  0x000001fe7d745a10 JavaThread "Unconstrained build operations Thread 60"        [_thread_blocked, id=15876, stack(0x000000e440a00000,0x000000e440b00000) (1024K)]
  0x000001fe10216a50 JavaThread "C2 CompilerThread1"         daemon [_thread_blocked, id=34552, stack(0x000000e43a100000,0x000000e43a200000) (1024K)]
  0x000001fe10420680 JavaThread "C2 CompilerThread2"         daemon [_thread_blocked, id=34560, stack(0x000000e43a200000,0x000000e43a300000) (1024K)]
  0x000001fe10e026c0 JavaThread "C2 CompilerThread3"         daemon [_thread_blocked, id=14476, stack(0x000000e43c400000,0x000000e43c500000) (1024K)]
  0x000001fe10f04540 JavaThread "C2 CompilerThread4"         daemon [_thread_blocked, id=34576, stack(0x000000e440b00000,0x000000e440c00000) (1024K)]
  0x000001fe10150810 JavaThread "C2 CompilerThread5"         daemon [_thread_blocked, id=20240, stack(0x000000e440c00000,0x000000e440d00000) (1024K)]
  0x000001fe7d6f4780 JavaThread "C2 CompilerThread6"         daemon [_thread_blocked, id=20928, stack(0x000000e440d00000,0x000000e440e00000) (1024K)]
Total: 109

Other Threads:
=>0x000001fe78a6edc0 VMThread "VM Thread"                           [id=30896, stack(0x000000e439300000,0x000000e439400000) (1024K)]
  0x000001fe78a509d0 WatcherThread "VM Periodic Task Thread"        [id=31244, stack(0x000000e439200000,0x000000e439300000) (1024K)]
  0x000001fe6d96a770 WorkerThread "GC Thread#0"                     [id=25768, stack(0x000000e438d00000,0x000000e438e00000) (1024K)]
  0x000001fe7d225f00 WorkerThread "GC Thread#1"                     [id=10544, stack(0x000000e43a500000,0x000000e43a600000) (1024K)]
  0x000001fe7d79e590 WorkerThread "GC Thread#2"                     [id=17080, stack(0x000000e43a600000,0x000000e43a700000) (1024K)]
  0x000001fe7d79e930 WorkerThread "GC Thread#3"                     [id=24528, stack(0x000000e43a700000,0x000000e43a800000) (1024K)]
  0x000001fe7d79ecd0 WorkerThread "GC Thread#4"                     [id=29564, stack(0x000000e43a800000,0x000000e43a900000) (1024K)]
  0x000001fe7d2d6e60 WorkerThread "GC Thread#5"                     [id=22696, stack(0x000000e43a900000,0x000000e43aa00000) (1024K)]
  0x000001fe7efb4750 WorkerThread "GC Thread#6"                     [id=27048, stack(0x000000e43ad00000,0x000000e43ae00000) (1024K)]
  0x000001fe7efb4010 WorkerThread "GC Thread#7"                     [id=26388, stack(0x000000e43ae00000,0x000000e43af00000) (1024K)]
  0x000001fe7efb3190 WorkerThread "GC Thread#8"                     [id=1012, stack(0x000000e43af00000,0x000000e43b000000) (1024K)]
  0x000001fe7efb4af0 WorkerThread "GC Thread#9"                     [id=30900, stack(0x000000e43b000000,0x000000e43b100000) (1024K)]
  0x000001fe7efb3530 WorkerThread "GC Thread#10"                    [id=33032, stack(0x000000e43b100000,0x000000e43b200000) (1024K)]
  0x000001fe7efb38d0 WorkerThread "GC Thread#11"                    [id=29260, stack(0x000000e43b200000,0x000000e43b300000) (1024K)]
  0x000001fe7f23a0c0 WorkerThread "GC Thread#12"                    [id=32364, stack(0x000000e43b300000,0x000000e43b400000) (1024K)]
  0x000001fe6d97b660 ConcurrentGCThread "G1 Main Marker"            [id=27276, stack(0x000000e438e00000,0x000000e438f00000) (1024K)]
  0x000001fe6d97c070 WorkerThread "G1 Conc#0"                       [id=19640, stack(0x000000e438f00000,0x000000e439000000) (1024K)]
  0x000001fe7f239d20 WorkerThread "G1 Conc#1"                       [id=30824, stack(0x000000e43bb00000,0x000000e43bc00000) (1024K)]
  0x000001fe7f23a460 WorkerThread "G1 Conc#2"                       [id=25412, stack(0x000000e43bc00000,0x000000e43bd00000) (1024K)]
  0x000001fe77e2c7c0 ConcurrentGCThread "G1 Refine#0"               [id=2544, stack(0x000000e439000000,0x000000e439100000) (1024K)]
  0x000001fe77e2cfe0 ConcurrentGCThread "G1 Service"                [id=33668, stack(0x000000e439100000,0x000000e439200000) (1024K)]
Total: 21

Threads with active compile tasks:
Total: 0

VM state: at safepoint (normal execution)

VM Mutex/Monitor currently owned by a thread:  ([mutex/lock_event])
[0x00007fff129b85b8] Threads_lock - owner thread: 0x000001fe78a6edc0
[0x00007fff129b86b8] Heap_lock - owner thread: 0x000001fe7efc9ab0

Heap address: 0x0000000080000000, size: 2048 MB, Compressed Oops mode: 32-bit

CDS archive(s) not mapped
Compressed class space mapped at: 0x0000000100000000-0x0000000140000000, reserved size: 1073741824
Narrow klass base: 0x0000000000000000, Narrow klass shift: 3, Narrow klass range: 0x140000000

GC Precious Log:
 CardTable entry size: 512
 Card Set container configuration: InlinePtr #cards 5 size 8 Array Of Cards #cards 12 size 40 Howl #buckets 4 coarsen threshold 1843 Howl Bitmap #cards 512 size 80 coarsen threshold 460 Card regions per heap region 1 cards per card region 2048
 CPUs: 16 total, 16 available
 Memory: 16004M
 Large Page Support: Disabled
 NUMA Support: Disabled
 Compressed Oops: Enabled (32-bit)
 Heap Region Size: 1M
 Heap Min Capacity: 8M
 Heap Initial Capacity: 252M
 Heap Max Capacity: 2G
 Pre-touch: Disabled
 Parallel Workers: 13
 Concurrent Workers: 3
 Concurrent Refinement Workers: 13
 Periodic GC: Disabled

Heap:
 garbage-first heap   total 152576K, used 94804K [0x0000000080000000, 0x0000000100000000)
  region size 1024K, 3 young (3072K), 3 survivors (3072K)
 Metaspace       used 94513K, committed 96320K, reserved 1179648K
  class space    used 13365K, committed 14208K, reserved 1048576K

Heap Regions: E=young(eden), S=young(survivor), O=old, HS=humongous(starts), HC=humongous(continues), CS=collection set, F=free, TAMS=top-at-mark-start, PB=parsable bottom
|   0|0x0000000080000000, 0x0000000080100000, 0x0000000080100000|100%|HS|  |TAMS 0x0000000080100000| PB 0x0000000080000000| Complete 
|   1|0x0000000080100000, 0x0000000080200000, 0x0000000080200000|100%|HC|  |TAMS 0x0000000080200000| PB 0x0000000080100000| Complete 
|   2|0x0000000080200000, 0x0000000080300000, 0x0000000080300000|100%|HC|  |TAMS 0x0000000080300000| PB 0x0000000080200000| Complete 
|   3|0x0000000080300000, 0x0000000080400000, 0x0000000080400000|100%| O|  |TAMS 0x0000000080400000| PB 0x0000000080300000| Untracked 
|   4|0x0000000080400000, 0x0000000080500000, 0x0000000080500000|100%| O|  |TAMS 0x0000000080500000| PB 0x0000000080400000| Untracked 
|   5|0x0000000080500000, 0x0000000080600000, 0x0000000080600000|100%| O|  |TAMS 0x0000000080600000| PB 0x0000000080500000| Untracked 
|   6|0x0000000080600000, 0x0000000080700000, 0x0000000080700000|100%|HS|  |TAMS 0x0000000080700000| PB 0x0000000080600000| Complete 
|   7|0x0000000080700000, 0x0000000080800000, 0x0000000080800000|100%| O|  |TAMS 0x0000000080800000| PB 0x0000000080700000| Untracked 
|   8|0x0000000080800000, 0x0000000080900000, 0x0000000080900000|100%| O|  |TAMS 0x0000000080900000| PB 0x0000000080800000| Untracked 
|   9|0x0000000080900000, 0x0000000080a00000, 0x0000000080a00000|100%| O|  |TAMS 0x0000000080a00000| PB 0x0000000080900000| Untracked 
|  10|0x0000000080a00000, 0x0000000080b00000, 0x0000000080b00000|100%| O|  |TAMS 0x0000000080b00000| PB 0x0000000080a00000| Untracked 
|  11|0x0000000080b00000, 0x0000000080c00000, 0x0000000080c00000|100%| O|  |TAMS 0x0000000080c00000| PB 0x0000000080b00000| Untracked 
|  12|0x0000000080c00000, 0x0000000080d00000, 0x0000000080d00000|100%| O|  |TAMS 0x0000000080d00000| PB 0x0000000080c00000| Untracked 
|  13|0x0000000080d00000, 0x0000000080e00000, 0x0000000080e00000|100%| O|  |TAMS 0x0000000080e00000| PB 0x0000000080d00000| Untracked 
|  14|0x0000000080e00000, 0x0000000080f00000, 0x0000000080f00000|100%| O|  |TAMS 0x0000000080f00000| PB 0x0000000080e00000| Untracked 
|  15|0x0000000080f00000, 0x0000000081000000, 0x0000000081000000|100%| O|  |TAMS 0x0000000081000000| PB 0x0000000080f00000| Untracked 
|  16|0x0000000081000000, 0x0000000081100000, 0x0000000081100000|100%| O|  |TAMS 0x0000000081100000| PB 0x0000000081000000| Untracked 
|  17|0x0000000081100000, 0x0000000081200000, 0x0000000081200000|100%| O|  |TAMS 0x0000000081200000| PB 0x0000000081100000| Untracked 
|  18|0x0000000081200000, 0x0000000081300000, 0x0000000081300000|100%| O|  |TAMS 0x0000000081300000| PB 0x0000000081200000| Untracked 
|  19|0x0000000081300000, 0x0000000081400000, 0x0000000081400000|100%| O|  |TAMS 0x0000000081400000| PB 0x0000000081300000| Untracked 
|  20|0x0000000081400000, 0x0000000081500000, 0x0000000081500000|100%| O|  |TAMS 0x0000000081500000| PB 0x0000000081400000| Untracked 
|  21|0x0000000081500000, 0x0000000081600000, 0x0000000081600000|100%| O|  |TAMS 0x0000000081600000| PB 0x0000000081500000| Untracked 
|  22|0x0000000081600000, 0x0000000081700000, 0x0000000081700000|100%| O|  |TAMS 0x0000000081700000| PB 0x0000000081600000| Untracked 
|  23|0x0000000081700000, 0x0000000081800000, 0x0000000081800000|100%| O|  |TAMS 0x0000000081800000| PB 0x0000000081700000| Untracked 
|  24|0x0000000081800000, 0x0000000081900000, 0x0000000081900000|100%| O|  |TAMS 0x0000000081900000| PB 0x0000000081800000| Untracked 
|  25|0x0000000081900000, 0x0000000081a00000, 0x0000000081a00000|100%| O|  |TAMS 0x0000000081a00000| PB 0x0000000081900000| Untracked 
|  26|0x0000000081a00000, 0x0000000081b00000, 0x0000000081b00000|100%| O|  |TAMS 0x0000000081b00000| PB 0x0000000081a00000| Untracked 
|  27|0x0000000081b00000, 0x0000000081c00000, 0x0000000081c00000|100%| O|  |TAMS 0x0000000081c00000| PB 0x0000000081b00000| Untracked 
|  28|0x0000000081c00000, 0x0000000081d00000, 0x0000000081d00000|100%| O|  |TAMS 0x0000000081d00000| PB 0x0000000081c00000| Untracked 
|  29|0x0000000081d00000, 0x0000000081e00000, 0x0000000081e00000|100%| O|  |TAMS 0x0000000081e00000| PB 0x0000000081d00000| Untracked 
|  30|0x0000000081e00000, 0x0000000081f00000, 0x0000000081f00000|100%| O|  |TAMS 0x0000000081f00000| PB 0x0000000081e00000| Untracked 
|  31|0x0000000081f00000, 0x0000000082000000, 0x0000000082000000|100%| O|  |TAMS 0x0000000082000000| PB 0x0000000081f00000| Untracked 
|  32|0x0000000082000000, 0x0000000082100000, 0x0000000082100000|100%| O|  |TAMS 0x0000000082100000| PB 0x0000000082000000| Untracked 
|  33|0x0000000082100000, 0x0000000082200000, 0x0000000082200000|100%| O|  |TAMS 0x0000000082100000| PB 0x0000000082100000| Untracked 
|  34|0x0000000082200000, 0x0000000082300000, 0x0000000082300000|100%|HS|  |TAMS 0x0000000082300000| PB 0x0000000082200000| Complete 
|  35|0x0000000082300000, 0x0000000082400000, 0x0000000082400000|100%|HC|  |TAMS 0x0000000082400000| PB 0x0000000082300000| Complete 
|  36|0x0000000082400000, 0x0000000082500000, 0x0000000082500000|100%| O|  |TAMS 0x0000000082500000| PB 0x0000000082400000| Untracked 
|  37|0x0000000082500000, 0x0000000082600000, 0x0000000082600000|100%| O|  |TAMS 0x0000000082500000| PB 0x0000000082500000| Untracked 
|  38|0x0000000082600000, 0x0000000082700000, 0x0000000082700000|100%| O|  |TAMS 0x0000000082600000| PB 0x0000000082600000| Untracked 
|  39|0x0000000082700000, 0x0000000082800000, 0x0000000082800000|100%| O|  |TAMS 0x0000000082800000| PB 0x0000000082700000| Untracked 
|  40|0x0000000082800000, 0x0000000082900000, 0x0000000082900000|100%| O|  |TAMS 0x0000000082900000| PB 0x0000000082800000| Untracked 
|  41|0x0000000082900000, 0x0000000082a00000, 0x0000000082a00000|100%| O|  |TAMS 0x0000000082a00000| PB 0x0000000082900000| Untracked 
|  42|0x0000000082a00000, 0x0000000082b00000, 0x0000000082b00000|100%| O|  |TAMS 0x0000000082a00000| PB 0x0000000082a00000| Untracked 
|  43|0x0000000082b00000, 0x0000000082c00000, 0x0000000082c00000|100%| O|  |TAMS 0x0000000082c00000| PB 0x0000000082b00000| Untracked 
|  44|0x0000000082c00000, 0x0000000082d00000, 0x0000000082d00000|100%| O|  |TAMS 0x0000000082d00000| PB 0x0000000082c00000| Untracked 
|  45|0x0000000082d00000, 0x0000000082e00000, 0x0000000082e00000|100%| O|  |TAMS 0x0000000082e00000| PB 0x0000000082d00000| Untracked 
|  46|0x0000000082e00000, 0x0000000082f00000, 0x0000000082f00000|100%| O|  |TAMS 0x0000000082f00000| PB 0x0000000082e00000| Untracked 
|  47|0x0000000082f00000, 0x0000000083000000, 0x0000000083000000|100%| O|  |TAMS 0x0000000083000000| PB 0x0000000082f00000| Untracked 
|  48|0x0000000083000000, 0x0000000083100000, 0x0000000083100000|100%| O|  |TAMS 0x0000000083100000| PB 0x0000000083000000| Untracked 
|  49|0x0000000083100000, 0x0000000083200000, 0x0000000083200000|100%| O|  |TAMS 0x0000000083200000| PB 0x0000000083100000| Untracked 
|  50|0x0000000083200000, 0x0000000083300000, 0x0000000083300000|100%| O|  |TAMS 0x0000000083300000| PB 0x0000000083200000| Untracked 
|  51|0x0000000083300000, 0x0000000083400000, 0x0000000083400000|100%| O|  |TAMS 0x0000000083400000| PB 0x0000000083300000| Untracked 
|  52|0x0000000083400000, 0x0000000083500000, 0x0000000083500000|100%| O|  |TAMS 0x0000000083500000| PB 0x0000000083400000| Untracked 
|  53|0x0000000083500000, 0x0000000083600000, 0x0000000083600000|100%| O|  |TAMS 0x0000000083600000| PB 0x0000000083500000| Untracked 
|  54|0x0000000083600000, 0x0000000083700000, 0x0000000083700000|100%| O|  |TAMS 0x0000000083700000| PB 0x0000000083600000| Untracked 
|  55|0x0000000083700000, 0x0000000083800000, 0x0000000083800000|100%| O|  |TAMS 0x0000000083800000| PB 0x0000000083700000| Untracked 
|  56|0x0000000083800000, 0x0000000083900000, 0x0000000083900000|100%| O|  |TAMS 0x0000000083900000| PB 0x0000000083800000| Untracked 
|  57|0x0000000083900000, 0x0000000083a00000, 0x0000000083a00000|100%| O|  |TAMS 0x0000000083a00000| PB 0x0000000083900000| Untracked 
|  58|0x0000000083a00000, 0x0000000083b00000, 0x0000000083b00000|100%| O|  |TAMS 0x0000000083a00000| PB 0x0000000083a00000| Untracked 
|  59|0x0000000083b00000, 0x0000000083c00000, 0x0000000083c00000|100%| O|  |TAMS 0x0000000083b00000| PB 0x0000000083b00000| Untracked 
|  60|0x0000000083c00000, 0x0000000083d00000, 0x0000000083d00000|100%| O|  |TAMS 0x0000000083c00000| PB 0x0000000083c00000| Untracked 
|  61|0x0000000083d00000, 0x0000000083d00000, 0x0000000083e00000|  0%| F|  |TAMS 0x0000000083d00000| PB 0x0000000083d00000| Untracked 
|  62|0x0000000083e00000, 0x0000000083f00000, 0x0000000083f00000|100%| O|  |TAMS 0x0000000083f00000| PB 0x0000000083e00000| Untracked 
|  63|0x0000000083f00000, 0x0000000084000000, 0x0000000084000000|100%| O|  |TAMS 0x0000000084000000| PB 0x0000000083f00000| Untracked 
|  64|0x0000000084000000, 0x0000000084100000, 0x0000000084100000|100%|HS|  |TAMS 0x0000000084100000| PB 0x0000000084000000| Complete 
|  65|0x0000000084100000, 0x0000000084200000, 0x0000000084200000|100%| O|  |TAMS 0x0000000084200000| PB 0x0000000084100000| Untracked 
|  66|0x0000000084200000, 0x0000000084300000, 0x0000000084300000|100%| O|  |TAMS 0x0000000084300000| PB 0x0000000084200000| Untracked 
|  67|0x0000000084300000, 0x0000000084300000, 0x0000000084400000|  0%| F|  |TAMS 0x0000000084300000| PB 0x0000000084300000| Untracked 
|  68|0x0000000084400000, 0x0000000084400000, 0x0000000084500000|  0%| F|  |TAMS 0x0000000084400000| PB 0x0000000084400000| Untracked 
|  69|0x0000000084500000, 0x0000000084500000, 0x0000000084600000|  0%| F|  |TAMS 0x0000000084500000| PB 0x0000000084500000| Untracked 
|  70|0x0000000084600000, 0x0000000084600000, 0x0000000084700000|  0%| F|  |TAMS 0x0000000084600000| PB 0x0000000084600000| Untracked 
|  71|0x0000000084700000, 0x0000000084700000, 0x0000000084800000|  0%| F|  |TAMS 0x0000000084700000| PB 0x0000000084700000| Untracked 
|  72|0x0000000084800000, 0x0000000084800000, 0x0000000084900000|  0%| F|  |TAMS 0x0000000084800000| PB 0x0000000084800000| Untracked 
|  73|0x0000000084900000, 0x0000000084900000, 0x0000000084a00000|  0%| F|  |TAMS 0x0000000084900000| PB 0x0000000084900000| Untracked 
|  74|0x0000000084a00000, 0x0000000084a00000, 0x0000000084b00000|  0%| F|  |TAMS 0x0000000084a00000| PB 0x0000000084a00000| Untracked 
|  75|0x0000000084b00000, 0x0000000084c00000, 0x0000000084c00000|100%| O|  |TAMS 0x0000000084c00000| PB 0x0000000084b00000| Untracked 
|  76|0x0000000084c00000, 0x0000000084d00000, 0x0000000084d00000|100%| O|  |TAMS 0x0000000084d00000| PB 0x0000000084c00000| Untracked 
|  77|0x0000000084d00000, 0x0000000084e00000, 0x0000000084e00000|100%| O|  |TAMS 0x0000000084e00000| PB 0x0000000084d00000| Untracked 
|  78|0x0000000084e00000, 0x0000000084f00000, 0x0000000084f00000|100%| O|  |TAMS 0x0000000084f00000| PB 0x0000000084e00000| Untracked 
|  79|0x0000000084f00000, 0x0000000085000000, 0x0000000085000000|100%| O|  |TAMS 0x0000000085000000| PB 0x0000000084f00000| Untracked 
|  80|0x0000000085000000, 0x0000000085100000, 0x0000000085100000|100%| O|  |TAMS 0x0000000085100000| PB 0x0000000085000000| Untracked 
|  81|0x0000000085100000, 0x0000000085200000, 0x0000000085200000|100%| O|  |TAMS 0x0000000085200000| PB 0x0000000085100000| Untracked 
|  82|0x0000000085200000, 0x0000000085200000, 0x0000000085300000|  0%| F|  |TAMS 0x0000000085200000| PB 0x0000000085200000| Untracked 
|  83|0x0000000085300000, 0x0000000085300000, 0x0000000085400000|  0%| F|  |TAMS 0x0000000085300000| PB 0x0000000085300000| Untracked 
|  84|0x0000000085400000, 0x0000000085400000, 0x0000000085500000|  0%| F|  |TAMS 0x0000000085400000| PB 0x0000000085400000| Untracked 
|  85|0x0000000085500000, 0x0000000085500000, 0x0000000085600000|  0%| F|  |TAMS 0x0000000085500000| PB 0x0000000085500000| Untracked 
|  86|0x0000000085600000, 0x0000000085600000, 0x0000000085700000|  0%| F|  |TAMS 0x0000000085600000| PB 0x0000000085600000| Untracked 
|  87|0x0000000085700000, 0x0000000085700000, 0x0000000085800000|  0%| F|  |TAMS 0x0000000085700000| PB 0x0000000085700000| Untracked 
|  88|0x0000000085800000, 0x0000000085800000, 0x0000000085900000|  0%| F|  |TAMS 0x0000000085800000| PB 0x0000000085800000| Untracked 
|  89|0x0000000085900000, 0x0000000085900000, 0x0000000085a00000|  0%| F|  |TAMS 0x0000000085900000| PB 0x0000000085900000| Untracked 
|  90|0x0000000085a00000, 0x0000000085a00000, 0x0000000085b00000|  0%| F|  |TAMS 0x0000000085a00000| PB 0x0000000085a00000| Untracked 
|  91|0x0000000085b00000, 0x0000000085b00000, 0x0000000085c00000|  0%| F|  |TAMS 0x0000000085b00000| PB 0x0000000085b00000| Untracked 
|  92|0x0000000085c00000, 0x0000000085c00000, 0x0000000085d00000|  0%| F|  |TAMS 0x0000000085c00000| PB 0x0000000085c00000| Untracked 
|  93|0x0000000085d00000, 0x0000000085d00000, 0x0000000085e00000|  0%| F|  |TAMS 0x0000000085d00000| PB 0x0000000085d00000| Untracked 
|  94|0x0000000085e00000, 0x0000000085e951f0, 0x0000000085f00000| 58%| S|CS|TAMS 0x0000000085e00000| PB 0x0000000085e00000| Complete 
|  95|0x0000000085f00000, 0x0000000086000000, 0x0000000086000000|100%| S|CS|TAMS 0x0000000085f00000| PB 0x0000000085f00000| Complete 
|  96|0x0000000086000000, 0x0000000086100000, 0x0000000086100000|100%| S|CS|TAMS 0x0000000086000000| PB 0x0000000086000000| Complete 
|  97|0x0000000086100000, 0x0000000086100000, 0x0000000086200000|  0%| F|  |TAMS 0x0000000086100000| PB 0x0000000086100000| Untracked 
|  98|0x0000000086200000, 0x0000000086200000, 0x0000000086300000|  0%| F|  |TAMS 0x0000000086200000| PB 0x0000000086200000| Untracked 
|  99|0x0000000086300000, 0x0000000086300000, 0x0000000086400000|  0%| F|  |TAMS 0x0000000086300000| PB 0x0000000086300000| Untracked 
| 100|0x0000000086400000, 0x0000000086400000, 0x0000000086500000|  0%| F|  |TAMS 0x0000000086400000| PB 0x0000000086400000| Untracked 
| 101|0x0000000086500000, 0x0000000086500000, 0x0000000086600000|  0%| F|  |TAMS 0x0000000086500000| PB 0x0000000086500000| Untracked 
| 102|0x0000000086600000, 0x0000000086600000, 0x0000000086700000|  0%| F|  |TAMS 0x0000000086600000| PB 0x0000000086600000| Untracked 
| 103|0x0000000086700000, 0x0000000086700000, 0x0000000086800000|  0%| F|  |TAMS 0x0000000086700000| PB 0x0000000086700000| Untracked 
| 104|0x0000000086800000, 0x0000000086800000, 0x0000000086900000|  0%| F|  |TAMS 0x0000000086800000| PB 0x0000000086800000| Untracked 
| 105|0x0000000086900000, 0x0000000086900000, 0x0000000086a00000|  0%| F|  |TAMS 0x0000000086900000| PB 0x0000000086900000| Untracked 
| 106|0x0000000086a00000, 0x0000000086a00000, 0x0000000086b00000|  0%| F|  |TAMS 0x0000000086a00000| PB 0x0000000086a00000| Untracked 
| 107|0x0000000086b00000, 0x0000000086b00000, 0x0000000086c00000|  0%| F|  |TAMS 0x0000000086b00000| PB 0x0000000086b00000| Untracked 
| 108|0x0000000086c00000, 0x0000000086c00000, 0x0000000086d00000|  0%| F|  |TAMS 0x0000000086c00000| PB 0x0000000086c00000| Untracked 
| 109|0x0000000086d00000, 0x0000000086d00000, 0x0000000086e00000|  0%| F|  |TAMS 0x0000000086d00000| PB 0x0000000086d00000| Untracked 
| 110|0x0000000086e00000, 0x0000000086e00000, 0x0000000086f00000|  0%| F|  |TAMS 0x0000000086e00000| PB 0x0000000086e00000| Untracked 
| 111|0x0000000086f00000, 0x0000000086f00000, 0x0000000087000000|  0%| F|  |TAMS 0x0000000086f00000| PB 0x0000000086f00000| Untracked 
| 112|0x0000000087000000, 0x0000000087000000, 0x0000000087100000|  0%| F|  |TAMS 0x0000000087000000| PB 0x0000000087000000| Untracked 
| 113|0x0000000087100000, 0x0000000087100000, 0x0000000087200000|  0%| F|  |TAMS 0x0000000087100000| PB 0x0000000087100000| Untracked 
| 114|0x0000000087200000, 0x0000000087200000, 0x0000000087300000|  0%| F|  |TAMS 0x0000000087200000| PB 0x0000000087200000| Untracked 
| 115|0x0000000087300000, 0x0000000087300000, 0x0000000087400000|  0%| F|  |TAMS 0x0000000087300000| PB 0x0000000087300000| Untracked 
| 116|0x0000000087400000, 0x0000000087400000, 0x0000000087500000|  0%| F|  |TAMS 0x0000000087400000| PB 0x0000000087400000| Untracked 
| 117|0x0000000087500000, 0x0000000087500000, 0x0000000087600000|  0%| F|  |TAMS 0x0000000087500000| PB 0x0000000087500000| Untracked 
| 118|0x0000000087600000, 0x0000000087600000, 0x0000000087700000|  0%| F|  |TAMS 0x0000000087600000| PB 0x0000000087600000| Untracked 
| 119|0x0000000087700000, 0x0000000087700000, 0x0000000087800000|  0%| F|  |TAMS 0x0000000087700000| PB 0x0000000087700000| Untracked 
| 120|0x0000000087800000, 0x0000000087800000, 0x0000000087900000|  0%| F|  |TAMS 0x0000000087800000| PB 0x0000000087800000| Untracked 
| 233|0x000000008e900000, 0x000000008e900000, 0x000000008ea00000|  0%| F|  |TAMS 0x000000008e900000| PB 0x000000008e900000| Untracked 
| 234|0x000000008ea00000, 0x000000008ea00000, 0x000000008eb00000|  0%| F|  |TAMS 0x000000008ea00000| PB 0x000000008ea00000| Untracked 
| 235|0x000000008eb00000, 0x000000008eb00000, 0x000000008ec00000|  0%| F|  |TAMS 0x000000008eb00000| PB 0x000000008eb00000| Untracked 
| 236|0x000000008ec00000, 0x000000008ec00000, 0x000000008ed00000|  0%| F|  |TAMS 0x000000008ec00000| PB 0x000000008ec00000| Untracked 
| 237|0x000000008ed00000, 0x000000008ed00000, 0x000000008ee00000|  0%| F|  |TAMS 0x000000008ed00000| PB 0x000000008ed00000| Untracked 
| 238|0x000000008ee00000, 0x000000008ee00000, 0x000000008ef00000|  0%| F|  |TAMS 0x000000008ee00000| PB 0x000000008ee00000| Untracked 
| 239|0x000000008ef00000, 0x000000008ef00000, 0x000000008f000000|  0%| F|  |TAMS 0x000000008ef00000| PB 0x000000008ef00000| Untracked 
| 240|0x000000008f000000, 0x000000008f000000, 0x000000008f100000|  0%| F|  |TAMS 0x000000008f000000| PB 0x000000008f000000| Untracked 
| 241|0x000000008f100000, 0x000000008f100000, 0x000000008f200000|  0%| F|  |TAMS 0x000000008f100000| PB 0x000000008f100000| Untracked 
| 242|0x000000008f200000, 0x000000008f200000, 0x000000008f300000|  0%| F|  |TAMS 0x000000008f200000| PB 0x000000008f200000| Untracked 
| 251|0x000000008fb00000, 0x000000008fb00000, 0x000000008fc00000|  0%| F|  |TAMS 0x000000008fb00000| PB 0x000000008fb00000| Untracked 
|2031|0x00000000fef00000, 0x00000000ff000000, 0x00000000ff000000|100%| O|  |TAMS 0x00000000fef8bae0| PB 0x00000000fef00000| Untracked 
|2032|0x00000000ff000000, 0x00000000ff100000, 0x00000000ff100000|100%| O|  |TAMS 0x00000000ff100000| PB 0x00000000ff000000| Untracked 
|2033|0x00000000ff100000, 0x00000000ff200000, 0x00000000ff200000|100%| O|  |TAMS 0x00000000ff200000| PB 0x00000000ff100000| Untracked 
|2034|0x00000000ff200000, 0x00000000ff300000, 0x00000000ff300000|100%| O|  |TAMS 0x00000000ff300000| PB 0x00000000ff200000| Untracked 
|2035|0x00000000ff300000, 0x00000000ff400000, 0x00000000ff400000|100%| O|  |TAMS 0x00000000ff400000| PB 0x00000000ff300000| Untracked 
|2036|0x00000000ff400000, 0x00000000ff500000, 0x00000000ff500000|100%| O|  |TAMS 0x00000000ff500000| PB 0x00000000ff400000| Untracked 
|2037|0x00000000ff500000, 0x00000000ff600000, 0x00000000ff600000|100%| O|  |TAMS 0x00000000ff600000| PB 0x00000000ff500000| Untracked 
|2038|0x00000000ff600000, 0x00000000ff700000, 0x00000000ff700000|100%| O|  |TAMS 0x00000000ff700000| PB 0x00000000ff600000| Untracked 
|2039|0x00000000ff700000, 0x00000000ff800000, 0x00000000ff800000|100%| O|  |TAMS 0x00000000ff800000| PB 0x00000000ff700000| Untracked 
|2040|0x00000000ff800000, 0x00000000ff900000, 0x00000000ff900000|100%| O|  |TAMS 0x00000000ff900000| PB 0x00000000ff800000| Untracked 
|2041|0x00000000ff900000, 0x00000000ffa00000, 0x00000000ffa00000|100%| O|  |TAMS 0x00000000ffa00000| PB 0x00000000ff900000| Untracked 
|2042|0x00000000ffa00000, 0x00000000ffb00000, 0x00000000ffb00000|100%| O|  |TAMS 0x00000000ffb00000| PB 0x00000000ffa00000| Untracked 
|2043|0x00000000ffb00000, 0x00000000ffc00000, 0x00000000ffc00000|100%| O|  |TAMS 0x00000000ffc00000| PB 0x00000000ffb00000| Untracked 
|2044|0x00000000ffc00000, 0x00000000ffd00000, 0x00000000ffd00000|100%| O|  |TAMS 0x00000000ffd00000| PB 0x00000000ffc00000| Untracked 
|2045|0x00000000ffd00000, 0x00000000ffe00000, 0x00000000ffe00000|100%| O|  |TAMS 0x00000000ffe00000| PB 0x00000000ffd00000| Untracked 
|2046|0x00000000ffe00000, 0x00000000fff00000, 0x00000000fff00000|100%| O|  |TAMS 0x00000000fff00000| PB 0x00000000ffe00000| Untracked 
|2047|0x00000000fff00000, 0x0000000100000000, 0x0000000100000000|100%| O|  |TAMS 0x0000000100000000| PB 0x00000000fff00000| Untracked 

Card table byte_map: [0x000001fe73510000,0x000001fe73910000] _byte_map_base: 0x000001fe73110000

Marking Bits: (CMBitMap*) 0x000001fe6d96ad80
 Bits: [0x000001fe73910000, 0x000001fe75910000)

Polling page: 0x000001fe6d640000

Metaspace:

Usage:
  Non-class:     79.25 MB used.
      Class:     13.05 MB used.
       Both:     92.30 MB used.

Virtual space:
  Non-class space:      128.00 MB reserved,      80.19 MB ( 63%) committed,  2 nodes.
      Class space:        1.00 GB reserved,      13.88 MB (  1%) committed,  1 nodes.
             Both:        1.12 GB reserved,      94.06 MB (  8%) committed. 

Chunk freelists:
   Non-Class:  15.11 MB
       Class:  2.12 MB
        Both:  17.23 MB

MaxMetaspaceSize: unlimited
CompressedClassSpaceSize: 1.00 GB
Initial GC threshold: 21.00 MB
Current GC threshold: 149.94 MB
CDS: off
 - commit_granule_bytes: 65536.
 - commit_granule_words: 8192.
 - virtual_space_node_default_size: 8388608.
 - enlarge_chunks_in_place: 1.
 - use_allocation_guard: 0.


Internal statistics:

num_allocs_failed_limit: 9.
num_arena_births: 3372.
num_arena_deaths: 0.
num_vsnodes_births: 3.
num_vsnodes_deaths: 0.
num_space_committed: 1503.
num_space_uncommitted: 0.
num_chunks_returned_to_freelist: 9.
num_chunks_taken_from_freelist: 7166.
num_chunk_merges: 9.
num_chunk_splits: 4811.
num_chunks_enlarged: 3128.
num_inconsistent_stats: 0.

CodeHeap 'non-profiled nmethods': size=119168Kb used=5154Kb max_used=5154Kb free=114013Kb
 bounds [0x000001fe07ba0000, 0x000001fe080b0000, 0x000001fe0f000000]
CodeHeap 'profiled nmethods': size=119104Kb used=16439Kb max_used=16439Kb free=102664Kb
 bounds [0x000001fe00000000, 0x000001fe01010000, 0x000001fe07450000]
CodeHeap 'non-nmethods': size=7488Kb used=4517Kb max_used=4553Kb free=2970Kb
 bounds [0x000001fe07450000, 0x000001fe078d0000, 0x000001fe07ba0000]
CodeCache: size=245760Kb, used=26110Kb, max_used=26146Kb, free=219647Kb
 total_blobs=9873, nmethods=8916, adapters=857, full_count=0
Compilation: enabled, stopped_count=0, restarted_count=0

Compilation events (20 events):
Event: 7.379 Thread 0x000001fe78d12460 nmethod 10346 0x000001fe01005a90 code [0x000001fe01005c40, 0x000001fe01005ed8]
Event: 7.379 Thread 0x000001fe78d12460 10350       3       kotlin.Triple::<init> (20 bytes)
Event: 7.379 Thread 0x000001fe78d12460 nmethod 10350 0x000001fe01005f90 code [0x000001fe01006140, 0x000001fe010063c0]
Event: 7.379 Thread 0x000001fe78d12460 10351       1       kotlin.Triple::getThird (5 bytes)
Event: 7.379 Thread 0x000001fe78d12460 nmethod 10351 0x000001fe080a8210 code [0x000001fe080a83a0, 0x000001fe080a8468]
Event: 7.379 Thread 0x000001fe78d12f20 nmethod 10349 0x000001fe01006490 code [0x000001fe01006800, 0x000001fe01007e40]
Event: 7.380 Thread 0x000001fe78b30e50 nmethod 10348 0x000001fe01008710 code [0x000001fe01008c20, 0x000001fe0100aea0]
Event: 7.380 Thread 0x000001fe78cf0980 nmethod 10347 0x000001fe0100bb10 code [0x000001fe0100bf60, 0x000001fe0100d9f8]
Event: 7.401 Thread 0x000001fe10150810 10352       4       java.util.Collections$UnmodifiableCollection::size (10 bytes)
Event: 7.401 Thread 0x000001fe78d12460 10353       3       org.jetbrains.kotlin.protobuf.CodedOutputStream::writeRawByte (7 bytes)
Event: 7.401 Thread 0x000001fe78b30e50 10354       3       org.jetbrains.kotlin.protobuf.CodedOutputStream::writeRawByte (43 bytes)
Event: 7.401 Thread 0x000001fe78d12460 nmethod 10353 0x000001fe0100e410 code [0x000001fe0100e5c0, 0x000001fe0100e700]
Event: 7.401 Thread 0x000001fe78d12f20 10355       3       org.jetbrains.kotlin.protobuf.CodedOutputStream::computeRawVarint32Size (41 bytes)
Event: 7.401 Thread 0x000001fe78b30e50 nmethod 10354 0x000001fe0100e790 code [0x000001fe0100e940, 0x000001fe0100eb08]
Event: 7.401 Thread 0x000001fe78d12f20 nmethod 10355 0x000001fe0100ec10 code [0x000001fe0100ede0, 0x000001fe0100f060]
Event: 7.401 Thread 0x000001fe10150810 nmethod 10352 0x000001fe080a8510 code [0x000001fe080a86a0, 0x000001fe080a8790]
Event: 7.401 Thread 0x000001fe78b30e50 10356       3       org.jetbrains.kotlin.protobuf.CodedOutputStream::writeRawVarint32 (33 bytes)
Event: 7.402 Thread 0x000001fe78b30e50 nmethod 10356 0x000001fe0100f110 code [0x000001fe0100f2e0, 0x000001fe0100f5c8]
Event: 7.409 Thread 0x000001fe78d12f20 10357       3       org.jetbrains.kotlin.com.intellij.openapi.util.text.StringUtilRt::toLowerCase (33 bytes)
Event: 7.409 Thread 0x000001fe78d12f20 nmethod 10357 0x000001fe0100f710 code [0x000001fe0100f8e0, 0x000001fe0100fc70]

GC Heap History (20 events):
Event: 5.308 GC heap after
{Heap after GC invocations=20 (full 0):
 garbage-first heap   total 107520K, used 48934K [0x0000000080000000, 0x0000000100000000)
  region size 1024K, 4 young (4096K), 4 survivors (4096K)
 Metaspace       used 71917K, committed 73664K, reserved 1114112K
  class space    used 10186K, committed 11008K, reserved 1048576K
}
Event: 5.657 GC heap before
{Heap before GC invocations=21 (full 0):
 garbage-first heap   total 107520K, used 96038K [0x0000000080000000, 0x0000000100000000)
  region size 1024K, 51 young (52224K), 4 survivors (4096K)
 Metaspace       used 72821K, committed 74496K, reserved 1114112K
  class space    used 10221K, committed 11008K, reserved 1048576K
}
Event: 5.661 GC heap after
{Heap after GC invocations=22 (full 0):
 garbage-first heap   total 107520K, used 54321K [0x0000000080000000, 0x0000000100000000)
  region size 1024K, 7 young (7168K), 7 survivors (7168K)
 Metaspace       used 72821K, committed 74496K, reserved 1114112K
  class space    used 10221K, committed 11008K, reserved 1048576K
}
Event: 5.736 GC heap before
{Heap before GC invocations=22 (full 0):
 garbage-first heap   total 107520K, used 92209K [0x0000000080000000, 0x0000000100000000)
  region size 1024K, 45 young (46080K), 7 survivors (7168K)
 Metaspace       used 73023K, committed 74624K, reserved 1114112K
  class space    used 10221K, committed 11008K, reserved 1048576K
}
Event: 5.739 GC heap after
{Heap after GC invocations=23 (full 0):
 garbage-first heap   total 107520K, used 55286K [0x0000000080000000, 0x0000000100000000)
  region size 1024K, 4 young (4096K), 4 survivors (4096K)
 Metaspace       used 73023K, committed 74624K, reserved 1114112K
  class space    used 10221K, committed 11008K, reserved 1048576K
}
Event: 5.802 GC heap before
{Heap before GC invocations=23 (full 0):
 garbage-first heap   total 107520K, used 95222K [0x0000000080000000, 0x0000000100000000)
  region size 1024K, 44 young (45056K), 4 survivors (4096K)
 Metaspace       used 73039K, committed 74688K, reserved 1114112K
  class space    used 10221K, committed 11008K, reserved 1048576K
}
Event: 5.804 GC heap after
{Heap after GC invocations=24 (full 0):
 garbage-first heap   total 107520K, used 56727K [0x0000000080000000, 0x0000000100000000)
  region size 1024K, 4 young (4096K), 4 survivors (4096K)
 Metaspace       used 73039K, committed 74688K, reserved 1114112K
  class space    used 10221K, committed 11008K, reserved 1048576K
}
Event: 5.994 GC heap before
{Heap before GC invocations=25 (full 0):
 garbage-first heap   total 107520K, used 95639K [0x0000000080000000, 0x0000000100000000)
  region size 1024K, 43 young (44032K), 4 survivors (4096K)
 Metaspace       used 74362K, committed 76032K, reserved 1179648K
  class space    used 10407K, committed 11200K, reserved 1048576K
}
Event: 5.999 GC heap after
{Heap after GC invocations=26 (full 0):
 garbage-first heap   total 107520K, used 59469K [0x0000000080000000, 0x0000000100000000)
  region size 1024K, 5 young (5120K), 5 survivors (5120K)
 Metaspace       used 74362K, committed 76032K, reserved 1179648K
  class space    used 10407K, committed 11200K, reserved 1048576K
}
Event: 6.316 GC heap before
{Heap before GC invocations=26 (full 0):
 garbage-first heap   total 107520K, used 94285K [0x0000000080000000, 0x0000000100000000)
  region size 1024K, 40 young (40960K), 5 survivors (5120K)
 Metaspace       used 80887K, committed 82560K, reserved 1179648K
  class space    used 11693K, committed 12480K, reserved 1048576K
}
Event: 6.321 GC heap after
{Heap after GC invocations=27 (full 0):
 garbage-first heap   total 134144K, used 59580K [0x0000000080000000, 0x0000000100000000)
  region size 1024K, 2 young (2048K), 2 survivors (2048K)
 Metaspace       used 80887K, committed 82560K, reserved 1179648K
  class space    used 11693K, committed 12480K, reserved 1048576K
}
Event: 6.798 GC heap before
{Heap before GC invocations=27 (full 0):
 garbage-first heap   total 134144K, used 117948K [0x0000000080000000, 0x0000000100000000)
  region size 1024K, 60 young (61440K), 2 survivors (2048K)
 Metaspace       used 89813K, committed 91648K, reserved 1179648K
  class space    used 12824K, committed 13696K, reserved 1048576K
}
Event: 6.802 GC heap after
{Heap after GC invocations=28 (full 0):
 garbage-first heap   total 134144K, used 61381K [0x0000000080000000, 0x0000000100000000)
  region size 1024K, 3 young (3072K), 3 survivors (3072K)
 Metaspace       used 89813K, committed 91648K, reserved 1179648K
  class space    used 12824K, committed 13696K, reserved 1048576K
}
Event: 6.818 GC heap before
{Heap before GC invocations=28 (full 0):
 garbage-first heap   total 134144K, used 62405K [0x0000000080000000, 0x0000000100000000)
  region size 1024K, 5 young (5120K), 3 survivors (3072K)
 Metaspace       used 90087K, committed 91904K, reserved 1179648K
  class space    used 12856K, committed 13760K, reserved 1048576K
}
Event: 6.821 GC heap after
{Heap after GC invocations=29 (full 0):
 garbage-first heap   total 134144K, used 61393K [0x0000000080000000, 0x0000000100000000)
  region size 1024K, 3 young (3072K), 3 survivors (3072K)
 Metaspace       used 90087K, committed 91904K, reserved 1179648K
  class space    used 12856K, committed 13760K, reserved 1048576K
}
Event: 7.030 GC heap before
{Heap before GC invocations=30 (full 0):
 garbage-first heap   total 134144K, used 127953K [0x0000000080000000, 0x0000000100000000)
  region size 1024K, 56 young (57344K), 3 survivors (3072K)
 Metaspace       used 90498K, committed 92352K, reserved 1179648K
  class space    used 12869K, committed 13760K, reserved 1048576K
}
Event: 7.040 GC heap after
{Heap after GC invocations=31 (full 0):
 garbage-first heap   total 148480K, used 81686K [0x0000000080000000, 0x0000000100000000)
  region size 1024K, 7 young (7168K), 7 survivors (7168K)
 Metaspace       used 90498K, committed 92352K, reserved 1179648K
  class space    used 12869K, committed 13760K, reserved 1048576K
}
Event: 7.140 GC heap before
{Heap before GC invocations=31 (full 0):
 garbage-first heap   total 148480K, used 129814K [0x0000000080000000, 0x0000000100000000)
  region size 1024K, 49 young (50176K), 7 survivors (7168K)
 Metaspace       used 90500K, committed 92352K, reserved 1179648K
  class space    used 12869K, committed 13760K, reserved 1048576K
}
Event: 7.148 GC heap after
{Heap after GC invocations=32 (full 0):
 garbage-first heap   total 152576K, used 91694K [0x0000000080000000, 0x0000000100000000)
  region size 1024K, 7 young (7168K), 7 survivors (7168K)
 Metaspace       used 90500K, committed 92352K, reserved 1179648K
  class space    used 12869K, committed 13760K, reserved 1048576K
}
Event: 7.412 GC heap before
{Heap before GC invocations=32 (full 0):
 garbage-first heap   total 152576K, used 126510K [0x0000000080000000, 0x0000000100000000)
  region size 1024K, 42 young (43008K), 7 survivors (7168K)
 Metaspace       used 94513K, committed 96320K, reserved 1179648K
  class space    used 13365K, committed 14208K, reserved 1048576K
}

Dll operation events (3 events):
Event: 0.007 Loaded shared library C:\Program Files\Android\Android Studio\jbr\bin\java.dll
Event: 0.012 Loaded shared library C:\Program Files\Android\Android Studio\jbr\bin\zip.dll
Event: 0.378 Loaded shared library C:\Program Files\Android\Android Studio\jbr\bin\verify.dll

Deoptimization events (20 events):
Event: 7.172 Thread 0x000001fe7efc9ab0 Uncommon trap: trap_request=0xffffffbe fr.pc=0x000001fe07d2a2b0 relative=0x00000000000002d0
Event: 7.172 Thread 0x000001fe7efc9ab0 Uncommon trap: reason=profile_predicate action=maybe_recompile pc=0x000001fe07d2a2b0 method=java.util.regex.Pattern$BnM.optimize(Ljava/util/regex/Pattern$Node;)Ljava/util/regex/Pattern$Node; @ 67 c2
Event: 7.172 Thread 0x000001fe7efc9ab0 DEOPT PACKING pc=0x000001fe07d2a2b0 sp=0x000000e43b7f4680
Event: 7.172 Thread 0x000001fe7efc9ab0 DEOPT UNPACKING pc=0x000001fe074a46a2 sp=0x000000e43b7f4628 mode 2
Event: 7.173 Thread 0x000001fe7efc9ab0 Uncommon trap: trap_request=0xffffff45 fr.pc=0x000001fe07d2b4f4 relative=0x00000000000009f4
Event: 7.173 Thread 0x000001fe7efc9ab0 Uncommon trap: reason=unstable_if action=reinterpret pc=0x000001fe07d2b4f4 method=java.util.regex.Pattern.atom()Ljava/util/regex/Pattern$Node; @ 14 c2
Event: 7.173 Thread 0x000001fe7efc9ab0 DEOPT PACKING pc=0x000001fe07d2b4f4 sp=0x000000e43b7f39a0
Event: 7.173 Thread 0x000001fe7efc9ab0 DEOPT UNPACKING pc=0x000001fe074a46a2 sp=0x000000e43b7f3948 mode 2
Event: 7.173 Thread 0x000001fe7efc9ab0 Uncommon trap: trap_request=0xffffff45 fr.pc=0x000001fe07c71fb4 relative=0x0000000000000654
Event: 7.173 Thread 0x000001fe7efc9ab0 Uncommon trap: reason=unstable_if action=reinterpret pc=0x000001fe07c71fb4 method=java.lang.String.replace(CC)Ljava/lang/String; @ 2 c2
Event: 7.173 Thread 0x000001fe7efc9ab0 DEOPT PACKING pc=0x000001fe07c71fb4 sp=0x000000e43b7f53f0
Event: 7.173 Thread 0x000001fe7efc9ab0 DEOPT UNPACKING pc=0x000001fe074a46a2 sp=0x000000e43b7f53b0 mode 2
Event: 7.323 Thread 0x000001fe7efc9ab0 Uncommon trap: trap_request=0xffffff45 fr.pc=0x000001fe07d705ac relative=0x00000000000013ac
Event: 7.323 Thread 0x000001fe7efc9ab0 Uncommon trap: reason=unstable_if action=reinterpret pc=0x000001fe07d705ac method=java.util.jar.JarFile.getVersionedEntry(Ljava/lang/String;Ljava/util/jar/JarEntry;)Ljava/util/jar/JarEntry; @ 26 c2
Event: 7.323 Thread 0x000001fe7efc9ab0 DEOPT PACKING pc=0x000001fe07d705ac sp=0x000000e43b7f4c70
Event: 7.323 Thread 0x000001fe7efc9ab0 DEOPT UNPACKING pc=0x000001fe074a46a2 sp=0x000000e43b7f4c70 mode 2
Event: 7.326 Thread 0x000001fe7efc9ab0 Uncommon trap: trap_request=0xffffff45 fr.pc=0x000001fe08039864 relative=0x00000000000010a4
Event: 7.326 Thread 0x000001fe7efc9ab0 Uncommon trap: reason=unstable_if action=reinterpret pc=0x000001fe08039864 method=java.util.concurrent.ConcurrentHashMap.putVal(Ljava/lang/Object;Ljava/lang/Object;Z)Ljava/lang/Object; @ 162 c2
Event: 7.326 Thread 0x000001fe7efc9ab0 DEOPT PACKING pc=0x000001fe08039864 sp=0x000000e43b7f4330
Event: 7.326 Thread 0x000001fe7efc9ab0 DEOPT UNPACKING pc=0x000001fe074a46a2 sp=0x000000e43b7f42c8 mode 2

Classes loaded (20 events):
Event: 6.689 Loading class sun/nio/cs/UTF_32BE
Event: 6.689 Loading class sun/nio/cs/UTF_32BE done
Event: 6.689 Loading class sun/nio/cs/UTF_32LE
Event: 6.689 Loading class sun/nio/cs/UTF_32LE done
Event: 6.689 Loading class sun/nio/cs/MS1251
Event: 6.690 Loading class sun/nio/cs/MS1251 done
Event: 6.807 Loading class java/beans/PropertyChangeSupport
Event: 6.807 Loading class java/beans/PropertyChangeSupport done
Event: 6.807 Loading class java/beans/PropertyChangeSupport$PropertyChangeListenerMap
Event: 6.807 Loading class java/beans/ChangeListenerMap
Event: 6.807 Loading class java/beans/ChangeListenerMap done
Event: 6.807 Loading class java/beans/PropertyChangeSupport$PropertyChangeListenerMap done
Event: 6.833 Loading class java/util/zip/ZipFile$ZipEntryIterator
Event: 6.833 Loading class java/util/zip/ZipFile$ZipEntryIterator done
Event: 7.172 Loading class java/util/regex/Pattern$Bound
Event: 7.173 Loading class java/util/regex/Pattern$Bound done
Event: 7.173 Loading class java/util/regex/Pattern$LookBehindEndNode
Event: 7.173 Loading class java/util/regex/Pattern$LookBehindEndNode done
Event: 7.173 Loading class java/util/regex/Pattern$NotBehind
Event: 7.173 Loading class java/util/regex/Pattern$NotBehind done

Classes unloaded (0 events):
No events

Classes redefined (0 events):
No events

Internal exceptions (20 events):
Event: 6.212 Thread 0x000001fe7efc9ab0 Exception <a 'sun/nio/fs/WindowsException'{0x000000008512f8b0}> (0x000000008512f8b0) 
thrown [s\src\hotspot\share\prims\jni.cpp, line 537]
Event: 6.212 Thread 0x000001fe7efc9ab0 Exception <a 'sun/nio/fs/WindowsException'{0x0000000085131460}> (0x0000000085131460) 
thrown [s\src\hotspot\share\prims\jni.cpp, line 537]
Event: 6.271 Thread 0x000001fe7efc9ab0 Exception <a 'sun/nio/fs/WindowsException'{0x0000000084b7e550}> (0x0000000084b7e550) 
thrown [s\src\hotspot\share\prims\jni.cpp, line 537]
Event: 6.302 Thread 0x000001fe7efc9ab0 Exception <a 'java/lang/NoSuchMethodError'{0x000000008474a988}: 'long java.lang.invoke.DirectMethodHandle$Holder.invokeStatic(java.lang.Object)'> (0x000000008474a988) 
thrown [s\src\hotspot\share\interpreter\linkResolver.cpp, line 784]
Event: 6.302 Thread 0x000001fe7efc9ab0 Exception <a 'java/lang/NoSuchMethodError'{0x000000008474f268}: 'long java.lang.invoke.DirectMethodHandle$Holder.invokeStaticInit(java.lang.Object)'> (0x000000008474f268) 
thrown [s\src\hotspot\share\interpreter\linkResolver.cpp, line 784]
Event: 6.340 Thread 0x000001fe7efc9ab0 Exception <a 'java/lang/NoSuchMethodError'{0x000000008f14eeb0}: 'void java.lang.invoke.DirectMethodHandle$Holder.invokeStaticInit(java.lang.Object)'> (0x000000008f14eeb0) 
thrown [s\src\hotspot\share\interpreter\linkResolver.cpp, line 784]
Event: 6.344 Thread 0x000001fe7efc9ab0 Exception <a 'java/lang/NoSuchMethodError'{0x000000008f1d24f0}: 'void java.lang.invoke.DelegatingMethodHandle$Holder.reinvoke_L(java.lang.Object, java.lang.Object, java.lang.Object, long, java.lang.Object)'> (0x000000008f1d24f0) 
thrown [s\src\hotspot\share\interpreter\linkResolver.cpp, line 784]
Event: 6.344 Thread 0x000001fe7efc9ab0 Exception <a 'java/lang/NoSuchMethodError'{0x000000008f1da6f0}: 'java.lang.Object java.lang.invoke.DirectMethodHandle$Holder.invokeSpecial(java.lang.Object, java.lang.Object, java.lang.Object, java.lang.Object, long)'> (0x000000008f1da6f0) 
thrown [s\src\hotspot\share\interpreter\linkResolver.cpp, line 784]
Event: 6.344 Thread 0x000001fe7efc9ab0 Exception <a 'java/lang/NoSuchMethodError'{0x000000008f1ea5a0}: 'int java.lang.invoke.DelegatingMethodHandle$Holder.reinvoke_L(java.lang.Object, java.lang.Object, java.lang.Object, long, java.lang.Object, java.lang.Object)'> (0x000000008f1ea5a0) 
thrown [s\src\hotspot\share\interpreter\linkResolver.cpp, line 784]
Event: 6.345 Thread 0x000001fe7efc9ab0 Exception <a 'java/lang/NoSuchMethodError'{0x000000008f1f9b10}: 'int java.lang.invoke.DelegatingMethodHandle$Holder.reinvoke_L(java.lang.Object, java.lang.Object, java.lang.Object, long, int, int)'> (0x000000008f1f9b10) 
thrown [s\src\hotspot\share\interpreter\linkResolver.cpp, line 784]
Event: 6.345 Thread 0x000001fe7efc9ab0 Exception <a 'java/lang/NoSuchMethodError'{0x000000008f009078}: 'int java.lang.invoke.DelegatingMethodHandle$Holder.reinvoke_L(java.lang.Object, java.lang.Object, java.lang.Object, long, long, long)'> (0x000000008f009078) 
thrown [s\src\hotspot\share\interpreter\linkResolver.cpp, line 784]
Event: 6.345 Thread 0x000001fe7efc9ab0 Exception <a 'java/lang/NoSuchMethodError'{0x000000008f018040}: 'int java.lang.invoke.DelegatingMethodHandle$Holder.reinvoke_L(java.lang.Object, java.lang.Object, java.lang.Object, long, int)'> (0x000000008f018040) 
thrown [s\src\hotspot\share\interpreter\linkResolver.cpp, line 784]
Event: 6.346 Thread 0x000001fe7efc9ab0 Exception <a 'java/lang/NoSuchMethodError'{0x000000008f02e480}: 'void java.lang.invoke.DelegatingMethodHandle$Holder.reinvoke_L(java.lang.Object, java.lang.Object, java.lang.Object, long, java.lang.Object, long, long)'> (0x000000008f02e480) 
thrown [s\src\hotspot\share\interpreter\linkResolver.cpp, line 784]
Event: 6.602 Thread 0x000001fe7efc9ab0 Exception <a 'java/lang/NoSuchMethodError'{0x000000008608c868}: 'java.lang.Object java.lang.invoke.DirectMethodHandle$Holder.invokeStatic(java.lang.Object, java.lang.Object, java.lang.Object, java.lang.Object, int, java.lang.Object)'> (0x000000008608c868) 
thrown [s\src\hotspot\share\interpreter\linkResolver.cpp, line 784]
Event: 6.615 Thread 0x000001fe7efc9ab0 Exception <a 'java/lang/NoSuchMethodError'{0x0000000085f8a000}: 'long java.lang.invoke.DirectMethodHandle$Holder.invokeStatic(java.lang.Object, java.lang.Object, int)'> (0x0000000085f8a000) 
thrown [s\src\hotspot\share\interpreter\linkResolver.cpp, line 784]
Event: 6.615 Thread 0x000001fe7efc9ab0 Exception <a 'java/lang/NoSuchMethodError'{0x0000000085f964c8}: 'java.lang.Object java.lang.invoke.DelegatingMethodHandle$Holder.reinvoke_L(java.lang.Object, int, long, java.lang.Object, java.lang.Object, int, java.lang.Object)'> (0x0000000085f964c8) 
thrown [s\src\hotspot\share\interpreter\linkResolver.cpp, line 784]
Event: 6.764 Thread 0x000001fe7efc9ab0 Exception <a 'java/lang/NoSuchMethodError'{0x0000000084d6c270}: 'java.lang.Object java.lang.invoke.Invokers$Holder.invokeExact_MT(java.lang.Object, java.lang.Object, long, java.lang.Object)'> (0x0000000084d6c270) 
thrown [s\src\hotspot\share\interpreter\linkResolver.cpp, line 784]
Event: 6.833 Thread 0x000001fe7efc9ab0 Implicit null exception at 0x000001fe07da6eeb to 0x000001fe07da7a54
Event: 6.958 Thread 0x000001fe7efc9ab0 Implicit null exception at 0x000001fe07da934c to 0x000001fe07daa254
Event: 6.964 Thread 0x000001fe7efc9ab0 Implicit null exception at 0x000001fe0804f06e to 0x000001fe0805117c

ZGC Phase Switch (0 events):
No events

VM Operations (20 events):
Event: 6.628 Executing VM operation: HandshakeAllThreads (Deoptimize) done
Event: 6.730 Executing VM operation: HandshakeAllThreads (Deoptimize)
Event: 6.731 Executing VM operation: HandshakeAllThreads (Deoptimize) done
Event: 6.798 Executing VM operation: G1CollectForAllocation (G1 Evacuation Pause)
Event: 6.802 Executing VM operation: G1CollectForAllocation (G1 Evacuation Pause) done
Event: 6.804 Executing VM operation: HandshakeAllThreads (Deoptimize)
Event: 6.804 Executing VM operation: HandshakeAllThreads (Deoptimize) done
Event: 6.818 Executing VM operation: G1TryInitiateConcMark (G1 Humongous Allocation)
Event: 6.822 Executing VM operation: G1TryInitiateConcMark (G1 Humongous Allocation) done
Event: 6.843 Executing VM operation: G1PauseRemark
Event: 6.848 Executing VM operation: G1PauseRemark done
Event: 6.859 Executing VM operation: G1PauseCleanup
Event: 6.859 Executing VM operation: G1PauseCleanup done
Event: 6.924 Executing VM operation: HandshakeAllThreads (Deoptimize)
Event: 6.925 Executing VM operation: HandshakeAllThreads (Deoptimize) done
Event: 7.030 Executing VM operation: G1CollectForAllocation (G1 Evacuation Pause)
Event: 7.040 Executing VM operation: G1CollectForAllocation (G1 Evacuation Pause) done
Event: 7.140 Executing VM operation: G1CollectForAllocation (G1 Evacuation Pause)
Event: 7.148 Executing VM operation: G1CollectForAllocation (G1 Evacuation Pause) done
Event: 7.412 Executing VM operation: G1TryInitiateConcMark (G1 Humongous Allocation)

Memory protections (0 events):
No events

Nmethod flushes (20 events):
Event: 6.846 Thread 0x000001fe78a6edc0 flushing  nmethod 0x000001fe00579510
Event: 6.846 Thread 0x000001fe78a6edc0 flushing  nmethod 0x000001fe0057f210
Event: 6.846 Thread 0x000001fe78a6edc0 flushing  nmethod 0x000001fe005ac890
Event: 6.846 Thread 0x000001fe78a6edc0 flushing  nmethod 0x000001fe0069ab90
Event: 6.846 Thread 0x000001fe78a6edc0 flushing  nmethod 0x000001fe0069f690
Event: 6.846 Thread 0x000001fe78a6edc0 flushing  nmethod 0x000001fe006f2690
Event: 6.846 Thread 0x000001fe78a6edc0 flushing  nmethod 0x000001fe008f4490
Event: 6.846 Thread 0x000001fe78a6edc0 flushing  nmethod 0x000001fe008f5b10
Event: 6.846 Thread 0x000001fe78a6edc0 flushing  nmethod 0x000001fe0094cf90
Event: 6.846 Thread 0x000001fe78a6edc0 flushing  nmethod 0x000001fe0094e690
Event: 6.846 Thread 0x000001fe78a6edc0 flushing  nmethod 0x000001fe0094f110
Event: 6.846 Thread 0x000001fe78a6edc0 flushing  nmethod 0x000001fe00950690
Event: 6.846 Thread 0x000001fe78a6edc0 flushing  nmethod 0x000001fe00951490
Event: 6.846 Thread 0x000001fe78a6edc0 flushing  nmethod 0x000001fe00953910
Event: 6.846 Thread 0x000001fe78a6edc0 flushing  nmethod 0x000001fe009e6a10
Event: 6.846 Thread 0x000001fe78a6edc0 flushing  nmethod 0x000001fe009e6e90
Event: 6.846 Thread 0x000001fe78a6edc0 flushing  nmethod 0x000001fe00a4bb10
Event: 6.846 Thread 0x000001fe78a6edc0 flushing  nmethod 0x000001fe00b7e910
Event: 6.846 Thread 0x000001fe78a6edc0 flushing  nmethod 0x000001fe00cabb90
Event: 6.846 Thread 0x000001fe78a6edc0 flushing  nmethod 0x000001fe00cad190

Events (20 events):
Event: 5.664 Thread 0x000001fe7efc9ab0 Thread added: 0x000001fe7d745a10
Event: 5.708 Thread 0x000001fe78cf0980 Thread added: 0x000001fe78cd6eb0
Event: 5.771 Thread 0x000001fe78d12f20 Thread added: 0x000001fe7e2285b0
Event: 5.797 Thread 0x000001fe11e61bc0 Thread added: 0x000001fe12b473f0
Event: 6.070 Thread 0x000001fe12b473f0 Thread exited: 0x000001fe12b473f0
Event: 6.096 Thread 0x000001fe7e2285b0 Thread exited: 0x000001fe7e2285b0
Event: 6.096 Thread 0x000001fe78cd6eb0 Thread exited: 0x000001fe78cd6eb0
Event: 6.109 Thread 0x000001fe11e61bc0 Thread exited: 0x000001fe11e61bc0
Event: 6.109 Thread 0x000001fe7d1dad10 Thread exited: 0x000001fe7d1dad10
Event: 6.110 Thread 0x000001fe7d1f0c70 Thread exited: 0x000001fe7d1f0c70
Event: 6.666 Thread 0x000001fe78cf0980 Thread added: 0x000001fe7d493770
Event: 6.781 Thread 0x000001fe7d493770 Thread exited: 0x000001fe7d493770
Event: 6.849 Thread 0x000001fe78d12460 Thread added: 0x000001fe10216a50
Event: 6.853 Thread 0x000001fe10216a50 Thread added: 0x000001fe10420680
Event: 6.868 Thread 0x000001fe10420680 Thread added: 0x000001fe10e026c0
Event: 6.868 Thread 0x000001fe10420680 Thread added: 0x000001fe10f04540
Event: 6.869 Thread 0x000001fe10f04540 Thread added: 0x000001fe10150810
Event: 6.870 Thread 0x000001fe10216a50 Thread added: 0x000001fe7d6f4780
Event: 6.872 Thread 0x000001fe10216a50 Thread added: 0x000001fe0f420a00
Event: 7.335 Thread 0x000001fe0f420a00 Thread exited: 0x000001fe0f420a00


Dynamic libraries:
0x00007ff7bb670000 - 0x00007ff7bb67a000 	C:\Program Files\Android\Android Studio\jbr\bin\java.exe
0x00007ff80a0a0000 - 0x00007ff80a308000 	C:\WINDOWS\SYSTEM32\ntdll.dll
0x00007fffdf6a0000 - 0x00007fffdf6c0000 	C:\Program Files\AVG\Antivirus\aswhook.dll
0x00007ff8098b0000 - 0x00007ff809979000 	C:\WINDOWS\System32\KERNEL32.DLL
0x00007ff8072b0000 - 0x00007ff8076a1000 	C:\WINDOWS\System32\KERNELBASE.dll
0x00007ff807760000 - 0x00007ff8078ab000 	C:\WINDOWS\System32\ucrtbase.dll
0x00007fffe19e0000 - 0x00007fffe19fb000 	C:\Program Files\Android\Android Studio\jbr\bin\VCRUNTIME140.dll
0x00007fffd6930000 - 0x00007fffd6948000 	C:\Program Files\Android\Android Studio\jbr\bin\jli.dll
0x00007ff8085e0000 - 0x00007ff8087a6000 	C:\WINDOWS\System32\USER32.dll
0x00007fffe0eb0000 - 0x00007fffe1143000 	C:\WINDOWS\WinSxS\amd64_microsoft.windows.common-controls_6595b64144ccf1df_6.0.26100.7705_none_3e06597ae3363b04\COMCTL32.dll
0x00007ff807280000 - 0x00007ff8072a7000 	C:\WINDOWS\System32\win32u.dll
0x00007ff809eb0000 - 0x00007ff809edb000 	C:\WINDOWS\System32\GDI32.dll
0x00007ff807af0000 - 0x00007ff807c1b000 	C:\WINDOWS\System32\gdi32full.dll
0x00007ff807d90000 - 0x00007ff807e33000 	C:\WINDOWS\System32\msvcp_win.dll
0x00007ff8091e0000 - 0x00007ff809289000 	C:\WINDOWS\System32\msvcrt.dll
0x00007ff8082e0000 - 0x00007ff808311000 	C:\WINDOWS\System32\IMM32.DLL
0x00007ff800df0000 - 0x00007ff800dfc000 	C:\Program Files\Android\Android Studio\jbr\bin\vcruntime140_1.dll
0x00007fffa08b0000 - 0x00007fffa093d000 	C:\Program Files\Android\Android Studio\jbr\bin\msvcp140.dll
0x00007fff11e00000 - 0x00007fff12a96000 	C:\Program Files\Android\Android Studio\jbr\bin\server\jvm.dll
0x00007ff8097d0000 - 0x00007ff809884000 	C:\WINDOWS\System32\ADVAPI32.dll
0x00007ff808450000 - 0x00007ff8084f6000 	C:\WINDOWS\System32\sechost.dll
0x00007ff809410000 - 0x00007ff809528000 	C:\WINDOWS\System32\RPCRT4.dll
0x00007ff809f50000 - 0x00007ff809fc4000 	C:\WINDOWS\System32\WS2_32.dll
0x00007ff8055a0000 - 0x00007ff8055fe000 	C:\WINDOWS\SYSTEM32\POWRPROF.dll
0x00007ff800040000 - 0x00007ff800075000 	C:\WINDOWS\SYSTEM32\WINMM.dll
0x00007ff8012c0000 - 0x00007ff8012cb000 	C:\WINDOWS\SYSTEM32\VERSION.dll
0x00007ff805580000 - 0x00007ff805594000 	C:\WINDOWS\SYSTEM32\UMPDC.dll
0x00007ff805850000 - 0x00007ff80586b000 	C:\WINDOWS\SYSTEM32\kernel.appcore.dll
0x00007fffe19d0000 - 0x00007fffe19da000 	C:\Program Files\Android\Android Studio\jbr\bin\jimage.dll
0x00007ff804830000 - 0x00007ff804a72000 	C:\WINDOWS\SYSTEM32\DBGHELP.DLL
0x00007ff809b20000 - 0x00007ff809ea6000 	C:\WINDOWS\System32\combase.dll
0x00007ff808f90000 - 0x00007ff809067000 	C:\WINDOWS\System32\OLEAUT32.dll
0x00007ffff4850000 - 0x00007ffff488b000 	C:\WINDOWS\SYSTEM32\dbgcore.DLL
0x00007ff8076b0000 - 0x00007ff807755000 	C:\WINDOWS\System32\bcryptPrimitives.dll
0x00007ff801630000 - 0x00007ff80163e000 	C:\Program Files\Android\Android Studio\jbr\bin\instrument.dll
0x00007fffb35b0000 - 0x00007fffb35d0000 	C:\Program Files\Android\Android Studio\jbr\bin\java.dll
0x00007fffb3590000 - 0x00007fffb35a8000 	C:\Program Files\Android\Android Studio\jbr\bin\zip.dll
0x00007ff808830000 - 0x00007ff808f81000 	C:\WINDOWS\System32\SHELL32.dll
0x00007ff807c20000 - 0x00007ff807d8a000 	C:\WINDOWS\System32\wintypes.dll
0x00007ff806980000 - 0x00007ff8071e2000 	C:\WINDOWS\System32\windows.storage.dll
0x00007ff809290000 - 0x00007ff809386000 	C:\WINDOWS\System32\SHCORE.dll
0x00007ff809760000 - 0x00007ff8097c7000 	C:\WINDOWS\System32\shlwapi.dll
0x00007ff8068a0000 - 0x00007ff8068c9000 	C:\WINDOWS\SYSTEM32\profapi.dll
0x00007fffe19c0000 - 0x00007fffe19d0000 	C:\Program Files\Android\Android Studio\jbr\bin\net.dll
0x00007ffff65a0000 - 0x00007ffff66c7000 	C:\WINDOWS\SYSTEM32\WINHTTP.dll
0x00007ff805dc0000 - 0x00007ff805e2b000 	C:\WINDOWS\system32\mswsock.dll
0x00007fffab760000 - 0x00007fffab776000 	C:\Program Files\Android\Android Studio\jbr\bin\nio.dll
0x00007fffdd340000 - 0x00007fffdd350000 	C:\Program Files\Android\Android Studio\jbr\bin\verify.dll
0x00007fffa05e0000 - 0x00007fffa0607000 	C:\Users\ASUS\.gradle\native\1def1411415f61bf3af743bc5b6707747c0891f09f0c88961ee8f79bc544acac\windows-amd64\native-platform.dll
0x00007fff9f9a0000 - 0x00007fff9fa18000 	C:\Users\ASUS\.gradle\native\0.2.7\x86_64-windows-gnu\gradle-fileevents.dll
0x00007fffe0330000 - 0x00007fffe0339000 	C:\Program Files\Android\Android Studio\jbr\bin\management.dll
0x00007fffe0030000 - 0x00007fffe003b000 	C:\Program Files\Android\Android Studio\jbr\bin\management_ext.dll
0x00007ff8082d0000 - 0x00007ff8082d8000 	C:\WINDOWS\System32\PSAPI.DLL
0x00007ff805190000 - 0x00007ff8051c4000 	C:\WINDOWS\SYSTEM32\IPHLPAPI.DLL
0x00007ff8085c0000 - 0x00007ff8085ca000 	C:\WINDOWS\System32\NSI.dll
0x00007fffe0410000 - 0x00007fffe0419000 	C:\Program Files\Android\Android Studio\jbr\bin\extnet.dll
0x00007ff806090000 - 0x00007ff8060ab000 	C:\WINDOWS\SYSTEM32\CRYPTSP.dll
0x00007ff8057b0000 - 0x00007ff8057e9000 	C:\WINDOWS\system32\rsaenh.dll
0x00007ff805e70000 - 0x00007ff805e9b000 	C:\WINDOWS\SYSTEM32\USERENV.dll
0x00007ff806870000 - 0x00007ff80689a000 	C:\WINDOWS\SYSTEM32\bcrypt.dll
0x00007ff806080000 - 0x00007ff80608c000 	C:\WINDOWS\SYSTEM32\CRYPTBASE.dll
0x00007fffd3280000 - 0x00007fffd3288000 	C:\WINDOWS\system32\wshunix.dll

JVMTI agents:
C:\Users\ASUS\.gradle\wrapper\dists\gradle-8.13-bin\5xuhj0ry160q40clulazy9h7d\gradle-8.13\lib\agents\gradle-instrumentation-agent-8.13.jar path:C:\Program Files\Android\Android Studio\jbr\bin\instrument.dll, loaded, initialized, instrumentlib options:none

dbghelp: loaded successfully - version: 4.0.5 - missing functions: none
symbol engine: initialized successfully - sym options: 0x614 - pdb path: .;C:\Program Files\Android\Android Studio\jbr\bin;C:\WINDOWS\SYSTEM32;C:\Program Files\AVG\Antivirus;C:\WINDOWS\WinSxS\amd64_microsoft.windows.common-controls_6595b64144ccf1df_6.0.26100.7705_none_3e06597ae3363b04;C:\Program Files\Android\Android Studio\jbr\bin\server;C:\Users\ASUS\.gradle\native\1def1411415f61bf3af743bc5b6707747c0891f09f0c88961ee8f79bc544acac\windows-amd64;C:\Users\ASUS\.gradle\native\0.2.7\x86_64-windows-gnu

VM Arguments:
jvm_args: --add-opens=java.base/java.lang=ALL-UNNAMED --add-opens=java.base/java.lang.invoke=ALL-UNNAMED --add-opens=java.base/java.util=ALL-UNNAMED --add-opens=java.prefs/java.util.prefs=ALL-UNNAMED --add-exports=jdk.compiler/com.sun.tools.javac.api=ALL-UNNAMED --add-exports=jdk.compiler/com.sun.tools.javac.util=ALL-UNNAMED --add-opens=java.base/java.util=ALL-UNNAMED --add-opens=java.prefs/java.util.prefs=ALL-UNNAMED --add-opens=java.base/java.nio.charset=ALL-UNNAMED --add-opens=java.base/java.net=ALL-UNNAMED --add-opens=java.base/java.util.concurrent.atomic=ALL-UNNAMED --add-opens=java.xml/javax.xml.namespace=ALL-UNNAMED -Xmx2048m -Dfile.encoding=UTF-8 -Duser.country=IN -Duser.language=en -Duser.variant -javaagent:C:\Users\ASUS\.gradle\wrapper\dists\gradle-8.13-bin\5xuhj0ry160q40clulazy9h7d\gradle-8.13\lib\agents\gradle-instrumentation-agent-8.13.jar 
java_command: org.gradle.launcher.daemon.bootstrap.GradleDaemon 8.13
java_class_path (initial): C:\Users\ASUS\.gradle\wrapper\dists\gradle-8.13-bin\5xuhj0ry160q40clulazy9h7d\gradle-8.13\lib\gradle-daemon-main-8.13.jar
Launcher Type: SUN_STANDARD

[Global flags]
     intx CICompilerCount                          = 12                                        {product} {ergonomic}
     uint ConcGCThreads                            = 3                                         {product} {ergonomic}
     uint G1ConcRefinementThreads                  = 13                                        {product} {ergonomic}
   size_t G1HeapRegionSize                         = 1048576                                   {product} {ergonomic}
    uintx GCDrainStackTargetSize                   = 64                                        {product} {ergonomic}
   size_t InitialHeapSize                          = 264241152                                 {product} {ergonomic}
   size_t MarkStackSize                            = 4194304                                   {product} {ergonomic}
   size_t MaxHeapSize                              = 2147483648                                {product} {command line}
   size_t MaxNewSize                               = 1287651328                                {product} {ergonomic}
   size_t MinHeapDeltaBytes                        = 1048576                                   {product} {ergonomic}
   size_t MinHeapSize                              = 8388608                                   {product} {ergonomic}
    uintx NonNMethodCodeHeapSize                   = 7602480                                {pd product} {ergonomic}
    uintx NonProfiledCodeHeapSize                  = 122027880                              {pd product} {ergonomic}
    uintx ProfiledCodeHeapSize                     = 122027880                              {pd product} {ergonomic}
    uintx ReservedCodeCacheSize                    = 251658240                              {pd product} {ergonomic}
     bool SegmentedCodeCache                       = true                                      {product} {ergonomic}
   size_t SoftMaxHeapSize                          = 2147483648                             {manageable} {ergonomic}
     bool UseCompressedOops                        = true                           {product lp64_product} {ergonomic}
     bool UseG1GC                                  = true                                      {product} {ergonomic}
     bool UseLargePagesIndividualAllocation        = false                                  {pd product} {ergonomic}

Logging:
Log output configuration:
 #0: stdout all=warning uptime,level,tags foldmultilines=false
 #1: stderr all=off uptime,level,tags foldmultilines=false

Environment Variables:
JAVA_HOME=C:\Users\ASUS\Downloads\openjdk-24.0.1_windows-x64_bin\jdk-24.0.1
PATH=C:\app\ASUS\product\21c\dbhomeXE\bin;C:\Program Files\Eclipse Adoptium\jdk-8.0.452.9-hotspot\bin;C:\Users\ASUS\Downloads\openjdk-24.0.1_windows-x64_bin\jdk-24.0.1\bin;C:\Windows\system32;C:\Windows;C:\Windows\System32\Wbem;C:\Windows\System32\WindowsPowerShell\v1.0\;C:\Windows\System32\OpenSSH\;C:\Program Files (x86)\NVIDIA Corporation\PhysX\Common;C:\Program Files\NVIDIA Corporation\NVIDIA NvDLISR;C:\MinGW\bin;C:\Users\ASUS\OneDrive\Desktop\flutter_windows_3.13.9-stable\flutter\bin;C:\Program Files\Git\cmd;D:\Program Files\nodejs\;C:\WINDOWS\system32;C:\WINDOWS;C:\WINDOWS\System32\Wbem;C:\WINDOWS\System32\WindowsPowerShell\v1.0\;C:\WINDOWS\System32\OpenSSH\;D:\DockerPrograms\resources\bin;C:\Users\ASUS\AppData\Local\Microsoft\WindowsApps;C:\Users\ASUS\AppData\Local\Programs\Microsoft VS Code\bin;C:\MinGW;;D:\Program Files\JetBrains\PyCharm 2024.3.1.1\bin;;C:\Users\ASUS\AppData\Roaming\npm
USERNAME=ASUS
OS=Windows_NT
PROCESSOR_IDENTIFIER=Intel64 Family 6 Model 154 Stepping 3, GenuineIntel
TMP=C:\Users\ASUS\AppData\Local\Temp
TEMP=C:\Users\ASUS\AppData\Local\Temp




Periodic native trim disabled

JNI global refs:
JNI global refs: 35, weak refs: 0

JNI global refs memory usage: 835, weak refs: 833

Process memory usage:
Resident Set Size: 424096K (2% of 16388964K total physical memory with 2134460K free physical memory)

OOME stack traces (most recent first):
Classloader memory used:
Loader org.gradle.internal.classloader.VisitableURLClassLoader                         : 57790K
Loader bootstrap                                                                       : 24017K
Loader org.gradle.initialization.MixInLegacyTypesClassLoader                           : 11120K
Loader jdk.internal.loader.ClassLoaders$PlatformClassLoader                            : 536K
Loader jdk.internal.jrtfs.JrtFileSystemProvider$JrtFsLoader                            : 327K
Loader jdk.internal.loader.ClassLoaders$AppClassLoader                                 : 235K
Loader jdk.internal.reflect.DelegatingClassLoader                                      : 151K
Loader org.gradle.internal.classloader.VisitableURLClassLoader                         : 147K
Loader org.gradle.groovy.scripts.internal.DefaultScriptCompilationHandler$ScriptClassLoader: 123K
Loader org.gradle.internal.classloader.VisitableURLClassLoader$InstrumentingVisitableURLClassLoader: 46816B
Loader org.codehaus.groovy.runtime.callsite.CallSiteClassLoader                        : 17272B

Classes loaded by more than one classloader:
Class Program                                                                         : loaded 3 times (x 72B)
Class jdk.internal.jimage.BasicImageReader                                            : loaded 2 times (x 95B)
Class org.gradle.internal.classloader.ClassLoaderHierarchy                            : loaded 2 times (x 70B)
Class org.gradle.api.internal.classpath.ManifestUtil                                  : loaded 2 times (x 71B)
Class jdk.internal.jimage.decompressor.StringSharingDecompressorFactory               : loaded 2 times (x 74B)
Class org.gradle.internal.classloader.DefaultClassLoaderFactory                       : loaded 2 times (x 82B)
Class org.gradle.internal.classloader.ClassLoaderVisitor                              : loaded 2 times (x 76B)
Class org.gradle.api.internal.classpath.EffectiveClassPath                            : loaded 2 times (x 90B)
Class org.gradle.api.internal.DefaultClassPathProvider                                : loaded 2 times (x 76B)
Class [Lorg.gradle.api.internal.ClassPathProvider;                                    : loaded 2 times (x 69B)
Class org.gradle.api.internal.ClassPathProvider                                       : loaded 2 times (x 70B)
Class jdk.internal.jrtfs.SystemImage                                                  : loaded 2 times (x 74B)
Class ijJvmDebugger1_67j0rdhc5f3pdfpbc552lu4k0$_run_closure1$_closure2                : loaded 2 times (x 140B)
Class org.gradle.internal.service.UnknownServiceException                             : loaded 2 times (x 83B)
Class org.gradle.internal.classpath.TransformedClassPath                              : loaded 2 times (x 96B)
Class org.gradle.internal.classloader.InstrumentingClassLoader                        : loaded 2 times (x 70B)
Class jdk.internal.jrtfs.SystemImage$1                                                : loaded 2 times (x 78B)
Class jdk.internal.jrtfs.SystemImage$2                                                : loaded 2 times (x 76B)
Class org.gradle.internal.service.ServiceLocator                                      : loaded 2 times (x 70B)
Class jdk.internal.jrtfs.JrtFileSystemProvider                                        : loaded 2 times (x 101B)
Class jdk.internal.jimage.ImageLocation                                               : loaded 2 times (x 90B)
Class jdk.internal.jrtfs.JrtDirectoryStream$1                                         : loaded 2 times (x 83B)
Class org.gradle.internal.InternalTransformer                                         : loaded 2 times (x 70B)
Class jdk.internal.jimage.ImageBufferCache$1                                          : loaded 2 times (x 83B)
Class org.gradle.internal.classloader.ClasspathUtil$1                                 : loaded 2 times (x 76B)
Class jdk.internal.jimage.ImageBufferCache$2                                          : loaded 2 times (x 91B)
Class org.gradle.api.internal.classpath.DefaultModuleRegistry$DefaultModule           : loaded 2 times (x 86B)
Class org.gradle.api.internal.classpath.Module                                        : loaded 2 times (x 70B)
Class org.gradle.api.internal.classpath.UnknownModuleException                        : loaded 2 times (x 82B)
Class jdk.internal.jimage.ImageHeader                                                 : loaded 2 times (x 71B)
Class ijKotlinCoroutineJvmDebugInit1_6pd8bykokncmlvqjhm5zo12gr$_run_closure1          : loaded 2 times (x 139B)
Class org.gradle.api.internal.DefaultClassPathRegistry                                : loaded 2 times (x 76B)
Class org.gradle.api.internal.ClassPathRegistry                                       : loaded 2 times (x 70B)
Class org.gradle.internal.classpath.DefaultClassPath$ImmutableUniqueList              : loaded 2 times (x 199B)
Class jdk.internal.jimage.decompressor.ResourceDecompressor                           : loaded 2 times (x 70B)
Class org.gradle.internal.classloader.FilteringClassLoader                            : loaded 2 times (x 105B)
Class Settings_gradle$1                                                               : loaded 2 times (x 74B)
Class org.gradle.internal.classpath.ClassPath                                         : loaded 2 times (x 70B)
Class org.gradle.api.UncheckedIOException                                             : loaded 2 times (x 82B)
Class jdk.internal.jimage.ImageStringsReader                                          : loaded 2 times (x 80B)
Class jdk.internal.jimage.ImageReader                                                 : loaded 2 times (x 75B)
Class jdk.internal.jimage.ImageReader$SharedImageReader                               : loaded 2 times (x 95B)
Class org.gradle.internal.installation.GradleInstallation$1                           : loaded 2 times (x 75B)
Class org.gradle.api.internal.classpath.ModuleRegistry                                : loaded 2 times (x 70B)
Class jdk.internal.jimage.decompressor.ResourceDecompressorFactory                    : loaded 2 times (x 74B)
Class jdk.internal.jimage.ImageReader$Node                                            : loaded 2 times (x 84B)
Class org.gradle.api.internal.classpath.DefaultModuleRegistry                         : loaded 2 times (x 86B)
Class jdk.internal.jimage.BasicImageReader$1                                          : loaded 2 times (x 77B)
Class jdk.internal.jimage.decompressor.Decompressor                                   : loaded 2 times (x 72B)
Class jdk.internal.jimage.ImageReader$Resource                                        : loaded 2 times (x 84B)
Class org.gradle.internal.service.ServiceLookupException                              : loaded 2 times (x 82B)
Class jdk.internal.jrtfs.JrtFileAttributes                                            : loaded 2 times (x 83B)
Class org.gradle.internal.classloader.ClassLoaderFactory                              : loaded 2 times (x 70B)
Class org.gradle.internal.service.CachingServiceLocator                               : loaded 2 times (x 82B)
Class jdk.internal.jimage.ImageBufferCache                                            : loaded 2 times (x 71B)
Class jdk.internal.jrtfs.JrtPath                                                      : loaded 2 times (x 118B)
Class org.gradle.internal.classloader.ClasspathUtil                                   : loaded 2 times (x 71B)
Class org.gradle.api.specs.Spec                                                       : loaded 2 times (x 70B)
Class jdk.internal.jimage.ImageReader$SharedImageReader$LocationVisitor               : loaded 2 times (x 70B)
Class jdk.internal.jimage.decompressor.ResourceDecompressorRepository                 : loaded 2 times (x 71B)
Class jdk.internal.jimage.ImageReader$Directory                                       : loaded 2 times (x 84B)
Class org.gradle.internal.classloader.VisitableURLClassLoader$InstrumentingVisitableURLClassLoader: loaded 2 times (x 123B)
Class org.gradle.internal.classloader.VisitableURLClassLoader$Spec                    : loaded 2 times (x 74B)
Class org.gradle.internal.classpath.DefaultClassPath                                  : loaded 2 times (x 90B)
Class jdk.internal.jimage.decompressor.ZipDecompressorFactory                         : loaded 2 times (x 74B)
Class org.gradle.internal.classloader.ClassLoaderSpec                                 : loaded 2 times (x 71B)
Class Settings_gradle$1$1                                                             : loaded 2 times (x 74B)
Class org.gradle.internal.classloader.VisitableURLClassLoader                         : loaded 2 times (x 117B)
Class Settings_gradle                                                                 : loaded 2 times (x 128B)
Class org.gradle.internal.Cast                                                        : loaded 2 times (x 71B)
Class org.gradle.api.Action                                                           : loaded 2 times (x 70B)
Class jdk.internal.jimage.decompressor.ZipDecompressor                                : loaded 2 times (x 75B)
Class ijJvmDebugger1_67j0rdhc5f3pdfpbc552lu4k0                                        : loaded 2 times (x 179B)
Class org.gradle.internal.classpath.DefaultClassPath$ImmutableUniqueList$Builder      : loaded 2 times (x 75B)
Class org.gradle.api.GradleException                                                  : loaded 2 times (x 82B)
Class jdk.internal.jimage.ImageStrings                                                : loaded 2 times (x 70B)
Class org.gradle.internal.IoActions                                                   : loaded 2 times (x 71B)
Class org.gradle.internal.classloader.SystemClassLoaderSpec                           : loaded 2 times (x 71B)
Class ijJvmDebugger1_67j0rdhc5f3pdfpbc552lu4k0$_run_closure1                          : loaded 2 times (x 139B)
Class jdk.internal.jrtfs.JrtFileSystem                                                : loaded 2 times (x 102B)
Class jdk.internal.jimage.decompressor.CompressedResourceHeader                       : loaded 2 times (x 71B)
Class ijKotlinCoroutineJvmDebugInit1_6pd8bykokncmlvqjhm5zo12gr$_run_closure1$_closure2: loaded 2 times (x 139B)
Class org.gradle.api.internal.classpath.GlobalCacheRootsProvider                      : loaded 2 times (x 70B)
Class org.gradle.internal.installation.CurrentGradleInstallationLocator               : loaded 2 times (x 71B)
Class org.gradle.internal.service.DefaultServiceLocator                               : loaded 2 times (x 83B)
Class jdk.internal.jrtfs.JrtDirectoryStream                                           : loaded 2 times (x 89B)
Class ijKotlinCoroutineJvmDebugInit1_6pd8bykokncmlvqjhm5zo12gr                        : loaded 2 times (x 179B)
Class org.gradle.internal.installation.CurrentGradleInstallation                      : loaded 2 times (x 73B)
Class org.gradle.util.internal.GUtil                                                  : loaded 2 times (x 71B)
Class org.gradle.internal.installation.GradleInstallation                             : loaded 2 times (x 75B)
Class jdk.internal.jimage.decompressor.ResourceDecompressor$StringsProvider           : loaded 2 times (x 70B)

---------------  S Y S T E M  ---------------

OS:
 Windows 11 , 64 bit Build 26100 (10.0.26100.7705)
OS uptime: 3 days 2:28 hours
Hyper-V role detected

CPU: total 16 (initial active 16) (8 cores per cpu, 2 threads per core) family 6 model 154 stepping 3 microcode 0x423, cx8, cmov, fxsr, ht, mmx, 3dnowpref, sse, sse2, sse3, ssse3, sse4.1, sse4.2, popcnt, lzcnt, tsc, tscinvbit, avx, avx2, aes, erms, clmul, bmi1, bmi2, adx, sha, fma, vzeroupper, clflush, clflushopt, clwb, hv, serialize, rdtscp, rdpid, fsrm, f16c, cet_ibt, cet_ss
Processor Information for the first 16 processors :
  Max Mhz: 2500, Current Mhz: 2500, Mhz Limit: 2500

Memory: 4k page, system-wide physical 16004M (2084M free)
TotalPageFile size 28276M (AvailPageFile size 24M)
current process WorkingSet (physical memory assigned to process): 414M, peak: 414M
current process commit charge ("private bytes"): 461M, peak: 517M

vm_info: OpenJDK 64-Bit Server VM (21.0.8+-14196175-b1038.72) for windows-amd64 JRE (21.0.8+-14196175-b1038.72), built on 2025-10-01T10:24:33Z by "builder" with MS VC++ 16.10 / 16.11 (VS2019)

END.
